{"iteration": 0}
{"iteration": 1}
{"reset": null, "iteration": 2, "predictions": -8826.6036450211741, "current": [-1.2997462479109736, -1.5519656831082993, -0.9972640167606985], "train": true, "truth": 2064}
{"reset": null, "iteration": 3, "predictions": -8647.1730708240993, "current": [-1.5275694098671955, -1.479781232731169, -0.9972640167606985], "train": true, "truth": 2221}
{"reset": null, "iteration": 4, "predictions": -5621.705535591509, "current": [-1.6501306475733741, -1.407596782354039, -0.9972640167606985], "train": true, "truth": 2158}
{"reset": null, "iteration": 5, "predictions": -2524.2547000314098, "current": [-1.7889649682764257, -1.3354123319769087, -0.9972640167606985], "train": true, "truth": 2515}
{"reset": null, "iteration": 6, "predictions": 149.77414070592931, "current": [-1.8628535613433084, -1.2632278815997784, -0.9972640167606985], "train": true, "truth": 4364}
{"reset": null, "iteration": 7, "predictions": 1880.6617424669112, "current": [-1.9075678884968783, -1.1910434312226483, -0.9972640167606985], "train": true, "truth": 6526}
{"reset": null, "iteration": 8, "predictions": 2694.708926159019, "current": [-1.8845510053391392, -1.118858980845518, -0.9972640167606985], "train": true, "truth": 11039}
{"reset": null, "iteration": 9, "predictions": 3567.2465664329266, "current": [-1.8937870794724994, -1.046674530468388, -0.9972640167606985], "train": true, "truth": 13857}
{"reset": null, "iteration": 10, "predictions": 4469.9020811209903, "current": [-1.8414493260501241, -0.9744900800912577, -0.9972640167606985], "train": true, "truth": 15865}
{"reset": null, "iteration": 11, "predictions": 5150.4296796058643, "current": [-1.5703778804535642, -0.9023056297141275, -0.9972640167606985], "train": true, "truth": 17920}
{"reset": null, "iteration": 12, "predictions": 5979.8731776003806, "current": [-1.2534192728928486, -0.8301211793369973, -0.9972640167606985], "train": true, "truth": 20346}
{"reset": null, "iteration": 13, "predictions": 7019.1631515144081, "current": [-0.5917938353713368, -0.7579367289598671, -0.9972640167606985], "train": true, "truth": 19539}
{"reset": null, "iteration": 14, "predictions": 9198.6555020856504, "current": [-0.17866277334261518, -0.6857522785827369, -0.9972640167606985], "train": true, "truth": 20107}
{"reset": null, "iteration": 15, "predictions": 6805.637177407154, "current": [0.11571876411433049, -0.6135678282056067, -0.9972640167606985], "train": true, "truth": 18984}
{"reset": null, "iteration": 16, "predictions": 11184.904253131052, "current": [0.41699070608346567, -0.5413833778284765, -0.9972640167606985], "train": true, "truth": 17720}
{"reset": null, "iteration": 17, "predictions": 12722.344737088722, "current": [0.7726528623935006, -0.4691989274513463, -0.9972640167606985], "train": true, "truth": 17249}
{"reset": null, "iteration": 18, "predictions": 17306.977032094084, "current": [0.6543431508756943, -0.3970144770742161, -0.9972640167606985], "train": true, "truth": 18463}
{"reset": null, "iteration": 19, "predictions": 18034.286571765057, "current": [0.7376144224272606, -0.3248300266970859, -0.9972640167606985], "train": true, "truth": 18908}
{"reset": null, "iteration": 20, "predictions": 14429.278487955429, "current": [0.5729777358913293, -0.2526455763199557, -0.9972640167606985], "train": true, "truth": 18886}
{"reset": null, "iteration": 21, "predictions": 10363.544348619293, "current": [0.38766983581882963, -0.18046112594282548, -0.9972640167606985], "train": true, "truth": 18178}
{"reset": null, "iteration": 22, "predictions": 15665.315295247961, "current": [0.3186191863456118, -0.1082766755656953, -0.9972640167606985], "train": true, "truth": 19459}
{"reset": null, "iteration": 23, "predictions": 10075.740658236788, "current": [0.4965968688519525, -0.0360922251885651, -0.9972640167606985], "train": true, "truth": 19546}
{"reset": null, "iteration": 24, "predictions": 20362.95072988766, "current": [0.5618358051907676, 0.0360922251885651, -0.9972640167606985], "train": true, "truth": 20591}
{"reset": null, "iteration": 25, "predictions": 15885.14431066729, "current": [0.5586105094616577, 0.1082766755656953, -0.9972640167606985], "train": true, "truth": 19380}
{"reset": null, "iteration": 26, "predictions": 18540.678823261704, "current": [0.4548146287248461, 0.18046112594282548, -0.9972640167606985], "train": true, "truth": 18544}
{"reset": null, "iteration": 27, "predictions": 12437.213987136451, "current": [0.6426148027698398, 0.2526455763199557, -0.9972640167606985], "train": true, "truth": 16228}
{"reset": null, "iteration": 28, "predictions": 19021.613283307172, "current": [0.6553693813349565, 0.3248300266970859, -0.9972640167606985], "train": true, "truth": 15013}
{"reset": null, "iteration": 29, "predictions": 13763.482942923019, "current": [0.8085709284676798, 0.3970144770742161, -0.9972640167606985], "train": true, "truth": 17203}
{"reset": null, "iteration": 30, "predictions": 16907.047001832863, "current": [0.6310330590153086, 0.4691989274513463, -0.9972640167606985], "train": true, "truth": 19525}
{"reset": null, "iteration": 31, "predictions": 16239.409589179442, "current": [0.50847182130913, 0.5413833778284765, -0.9972640167606985], "train": true, "truth": 22966}
{"reset": null, "iteration": 32, "predictions": 17038.261040447964, "current": [0.16893614364464488, 0.6135678282056067, -0.9972640167606985], "train": true, "truth": 27598}
{"reset": null, "iteration": 33, "predictions": 17572.098449323945, "current": [-0.009188143213018968, 0.6857522785827369, -0.9972640167606985], "train": true, "truth": 26827}
{"reset": null, "iteration": 34, "predictions": 21544.690278054077, "current": [0.31187538618474553, 0.7579367289598671, -0.9972640167606985], "train": true, "truth": 24904}
{"reset": null, "iteration": 35, "predictions": 25648.194990075222, "current": [0.6522906899571698, 0.8301211793369973, -0.9972640167606985], "train": true, "truth": 22875}
{"reset": null, "iteration": 36, "predictions": 19702.699371256564, "current": [1.1567562628602326, 0.9023056297141275, -0.9972640167606985], "train": true, "truth": 20394}
{"reset": null, "iteration": 37, "predictions": 42015.199678554694, "current": [1.8358276181892028, 0.9744900800912577, -0.9972640167606985], "train": true, "truth": 23401}
{"reset": null, "iteration": 38, "predictions": 35326.970797074602, "current": [1.7227956633190311, 1.046674530468388, -0.9972640167606985], "train": true, "truth": 24439}
{"reset": null, "iteration": 39, "predictions": 33887.339977013638, "current": [1.4408754957245555, 1.118858980845518, -0.9972640167606985], "train": true, "truth": 23318}
{"reset": null, "iteration": 40, "predictions": 31342.493349088967, "current": [1.1434152668898232, 1.1910434312226483, -0.9972640167606985], "train": true, "truth": 21733}
{"reset": null, "iteration": 41, "predictions": 29421.023336258211, "current": [0.7796898712570133, 1.2632278815997784, -0.9972640167606985], "train": true, "truth": 20104}
{"reset": null, "iteration": 42, "predictions": 30245.528414301338, "current": [1.220529155685816, 1.3354123319769087, -0.9972640167606985], "train": true, "truth": 16111}
{"reset": null, "iteration": 43, "predictions": 28395.620288026548, "current": [1.372704472359277, 1.407596782354039, -0.9972640167606985], "train": true, "truth": 13370}
{"reset": null, "iteration": 44, "predictions": 24871.394430467131, "current": [1.2083609945259919, 1.479781232731169, -0.9972640167606985], "train": true, "truth": 9945}
{"reset": null, "iteration": 45, "predictions": 23764.06308628447, "current": [0.9759930976787514, 1.5519656831082993, -0.9972640167606985], "train": true, "truth": 7571}
{"reset": null, "iteration": 46, "predictions": 21236.230261781639, "current": [0.737174609373291, 1.6241501334854294, -0.9972640167606985], "train": true, "truth": 5917}
{"reset": null, "iteration": 47, "predictions": 19206.835508227781, "current": [0.1517834345398328, 1.6963345838625596, -0.9972640167606985], "train": true, "truth": 4820}
{"reset": null, "iteration": 48, "predictions": 17442.000247828866, "current": [-0.2500590924370039, -1.6963345838625596, -0.49726214022545817], "train": true, "truth": 3634}
{"reset": null, "iteration": 49, "predictions": 6340.0741261718995, "current": [-0.7521789957188958, -1.6241501334854294, -0.49726214022545817], "train": true, "truth": 2993}
{"reset": null, "iteration": 50, "predictions": 13812.467623824521, "current": [-1.1002177257601256, -1.5519656831082993, -0.49726214022545817], "train": true, "truth": 2535}
{"reset": null, "iteration": 51, "predictions": -4027.6577625755363, "current": [-1.3427013228486653, -1.479781232731169, -0.49726214022545817], "train": true, "truth": 2570}
{"reset": null, "iteration": 52, "predictions": -8964.8365379796214, "current": [-1.503526296250194, -1.407596782354039, -0.49726214022545817], "train": true, "truth": 2485}
{"reset": null, "iteration": 53, "predictions": -4150.3512210027056, "current": [-1.6773990569194857, -1.3354123319769087, -0.49726214022545817], "train": true, "truth": 2868}
{"reset": null, "iteration": 54, "predictions": -4339.266305837964, "current": [-1.771372446117644, -1.2632278815997784, -0.49726214022545817], "train": true, "truth": 4482}
{"reset": null, "iteration": 55, "predictions": -1810.7604142334112, "current": [-1.8385172390236606, -1.1910434312226483, -0.49726214022545817], "train": true, "truth": 6788}
{"reset": null, "iteration": 56, "predictions": -533.79180849382101, "current": [-1.8333860867273493, -1.118858980845518, -0.49726214022545817], "train": true, "truth": 11078}
{"reset": null, "iteration": 57, "predictions": 6552.1529843497374, "current": [-1.8458474565898195, -1.046674530468388, -0.49726214022545817], "train": true, "truth": 13729}
{"reset": null, "iteration": 58, "predictions": 12938.769075204775, "current": [-1.7896979900330416, -0.9744900800912577, -0.49726214022545817], "train": true, "truth": 16700}
{"reset": null, "iteration": 59, "predictions": 15237.93104080659, "current": [-1.5530785669974287, -0.9023056297141275, -0.49726214022545817], "train": true, "truth": 19156}
{"reset": null, "iteration": 60, "predictions": 21848.653223676647, "current": [-1.2150089328461755, -0.8301211793369973, -0.49726214022545817], "train": true, "truth": 19953}
{"reset": null, "iteration": 61, "predictions": 22532.253199740149, "current": [-0.5860762656697328, -0.7579367289598671, -0.49726214022545817], "train": true, "truth": 19502}
{"reset": null, "iteration": 62, "predictions": 18635.354231587131, "current": [-0.19742813031198225, -0.6857522785827369, -0.49726214022545817], "train": true, "truth": 18994}
{"reset": null, "iteration": 63, "predictions": 21892.180745959591, "current": [0.2381333974691859, -0.6135678282056067, -0.49726214022545817], "train": true, "truth": 17311}
{"reset": null, "iteration": 64, "predictions": 26811.713676254796, "current": [0.5981936843189163, -0.5413833778284765, -0.49726214022545817], "train": true, "truth": 17904}
{"reset": null, "iteration": 65, "predictions": 27887.166976157918, "current": [0.7150373523234909, -0.4691989274513463, -0.49726214022545817], "train": true, "truth": 17133}
{"reset": null, "iteration": 66, "predictions": 16288.675377888134, "current": [0.6489187898767366, -0.3970144770742161, -0.49726214022545817], "train": true, "truth": 18589}
{"reset": null, "iteration": 67, "predictions": 27336.244536937927, "current": [0.5744437794045612, -0.3248300266970859, -0.49726214022545817], "train": true, "truth": 19134}
{"reset": null, "iteration": 68, "predictions": 11441.357075915943, "current": [0.32770865612764893, -0.2526455763199557, -0.49726214022545817], "train": true, "truth": 19259}
{"reset": null, "iteration": 69, "predictions": 26714.890416972943, "current": [0.4146450364622948, -0.18046112594282548, -0.49726214022545817], "train": true, "truth": 18667}
{"reset": null, "iteration": 70, "predictions": 11588.579538834778, "current": [0.3016130815921229, -0.1082766755656953, -0.49726214022545817], "train": true, "truth": 19078}
{"reset": null, "iteration": 71, "predictions": 27216.086802849499, "current": [0.5150690171186731, -0.0360922251885651, -0.49726214022545817], "train": true, "truth": 18546}
{"reset": null, "iteration": 72, "predictions": 14821.396312133396, "current": [0.5949683885898063, 0.0360922251885651, -0.49726214022545817], "train": true, "truth": 18593}
{"reset": null, "iteration": 73, "predictions": 22563.56734849044, "current": [0.6132939325052038, 0.1082766755656953, -0.49726214022545817], "train": true, "truth": 17967}
{"reset": null, "iteration": 74, "predictions": 17706.401530929099, "current": [0.5265041565218812, 0.18046112594282548, -0.49726214022545817], "train": true, "truth": 16624}
{"reset": null, "iteration": 75, "predictions": 23123.946459775263, "current": [0.5867585449157082, 0.2526455763199557, -0.49726214022545817], "train": true, "truth": 14634}
{"reset": null, "iteration": 76, "predictions": 18963.78540022951, "current": [0.5087650300117764, 0.3248300266970859, -0.49726214022545817], "train": true, "truth": 13888}
{"reset": null, "iteration": 77, "predictions": 22561.265420889224, "current": [0.5156554345239659, 0.3970144770742161, -0.49726214022545817], "train": true, "truth": 17430}
{"reset": null, "iteration": 78, "predictions": 19403.468669627538, "current": [0.42388111059565514, 0.4691989274513463, -0.49726214022545817], "train": true, "truth": 21919}
{"reset": null, "iteration": 79, "predictions": 22478.045110982468, "current": [0.22699146676862422, 0.5413833778284765, -0.49726214022545817], "train": true, "truth": 23633}
{"reset": null, "iteration": 80, "predictions": 19139.506798845632, "current": [-0.06475119236450423, 0.6135678282056067, -0.49726214022545817], "train": true, "truth": 24512}
{"reset": null, "iteration": 81, "predictions": 22841.062212752255, "current": [-0.1741180384515966, 0.6857522785827369, -0.49726214022545817], "train": true, "truth": 24887}
{"reset": null, "iteration": 82, "predictions": 22391.544639258715, "current": [0.3451545739351074, 0.7579367289598671, -0.49726214022545817], "train": true, "truth": 26872}
{"reset": null, "iteration": 83, "predictions": 30188.211885442539, "current": [1.003261507024863, 0.8301211793369973, -0.49726214022545817], "train": true, "truth": 22009}
{"reset": null, "iteration": 84, "predictions": 22397.041637699836, "current": [1.2545413651927937, 0.9023056297141275, -0.49726214022545817], "train": true, "truth": 18259}
{"reset": null, "iteration": 85, "predictions": 25644.187069450363, "current": [1.383406590005869, 0.9744900800912577, -0.49726214022545817], "train": true, "truth": 20844}
{"reset": null, "iteration": 86, "predictions": 14505.013108466212, "current": [1.4383832217520616, 1.046674530468388, -0.49726214022545817], "train": true, "truth": 22576}
{"reset": null, "iteration": 87, "predictions": 23901.353484118925, "current": [1.729392859128574, 1.118858980845518, -0.49726214022545817], "train": true, "truth": 22401}
{"reset": null, "iteration": 88, "predictions": 9709.0734712179183, "current": [1.0164558986439491, 1.1910434312226483, -0.49726214022545817], "train": true, "truth": 19056}
{"reset": null, "iteration": 89, "predictions": 22179.537363764244, "current": [0.4666895811820237, 1.2632278815997784, -0.49726214022545817], "train": true, "truth": 17518}
{"reset": null, "iteration": 90, "predictions": 8234.0656088665055, "current": [0.8456618293524444, 1.3354123319769087, -0.49726214022545817], "train": true, "truth": 15307}
{"reset": null, "iteration": 91, "predictions": 27873.583819742606, "current": [1.0995805658441924, 1.407596782354039, -0.49726214022545817], "train": true, "truth": 12646}
{"reset": null, "iteration": 92, "predictions": 5401.0373056805856, "current": [1.0739248043626357, 1.479781232731169, -0.49726214022545817], "train": true, "truth": 10562}
{"reset": null, "iteration": 93, "predictions": 27996.277252472144, "current": [0.5835332491865983, 1.5519656831082993, -0.49726214022545817], "train": true, "truth": 8416}
{"reset": null, "iteration": 94, "predictions": 3202.8630721125155, "current": [0.3580557568515472, 1.6241501334854294, -0.49726214022545817], "train": true, "truth": 7098}
{"reset": null, "iteration": 95, "predictions": 27355.386183627335, "current": [0.03391353607599599, 1.6963345838625596, -0.49726214022545817], "train": true, "truth": 5826}
{"reset": null, "iteration": 96, "predictions": 3056.6050613202679, "current": [-0.3562006427949863, -1.6963345838625596, 0.002739736309782239], "train": true, "truth": 4383}
{"reset": null, "iteration": 97, "predictions": 11294.664573898923, "current": [-0.6617241109524937, -1.6241501334854294, 0.002739736309782239], "train": true, "truth": 3270}
{"reset": null, "iteration": 98, "predictions": -3980.7647135213756, "current": [-0.9763370488920382, -1.5519656831082993, 0.002739736309782239], "train": true, "truth": 2948}
{"reset": null, "iteration": 99, "predictions": 6157.4716494407039, "current": [-1.1695615839359896, -1.479781232731169, 0.002739736309782239], "train": true, "truth": 3146}
{"reset": null, "iteration": 100, "predictions": -2269.9505500580435, "current": [-1.3560423188190747, -1.407596782354039, 0.002739736309782239], "train": true, "truth": 3077}
{"reset": null, "iteration": 101, "predictions": 7304.4053258121312, "current": [-1.5675923977784236, -1.3354123319769087, 0.002739736309782239], "train": true, "truth": 3000}
{"reset": null, "iteration": 102, "predictions": 680.77587648522604, "current": [-1.7307630408011232, -1.2632278815997784, 0.002739736309782239], "train": true, "truth": 4592}
{"reset": null, "iteration": 103, "predictions": 12711.922502565154, "current": [-1.777969641927187, -1.1910434312226483, 0.002739736309782239], "train": true, "truth": 6486}
{"reset": null, "iteration": 104, "predictions": 7319.5038712353562, "current": [-1.7489419803651975, -1.118858980845518, 0.002739736309782239], "train": true, "truth": 10113}
{"reset": null, "iteration": 105, "predictions": 10330.334912295202, "current": [-1.759057680606497, -1.046674530468388, 0.002739736309782239], "train": true, "truth": 12240}
{"reset": null, "iteration": 106, "predictions": 6785.4363464588641, "current": [-1.7703462156583818, -0.9744900800912577, 0.002739736309782239], "train": true, "truth": 14574}
{"reset": null, "iteration": 107, "predictions": 14669.936038432883, "current": [-1.536952088351879, -0.9023056297141275, 0.002739736309782239], "train": true, "truth": 16778}
{"reset": null, "iteration": 108, "predictions": 14025.325300259836, "current": [-1.2592834469457759, -0.8301211793369973, 0.002739736309782239], "train": true, "truth": 18910}
{"reset": null, "iteration": 109, "predictions": 22613.289526368477, "current": [-0.7275494646966015, -0.7579367289598671, 0.002739736309782239], "train": true, "truth": 18350}
{"reset": null, "iteration": 110, "predictions": 15263.141545826858, "current": [-0.41572200943219745, -0.6857522785827369, 0.002739736309782239], "train": true, "truth": 17218}
{"reset": null, "iteration": 111, "predictions": 19947.280982839315, "current": [-0.07354745344389504, -0.6135678282056067, 0.002739736309782239], "train": true, "truth": 16097}
{"reset": null, "iteration": 112, "predictions": 17528.280290637151, "current": [0.24956853687239394, -0.5413833778284765, 0.002739736309782239], "train": true, "truth": 16409}
{"reset": null, "iteration": 113, "predictions": 25683.841077258279, "current": [0.562129013893414, -0.4691989274513463, 0.002739736309782239], "train": true, "truth": 15893}
{"reset": null, "iteration": 114, "predictions": 19646.728623880528, "current": [0.4800305771524331, -0.3970144770742161, 0.002739736309782239], "train": true, "truth": 16778}
{"reset": null, "iteration": 115, "predictions": 20938.072059373702, "current": [0.31407445145459323, -0.3248300266970859, 0.002739736309782239], "train": true, "truth": 17604}
{"reset": null, "iteration": 116, "predictions": 16187.48458942324, "current": [0.1497309736213083, -0.2526455763199557, 0.002739736309782239], "train": true, "truth": 18665}
{"reset": null, "iteration": 117, "predictions": 20170.501072266998, "current": [0.1954715312341405, -0.18046112594282548, 0.002739736309782239], "train": true, "truth": 19045}
{"reset": null, "iteration": 118, "predictions": 13035.524247837195, "current": [0.11982368595137954, -0.1082766755656953, 0.002739736309782239], "train": true, "truth": 19261}
{"reset": null, "iteration": 119, "predictions": 21924.498191963768, "current": [0.24956853687239394, -0.0360922251885651, 0.002739736309782239], "train": true, "truth": 19363}
{"reset": null, "iteration": 120, "predictions": 23670.031538616822, "current": [0.37066373106534073, 0.0360922251885651, 0.002739736309782239], "train": true, "truth": 19078}
{"reset": null, "iteration": 121, "predictions": 33314.057181916258, "current": [0.5262109478192348, 0.1082766755656953, 0.002739736309782239], "train": true, "truth": 18193}
{"reset": null, "iteration": 122, "predictions": 24070.504846986481, "current": [0.5819206013220433, 0.18046112594282548, 0.002739736309782239], "train": true, "truth": 16635}
{"reset": null, "iteration": 123, "predictions": 25922.888851413445, "current": [0.6135871412078502, 0.2526455763199557, 0.002739736309782239], "train": true, "truth": 14615}
{"reset": null, "iteration": 124, "predictions": 17391.090443272082, "current": [0.6285407850428145, 0.3248300266970859, 0.002739736309782239], "train": true, "truth": 13759}
{"reset": null, "iteration": 125, "predictions": 25614.117802643581, "current": [0.5867585449157082, 0.3970144770742161, 0.002739736309782239], "train": true, "truth": 17008}
{"reset": null, "iteration": 126, "predictions": 8398.7621779581932, "current": [0.4570136939946938, 0.4691989274513463, 0.002739736309782239], "train": true, "truth": 19595}
{"reset": null, "iteration": 127, "predictions": 26290.825765530681, "current": [0.2286041146331792, 0.5413833778284765, 0.002739736309782239], "train": true, "truth": 21328}
{"reset": null, "iteration": 128, "predictions": 14067.294228700521, "current": [-0.06753667503964465, 0.6135678282056067, 0.002739736309782239], "train": true, "truth": 22661}
{"reset": null, "iteration": 129, "predictions": 26127.475799369502, "current": [-0.19302999977228685, 0.6857522785827369, 0.002739736309782239], "train": true, "truth": 29985}
{"reset": null, "iteration": 130, "predictions": 17537.804691741676, "current": [0.2832875376767254, 0.7579367289598671, 0.002739736309782239], "train": true, "truth": 21501}
{"reset": null, "iteration": 131, "predictions": 27091.284715566617, "current": [0.6625529945497923, 0.8301211793369973, 0.002739736309782239], "train": true, "truth": 22684}
{"reset": null, "iteration": 132, "predictions": 17054.16760042547, "current": [0.9166183353928635, 0.9023056297141275, 0.002739736309782239], "train": true, "truth": 22188}
{"reset": null, "iteration": 133, "predictions": 24499.232309920088, "current": [1.1120419357066627, 0.9744900800912577, 0.002739736309782239], "train": true, "truth": 22663}
{"reset": null, "iteration": 134, "predictions": 19871.744163179181, "current": [2.185772204797634, 1.046674530468388, 0.002739736309782239], "train": true, "truth": 19573}
{"reset": null, "iteration": 135, "predictions": 16678.921408639584, "current": [0.9419808881717737, 1.118858980845518, 0.002739736309782239], "train": true, "truth": 17136}
{"reset": null, "iteration": 136, "predictions": 14231.577137531674, "current": [1.1154138357870957, 1.1910434312226483, 0.002739736309782239], "train": true, "truth": 16606}
{"reset": null, "iteration": 137, "predictions": 14773.75280607222, "current": [1.0426980775307984, 1.2632278815997784, 0.002739736309782239], "train": true, "truth": 16166}
{"reset": null, "iteration": 138, "predictions": 10985.650003594781, "current": [1.112335144409309, 1.3354123319769087, 0.002739736309782239], "train": true, "truth": 16020}
{"reset": null, "iteration": 139, "predictions": 12362.427256213257, "current": [0.6593276988206824, 1.407596782354039, 0.002739736309782239], "train": true, "truth": 15591}
{"reset": null, "iteration": 140, "predictions": 8454.1428512703205, "current": [0.3020528946460924, 1.479781232731169, 0.002739736309782239], "train": true, "truth": 14395}
{"reset": null, "iteration": 141, "predictions": 11924.907793668397, "current": [0.22435258844480696, 1.5519656831082993, 0.002739736309782239], "train": true, "truth": 12535}
{"reset": null, "iteration": 142, "predictions": 8938.9466089912094, "current": [0.1598466738626077, 1.6241501334854294, 0.002739736309782239], "train": true, "truth": 11341}
{"reset": null, "iteration": 143, "predictions": 11811.459549236521, "current": [0.13844243856942343, 1.6963345838625596, 0.002739736309782239], "train": true, "truth": 9980}
{"reset": null, "iteration": 144, "predictions": 12416.206272814834, "current": [0.07554917185177915, -1.6963345838625596, 0.5027416128450226], "train": true, "truth": 8404}
{"reset": null, "iteration": 145, "predictions": 11670.261791743649, "current": [-0.09978963233074428, -1.6241501334854294, 0.5027416128450226], "train": true, "truth": 7200}
{"reset": null, "iteration": 146, "predictions": 5038.2224312261005, "current": [-0.37247372579185933, -1.5519656831082993, 0.5027416128450226], "train": true, "truth": 6578}
{"reset": null, "iteration": 147, "predictions": 4296.9806054786368, "current": [-0.5475193212717364, -1.479781232731169, 0.5027416128450226], "train": true, "truth": 5657}
{"reset": null, "iteration": 148, "predictions": 3370.9241120238948, "current": [-0.7470478434225846, -1.407596782354039, 0.5027416128450226], "train": true, "truth": 4474}
{"reset": null, "iteration": 149, "predictions": 3365.8387890584545, "current": [-0.9780963011079165, -1.3354123319769087, 0.5027416128450226], "train": true, "truth": 3459}
{"reset": null, "iteration": 150, "predictions": 2080.139911249722, "current": [-1.1546079401010252, -1.2632278815997784, 0.5027416128450226], "train": true, "truth": 3276}
{"reset": null, "iteration": 151, "predictions": 2990.6498861134623, "current": [-1.2457958466240433, -1.1910434312226483, 0.5027416128450226], "train": true, "truth": 3595}
{"reset": null, "iteration": 152, "predictions": 3534.7478084556969, "current": [-1.3808184541926922, -1.118858980845518, 0.5027416128450226], "train": true, "truth": 4240}
