[(-33.6708, 75.5004, 2.4208)/10] => [[98,141,155,231,327,509,520,550,558,593,637,662,728,767,852,946,958,1003,1022],[91,92,93,94,95,96,97,98,99,100,101,102,103,104,105,106,107,108,109,110,111,112,113,114,115,116,117,118,119,120,121,122,123,124,125,126,127,128,129,130,131]]
[(9.9359, 4.0727, 3.3224)/18] => [[17,69,71,74,88,96,117,204,234,243,276,339,388,489,542,678,703,712,924,987],[171,172,173,174,175,176,177,178,179,180,181,182,183,184,185,186,187,188,189,190,191,192,193,194,195,196,197,198,199,200,201,202,203,204,205,206,207,208,209,210,211]]
[(9.9359, -55.3888, 4.8844)/14] => [[69,71,88,99,141,204,225,243,254,321,452,478,582,646,685,708,722,858,950,1012],[131,132,133,134,135,136,137,138,139,140,141,142,143,144,145,146,147,148,149,150,151,152,153,154,155,156,157,158,159,160,161,162,163,164,165,166,167,168,169,170,171]]
[(9.9357, -55.3864, 4.8848)/14] => [[69,71,88,99,141,204,225,243,254,321,452,478,582,646,685,708,722,858,950,1012],[131,132,133,134,135,136,137,138,139,140,141,142,143,144,145,146,147,148,149,150,151,152,153,154,155,156,157,158,159,160,161,162,163,164,165,166,167,168,169,170,171]]
[(9.9354, -55.3839, 4.8852)/14] => [[69,71,88,99,141,204,225,243,254,321,452,478,582,646,685,708,722,858,950,1012],[131,132,133,134,135,136,137,138,139,140,141,142,143,144,145,146,147,148,149,150,151,152,153,154,155,156,157,158,159,160,161,162,163,164,165,166,167,168,169,170,171]]
[(9.9352, -55.3815, 4.8856)/14] => [[69,71,88,99,141,204,225,243,254,321,452,478,582,646,685,708,722,858,950,1012],[131,132,133,134,135,136,137,138,139,140,141,142,143,144,145,146,147,148,149,150,151,152,153,154,155,156,157,158,159,160,161,162,163,164,165,166,167,168,169,170,171]]
[(9.9350, -55.3791, 4.8860)/14] => [[69,71,88,99,141,204,225,243,254,321,452,478,582,646,685,708,722,858,950,1012],[131,132,133,134,135,136,137,138,139,140,141,142,143,144,145,146,147,148,149,150,151,152,153,154,155,156,157,158,159,160,161,162,163,164,165,166,167,168,169,170,171]]
[(9.9347, -55.3767, 4.8864)/14] => [[69,71,88,99,141,204,225,243,254,321,452,478,582,646,685,708,722,858,950,1012],[131,132,133,134,135,136,137,138,139,140,141,142,143,144,145,146,147,148,149,150,151,152,153,154,155,156,157,158,159,160,161,162,163,164,165,166,167,168,169,170,171]]
[(9.9345, -55.3742, 4.8868)/14] => [[69,71,88,99,141,204,225,243,254,321,452,478,582,646,685,708,722,858,950,1012],[131,132,133,134,135,136,137,138,139,140,141,142,143,144,145,146,147,148,149,150,151,152,153,154,155,156,157,158,159,160,161,162,163,164,165,166,167,168,169,170,171]]
[(9.9342, -55.3718, 4.8872)/14] => [[69,71,88,99,141,204,225,243,254,321,452,478,582,646,685,708,722,858,950,1012],[131,132,133,134,135,136,137,138,139,140,141,142,143,144,145,146,147,148,149,150,151,152,153,154,155,156,157,158,159,160,161,162,163,164,165,166,167,168,169,170,171]]
[(9.9340, -55.3693, 4.8877)/14] => [[69,71,88,99,141,204,225,243,254,321,452,478,582,646,685,708,722,858,950,1012],[131,132,133,134,135,136,137,138,139,140,141,142,143,144,145,146,147,148,149,150,151,152,153,154,155,156,157,158,159,160,161,162,163,164,165,166,167,168,169,170,171]]
[(9.9338, -55.3670, 4.8881)/14] => [[69,71,88,99,141,204,225,243,254,321,452,478,582,646,685,708,722,858,950,1012],[131,132,133,134,135,136,137,138,139,140,141,142,143,144,145,146,147,148,149,150,151,152,153,154,155,156,157,158,159,160,161,162,163,164,165,166,167,168,169,170,171]]
[(9.9335, -55.3645, 4.8885)/14] => [[69,71,88,99,141,204,225,243,254,321,452,478,582,646,685,708,722,858,950,1012],[131,132,133,134,135,136,137,138,139,140,141,142,143,144,145,146,147,148,149,150,151,152,153,154,155,156,157,158,159,160,161,162,163,164,165,166,167,168,169,170,171]]
[(9.9333, -55.3621, 4.8889)/14] => [[69,71,88,99,141,204,225,243,254,321,452,478,582,646,685,708,722,858,950,1012],[131,132,133,134,135,136,137,138,139,140,141,142,143,144,145,146,147,148,149,150,151,152,153,154,155,156,157,158,159,160,161,162,163,164,165,166,167,168,169,170,171]]
[(9.9330, -55.3597, 4.8893)/14] => [[69,71,88,99,141,204,225,243,254,321,452,478,582,646,685,708,722,858,950,1012],[131,132,133,134,135,136,137,138,139,140,141,142,143,144,145,146,147,148,149,150,151,152,153,154,155,156,157,158,159,160,161,162,163,164,165,166,167,168,169,170,171]]
[(9.9328, -55.3573, 4.8897)/14] => [[69,71,88,99,141,204,225,243,254,321,452,478,582,646,685,708,722,858,950,1012],[131,132,133,134,135,136,137,138,139,140,141,142,143,144,145,146,147,148,149,150,151,152,153,154,155,156,157,158,159,160,161,162,163,164,165,166,167,168,169,170,171]]
[(9.9326, -55.3549, 4.8901)/14] => [[69,71,88,99,141,204,225,243,254,321,452,478,582,646,685,708,722,858,950,1012],[131,132,133,134,135,136,137,138,139,140,141,142,143,144,145,146,147,148,149,150,151,152,153,154,155,156,157,158,159,160,161,162,163,164,165,166,167,168,169,170,171]]
[(9.9323, -55.3526, 4.8905)/14] => [[69,71,88,99,141,204,225,243,254,321,452,478,582,646,685,708,722,858,950,1012],[131,132,133,134,135,136,137,138,139,140,141,142,143,144,145,146,147,148,149,150,151,152,153,154,155,156,157,158,159,160,161,162,163,164,165,166,167,168,169,170,171]]
[(9.9321, -55.3502, 4.8909)/14] => [[69,71,88,99,141,204,225,243,254,321,452,478,582,646,685,708,722,858,950,1012],[131,132,133,134,135,136,137,138,139,140,141,142,143,144,145,146,147,148,149,150,151,152,153,154,155,156,157,158,159,160,161,162,163,164,165,166,167,168,169,170,171]]
[(9.9319, -55.3477, 4.8913)/14] => [[69,71,88,99,141,204,225,243,254,321,452,478,582,646,685,708,722,858,950,1012],[131,132,133,134,135,136,137,138,139,140,141,142,143,144,145,146,147,148,149,150,151,152,153,154,155,156,157,158,159,160,161,162,163,164,165,166,167,168,169,170,171]]
[(9.9316, -55.3453, 4.8917)/14] => [[69,71,88,99,141,204,225,243,254,321,452,478,582,646,685,708,722,858,950,1012],[131,132,133,134,135,136,137,138,139,140,141,142,143,144,145,146,147,148,149,150,151,152,153,154,155,156,157,158,159,160,161,162,163,164,165,166,167,168,169,170,171]]
[(9.9314, -55.3429, 4.8921)/14] => [[69,71,88,99,141,204,225,243,254,321,452,478,582,646,685,708,722,858,950,1012],[131,132,133,134,135,136,137,138,139,140,141,142,143,144,145,146,147,148,149,150,151,152,153,154,155,156,157,158,159,160,161,162,163,164,165,166,167,168,169,170,171]]
[(9.9311, -55.3405, 4.8925)/14] => [[69,71,88,99,141,204,225,243,254,321,452,478,582,646,685,708,722,858,950,1012],[131,132,133,134,135,136,137,138,139,140,141,142,143,144,145,146,147,148,149,150,151,152,153,154,155,156,157,158,159,160,161,162,163,164,165,166,167,168,169,170,171]]
[(9.9309, -55.3382, 4.8929)/14] => [[69,71,88,99,141,204,225,243,254,321,452,478,582,646,685,708,722,858,950,1012],[131,132,133,134,135,136,137,138,139,140,141,142,143,144,145,146,147,148,149,150,151,152,153,154,155,156,157,158,159,160,161,162,163,164,165,166,167,168,169,170,171]]
[(9.9307, -55.3358, 4.8933)/14] => [[69,71,88,99,141,204,225,243,254,321,452,478,582,646,685,708,722,858,950,1012],[131,132,133,134,135,136,137,138,139,140,141,142,143,144,145,146,147,148,149,150,151,152,153,154,155,156,157,158,159,160,161,162,163,164,165,166,167,168,169,170,171]]
[(9.9304, -55.3334, 4.8937)/14] => [[69,71,88,99,141,204,225,243,254,321,452,478,582,646,685,708,722,858,950,1012],[131,132,133,134,135,136,137,138,139,140,141,142,143,144,145,146,147,148,149,150,151,152,153,154,155,156,157,158,159,160,161,162,163,164,165,166,167,168,169,170,171]]
[(9.9302, -55.3310, 4.8941)/14] => [[69,71,88,99,141,204,225,243,254,321,452,478,582,646,685,708,722,858,950,1012],[131,132,133,134,135,136,137,138,139,140,141,142,143,144,145,146,147,148,149,150,151,152,153,154,155,156,157,158,159,160,161,162,163,164,165,166,167,168,169,170,171]]
[(9.9299, -55.3285, 4.8945)/14] => [[69,71,88,99,141,204,225,243,254,321,452,478,582,646,685,708,722,858,950,1012],[131,132,133,134,135,136,137,138,139,140,141,142,143,144,145,146,147,148,149,150,151,152,153,154,155,156,157,158,159,160,161,162,163,164,165,166,167,168,169,170,171]]
[(9.9297, -55.3261, 4.8949)/14] => [[69,71,88,99,141,204,225,243,254,321,452,478,582,646,685,708,722,858,950,1012],[131,132,133,134,135,136,137,138,139,140,141,142,143,144,145,146,147,148,149,150,151,152,153,154,155,156,157,158,159,160,161,162,163,164,165,166,167,168,169,170,171]]
[(9.9295, -55.3238, 4.8953)/14] => [[69,71,88,99,141,204,225,243,254,321,452,478,582,646,685,708,722,858,950,1012],[131,132,133,134,135,136,137,138,139,140,141,142,143,144,145,146,147,148,149,150,151,152,153,154,155,156,157,158,159,160,161,162,163,164,165,166,167,168,169,170,171]]
[(9.9292, -55.3213, 4.8957)/14] => [[69,71,88,99,141,204,225,243,254,321,452,478,582,646,685,708,722,858,950,1012],[131,132,133,134,135,136,137,138,139,140,141,142,143,144,145,146,147,148,149,150,151,152,153,154,155,156,157,158,159,160,161,162,163,164,165,166,167,168,169,170,171]]
[(9.9290, -55.3189, 4.8961)/14] => [[69,71,88,99,141,204,225,243,254,321,452,478,582,646,685,708,722,858,950,1012],[131,132,133,134,135,136,137,138,139,140,141,142,143,144,145,146,147,148,149,150,151,152,153,154,155,156,157,158,159,160,161,162,163,164,165,166,167,168,169,170,171]]
[(9.9288, -55.3165, 4.8965)/14] => [[69,71,88,99,141,204,225,243,254,321,452,478,582,646,685,708,722,858,950,1012],[131,132,133,134,135,136,137,138,139,140,141,142,143,144,145,146,147,148,149,150,151,152,153,154,155,156,157,158,159,160,161,162,163,164,165,166,167,168,169,170,171]]
[(9.9285, -55.3141, 4.8969)/14] => [[69,71,88,99,141,204,225,243,254,321,452,478,582,646,685,708,722,858,950,1012],[131,132,133,134,135,136,137,138,139,140,141,142,143,144,145,146,147,148,149,150,151,152,153,154,155,156,157,158,159,160,161,162,163,164,165,166,167,168,169,170,171]]
[(9.9283, -55.3117, 4.8973)/14] => [[69,71,88,99,141,204,225,243,254,321,452,478,582,646,685,708,722,858,950,1012],[131,132,133,134,135,136,137,138,139,140,141,142,143,144,145,146,147,148,149,150,151,152,153,154,155,156,157,158,159,160,161,162,163,164,165,166,167,168,169,170,171]]
[(9.9280, -55.3094, 4.8977)/14] => [[69,71,88,99,141,204,225,243,254,321,452,478,582,646,685,708,722,858,950,1012],[131,132,133,134,135,136,137,138,139,140,141,142,143,144,145,146,147,148,149,150,151,152,153,154,155,156,157,158,159,160,161,162,163,164,165,166,167,168,169,170,171]]
[(9.9278, -55.3070, 4.8981)/14] => [[69,71,88,99,141,204,225,243,254,321,452,478,582,646,685,708,722,858,950,1012],[131,132,133,134,135,136,137,138,139,140,141,142,143,144,145,146,147,148,149,150,151,152,153,154,155,156,157,158,159,160,161,162,163,164,165,166,167,168,169,170,171]]
[(9.9276, -55.3045, 4.8985)/14] => [[69,71,88,99,141,204,225,243,254,321,452,478,582,646,685,708,722,858,950,1012],[131,132,133,134,135,136,137,138,139,140,141,142,143,144,145,146,147,148,149,150,151,152,153,154,155,156,157,158,159,160,161,162,163,164,165,166,167,168,169,170,171]]
[(9.9273, -55.3022, 4.8989)/14] => [[69,71,88,99,141,204,225,243,254,321,452,478,582,646,685,708,722,858,950,1012],[131,132,133,134,135,136,137,138,139,140,141,142,143,144,145,146,147,148,149,150,151,152,153,154,155,156,157,158,159,160,161,162,163,164,165,166,167,168,169,170,171]]
[(9.9271, -55.2997, 4.8993)/14] => [[69,71,88,99,141,204,225,243,254,321,452,478,582,646,685,708,722,858,950,1012],[131,132,133,134,135,136,137,138,139,140,141,142,143,144,145,146,147,148,149,150,151,152,153,154,155,156,157,158,159,160,161,162,163,164,165,166,167,168,169,170,171]]
[(9.9268, -55.2973, 4.8997)/14] => [[69,71,88,99,141,204,225,243,254,321,452,478,582,646,685,708,722,858,950,1012],[131,132,133,134,135,136,137,138,139,140,141,142,143,144,145,146,147,148,149,150,151,152,153,154,155,156,157,158,159,160,161,162,163,164,165,166,167,168,169,170,171]]
[(9.9266, -55.2950, 4.9001)/14] => [[69,71,88,99,141,204,225,243,254,321,452,478,582,646,685,708,722,858,950,1012],[131,132,133,134,135,136,137,138,139,140,141,142,143,144,145,146,147,148,149,150,151,152,153,154,155,156,157,158,159,160,161,162,163,164,165,166,167,168,169,170,171]]
[(9.9264, -55.2926, 4.9005)/14] => [[69,71,88,99,141,204,225,243,254,321,452,478,582,646,685,708,722,858,950,1012],[131,132,133,134,135,136,137,138,139,140,141,142,143,144,145,146,147,148,149,150,151,152,153,154,155,156,157,158,159,160,161,162,163,164,165,166,167,168,169,170,171]]
[(9.9261, -55.2902, 4.9009)/14] => [[69,71,88,99,141,204,225,243,254,321,452,478,582,646,685,708,722,858,950,1012],[131,132,133,134,135,136,137,138,139,140,141,142,143,144,145,146,147,148,149,150,151,152,153,154,155,156,157,158,159,160,161,162,163,164,165,166,167,168,169,170,171]]
[(9.9259, -55.2878, 4.9013)/14] => [[69,71,88,99,141,204,225,243,254,321,452,478,582,646,685,708,722,858,950,1012],[131,132,133,134,135,136,137,138,139,140,141,142,143,144,145,146,147,148,149,150,151,152,153,154,155,156,157,158,159,160,161,162,163,164,165,166,167,168,169,170,171]]
[(9.9257, -55.2853, 4.9017)/14] => [[69,71,88,99,141,204,225,243,254,321,452,478,582,646,685,708,722,858,950,1012],[131,132,133,134,135,136,137,138,139,140,141,142,143,144,145,146,147,148,149,150,151,152,153,154,155,156,157,158,159,160,161,162,163,164,165,166,167,168,169,170,171]]
[(9.9254, -55.2829, 4.9021)/14] => [[69,71,88,99,141,204,225,243,254,321,452,478,582,646,685,708,722,858,950,1012],[131,132,133,134,135,136,137,138,139,140,141,142,143,144,145,146,147,148,149,150,151,152,153,154,155,156,157,158,159,160,161,162,163,164,165,166,167,168,169,170,171]]
[(9.9252, -55.2806, 4.9025)/14] => [[69,71,88,99,141,204,225,243,254,321,452,478,582,646,685,708,722,858,950,1012],[131,132,133,134,135,136,137,138,139,140,141,142,143,144,145,146,147,148,149,150,151,152,153,154,155,156,157,158,159,160,161,162,163,164,165,166,167,168,169,170,171]]
[(9.9249, -55.2782, 4.9029)/14] => [[69,71,88,99,141,204,225,243,254,321,452,478,582,646,685,708,722,858,950,1012],[131,132,133,134,135,136,137,138,139,140,141,142,143,144,145,146,147,148,149,150,151,152,153,154,155,156,157,158,159,160,161,162,163,164,165,166,167,168,169,170,171]]
[(9.9247, -55.2758, 4.9033)/14] => [[69,71,88,99,141,204,225,243,254,321,452,478,582,646,685,708,722,858,950,1012],[131,132,133,134,135,136,137,138,139,140,141,142,143,144,145,146,147,148,149,150,151,152,153,154,155,156,157,158,159,160,161,162,163,164,165,166,167,168,169,170,171]]
[(9.9245, -55.2734, 4.9037)/14] => [[69,71,88,99,141,204,225,243,254,321,452,478,582,646,685,708,722,858,950,1012],[131,132,133,134,135,136,137,138,139,140,141,142,143,144,145,146,147,148,149,150,151,152,153,154,155,156,157,158,159,160,161,162,163,164,165,166,167,168,169,170,171]]
[(9.9242, -55.2710, 4.9041)/14] => [[69,71,88,99,141,204,225,243,254,321,452,478,582,646,685,708,722,858,950,1012],[131,132,133,134,135,136,137,138,139,140,141,142,143,144,145,146,147,148,149,150,151,152,153,154,155,156,157,158,159,160,161,162,163,164,165,166,167,168,169,170,171]]
[(9.9240, -55.2685, 4.9045)/14] => [[69,71,88,99,141,204,225,243,254,321,452,478,582,646,685,708,722,858,950,1012],[131,132,133,134,135,136,137,138,139,140,141,142,143,144,145,146,147,148,149,150,151,152,153,154,155,156,157,158,159,160,161,162,163,164,165,166,167,168,169,170,171]]
[(9.9237, -55.2662, 4.9049)/14] => [[69,71,88,99,141,204,225,243,254,321,452,478,582,646,685,708,722,858,950,1012],[131,132,133,134,135,136,137,138,139,140,141,142,143,144,145,146,147,148,149,150,151,152,153,154,155,156,157,158,159,160,161,162,163,164,165,166,167,168,169,170,171]]
[(9.9235, -55.2638, 4.9053)/14] => [[69,71,88,99,141,204,225,243,254,321,452,478,582,646,685,708,722,858,950,1012],[131,132,133,134,135,136,137,138,139,140,141,142,143,144,145,146,147,148,149,150,151,152,153,154,155,156,157,158,159,160,161,162,163,164,165,166,167,168,169,170,171]]
[(9.9233, -55.2614, 4.9057)/14] => [[69,71,88,99,141,204,225,243,254,321,452,478,582,646,685,708,722,858,950,1012],[131,132,133,134,135,136,137,138,139,140,141,142,143,144,145,146,147,148,149,150,151,152,153,154,155,156,157,158,159,160,161,162,163,164,165,166,167,168,169,170,171]]
[(9.9230, -55.2590, 4.9061)/14] => [[69,71,88,99,141,204,225,243,254,321,452,478,582,646,685,708,722,858,950,1012],[131,132,133,134,135,136,137,138,139,140,141,142,143,144,145,146,147,148,149,150,151,152,153,154,155,156,157,158,159,160,161,162,163,164,165,166,167,168,169,170,171]]
[(9.9228, -55.2566, 4.9065)/14] => [[69,71,88,99,141,204,225,243,254,321,452,478,582,646,685,708,722,858,950,1012],[131,132,133,134,135,136,137,138,139,140,141,142,143,144,145,146,147,148,149,150,151,152,153,154,155,156,157,158,159,160,161,162,163,164,165,166,167,168,169,170,171]]
[(9.9226, -55.2542, 4.9069)/14] => [[69,71,88,99,141,204,225,243,254,321,452,478,582,646,685,708,722,858,950,1012],[131,132,133,134,135,136,137,138,139,140,141,142,143,144,145,146,147,148,149,150,151,152,153,154,155,156,157,158,159,160,161,162,163,164,165,166,167,168,169,170,171]]
[(9.9223, -55.2518, 4.9073)/14] => [[69,71,88,99,141,204,225,243,254,321,452,478,582,646,685,708,722,858,950,1012],[131,132,133,134,135,136,137,138,139,140,141,142,143,144,145,146,147,148,149,150,151,152,153,154,155,156,157,158,159,160,161,162,163,164,165,166,167,168,169,170,171]]
[(9.9221, -55.2494, 4.9077)/14] => [[69,71,88,99,141,204,225,243,254,321,452,478,582,646,685,708,722,858,950,1012],[131,132,133,134,135,136,137,138,139,140,141,142,143,144,145,146,147,148,149,150,151,152,153,154,155,156,157,158,159,160,161,162,163,164,165,166,167,168,169,170,171]]
[(9.9218, -55.2470, 4.9081)/14] => [[69,71,88,99,141,204,225,243,254,321,452,478,582,646,685,708,722,858,950,1012],[131,132,133,134,135,136,137,138,139,140,141,142,143,144,145,146,147,148,149,150,151,152,153,154,155,156,157,158,159,160,161,162,163,164,165,166,167,168,169,170,171]]
[(9.9216, -55.2445, 4.9085)/14] => [[69,71,88,99,141,204,225,243,254,321,452,478,582,646,685,708,722,858,950,1012],[131,132,133,134,135,136,137,138,139,140,141,142,143,144,145,146,147,148,149,150,151,152,153,154,155,156,157,158,159,160,161,162,163,164,165,166,167,168,169,170,171]]
[(9.9214, -55.2422, 4.9089)/14] => [[69,71,88,99,141,204,225,243,254,321,452,478,582,646,685,708,722,858,950,1012],[131,132,133,134,135,136,137,138,139,140,141,142,143,144,145,146,147,148,149,150,151,152,153,154,155,156,157,158,159,160,161,162,163,164,165,166,167,168,169,170,171]]
[(9.9211, -55.2397, 4.9093)/14] => [[69,71,88,99,141,204,225,243,254,321,452,478,582,646,685,708,722,858,950,1012],[131,132,133,134,135,136,137,138,139,140,141,142,143,144,145,146,147,148,149,150,151,152,153,154,155,156,157,158,159,160,161,162,163,164,165,166,167,168,169,170,171]]
[(9.9209, -55.2374, 4.9097)/14] => [[69,71,88,99,141,204,225,243,254,321,452,478,582,646,685,708,722,858,950,1012],[131,132,133,134,135,136,137,138,139,140,141,142,143,144,145,146,147,148,149,150,151,152,153,154,155,156,157,158,159,160,161,162,163,164,165,166,167,168,169,170,171]]
[(9.9206, -55.2350, 4.9101)/14] => [[69,71,88,99,141,204,225,243,254,321,452,478,582,646,685,708,722,858,950,1012],[131,132,133,134,135,136,137,138,139,140,141,142,143,144,145,146,147,148,149,150,151,152,153,154,155,156,157,158,159,160,161,162,163,164,165,166,167,168,169,170,171]]
[(9.9204, -55.2326, 4.9105)/14] => [[69,71,88,99,141,204,225,243,254,321,452,478,582,646,685,708,722,858,950,1012],[131,132,133,134,135,136,137,138,139,140,141,142,143,144,145,146,147,148,149,150,151,152,153,154,155,156,157,158,159,160,161,162,163,164,165,166,167,168,169,170,171]]
[(9.9202, -55.2302, 4.9109)/14] => [[69,71,88,99,141,204,225,243,254,321,452,478,582,646,685,708,722,858,950,1012],[131,132,133,134,135,136,137,138,139,140,141,142,143,144,145,146,147,148,149,150,151,152,153,154,155,156,157,158,159,160,161,162,163,164,165,166,167,168,169,170,171]]
[(9.9199, -55.2278, 4.9113)/14] => [[69,71,88,99,141,204,225,243,254,321,452,478,582,646,685,708,722,858,950,1012],[131,132,133,134,135,136,137,138,139,140,141,142,143,144,145,146,147,148,149,150,151,152,153,154,155,156,157,158,159,160,161,162,163,164,165,166,167,168,169,170,171]]
[(9.9197, -55.2254, 4.9117)/14] => [[69,71,88,99,141,204,225,243,254,321,452,478,582,646,685,708,722,858,950,1012],[131,132,133,134,135,136,137,138,139,140,141,142,143,144,145,146,147,148,149,150,151,152,153,154,155,156,157,158,159,160,161,162,163,164,165,166,167,168,169,170,171]]
[(9.9195, -55.2230, 4.9121)/14] => [[69,71,88,99,141,204,225,243,254,321,452,478,582,646,685,708,722,858,950,1012],[131,132,133,134,135,136,137,138,139,140,141,142,143,144,145,146,147,148,149,150,151,152,153,154,155,156,157,158,159,160,161,162,163,164,165,166,167,168,169,170,171]]
[(9.9192, -55.2206, 4.9125)/14] => [[69,71,88,99,141,204,225,243,254,321,452,478,582,646,685,708,722,858,950,1012],[131,132,133,134,135,136,137,138,139,140,141,142,143,144,145,146,147,148,149,150,151,152,153,154,155,156,157,158,159,160,161,162,163,164,165,166,167,168,169,170,171]]
[(9.9190, -55.2182, 4.9129)/14] => [[69,71,88,99,141,204,225,243,254,321,452,478,582,646,685,708,722,858,950,1012],[131,132,133,134,135,136,137,138,139,140,141,142,143,144,145,146,147,148,149,150,151,152,153,154,155,156,157,158,159,160,161,162,163,164,165,166,167,168,169,170,171]]
[(9.9187, -55.2158, 4.9133)/14] => [[69,71,88,99,141,204,225,243,254,321,452,478,582,646,685,708,722,858,950,1012],[131,132,133,134,135,136,137,138,139,140,141,142,143,144,145,146,147,148,149,150,151,152,153,154,155,156,157,158,159,160,161,162,163,164,165,166,167,168,169,170,171]]
[(9.9185, -55.2134, 4.9137)/14] => [[69,71,88,99,141,204,225,243,254,321,452,478,582,646,685,708,722,858,950,1012],[131,132,133,134,135,136,137,138,139,140,141,142,143,144,145,146,147,148,149,150,151,152,153,154,155,156,157,158,159,160,161,162,163,164,165,166,167,168,169,170,171]]
[(9.9183, -55.2110, 4.9141)/14] => [[69,71,88,99,141,204,225,243,254,321,452,478,582,646,685,708,722,858,950,1012],[131,132,133,134,135,136,137,138,139,140,141,142,143,144,145,146,147,148,149,150,151,152,153,154,155,156,157,158,159,160,161,162,163,164,165,166,167,168,169,170,171]]
[(9.9180, -55.2086, 4.9145)/14] => [[69,71,88,99,141,204,225,243,254,321,452,478,582,646,685,708,722,858,950,1012],[131,132,133,134,135,136,137,138,139,140,141,142,143,144,145,146,147,148,149,150,151,152,153,154,155,156,157,158,159,160,161,162,163,164,165,166,167,168,169,170,171]]
[(9.9178, -55.2062, 4.9149)/14] => [[69,71,88,99,141,204,225,243,254,321,452,478,582,646,685,708,722,858,950,1012],[131,132,133,134,135,136,137,138,139,140,141,142,143,144,145,146,147,148,149,150,151,152,153,154,155,156,157,158,159,160,161,162,163,164,165,166,167,168,169,170,171]]
[(9.9175, -55.2038, 4.9153)/14] => [[69,71,88,99,141,204,225,243,254,321,452,478,582,646,685,708,722,858,950,1012],[131,132,133,134,135,136,137,138,139,140,141,142,143,144,145,146,147,148,149,150,151,152,153,154,155,156,157,158,159,160,161,162,163,164,165,166,167,168,169,170,171]]
[(9.9173, -55.2014, 4.9157)/14] => [[69,71,88,99,141,204,225,243,254,321,452,478,582,646,685,708,722,858,950,1012],[131,132,133,134,135,136,137,138,139,140,141,142,143,144,145,146,147,148,149,150,151,152,153,154,155,156,157,158,159,160,161,162,163,164,165,166,167,168,169,170,171]]
[(9.9171, -55.1990, 4.9161)/14] => [[69,71,88,99,141,204,225,243,254,321,452,478,582,646,685,708,722,858,950,1012],[131,132,133,134,135,136,137,138,139,140,141,142,143,144,145,146,147,148,149,150,151,152,153,154,155,156,157,158,159,160,161,162,163,164,165,166,167,168,169,170,171]]
[(9.9168, -55.1966, 4.9165)/14] => [[69,71,88,99,141,204,225,243,254,321,452,478,582,646,685,708,722,858,950,1012],[131,132,133,134,135,136,137,138,139,140,141,142,143,144,145,146,147,148,149,150,151,152,153,154,155,156,157,158,159,160,161,162,163,164,165,166,167,168,169,170,171]]
[(9.9166, -55.1942, 4.9169)/14] => [[69,71,88,99,141,204,225,243,254,321,452,478,582,646,685,708,722,858,950,1012],[131,132,133,134,135,136,137,138,139,140,141,142,143,144,145,146,147,148,149,150,151,152,153,154,155,156,157,158,159,160,161,162,163,164,165,166,167,168,169,170,171]]
[(9.9164, -55.1918, 4.9173)/14] => [[69,71,88,99,141,204,225,243,254,321,452,478,582,646,685,708,722,858,950,1012],[131,132,133,134,135,136,137,138,139,140,141,142,143,144,145,146,147,148,149,150,151,152,153,154,155,156,157,158,159,160,161,162,163,164,165,166,167,168,169,170,171]]
[(9.9161, -55.1894, 4.9177)/14] => [[69,71,88,99,141,204,225,243,254,321,452,478,582,646,685,708,722,858,950,1012],[131,132,133,134,135,136,137,138,139,140,141,142,143,144,145,146,147,148,149,150,151,152,153,154,155,156,157,158,159,160,161,162,163,164,165,166,167,168,169,170,171]]
[(9.9159, -55.1870, 4.9181)/14] => [[69,71,88,99,141,204,225,243,254,321,452,478,582,646,685,708,722,858,950,1012],[131,132,133,134,135,136,137,138,139,140,141,142,143,144,145,146,147,148,149,150,151,152,153,154,155,156,157,158,159,160,161,162,163,164,165,166,167,168,169,170,171]]
[(9.9156, -55.1846, 4.9185)/14] => [[69,71,88,99,141,204,225,243,254,321,452,478,582,646,685,708,722,858,950,1012],[131,132,133,134,135,136,137,138,139,140,141,142,143,144,145,146,147,148,149,150,151,152,153,154,155,156,157,158,159,160,161,162,163,164,165,166,167,168,169,170,171]]
[(9.9154, -55.1822, 4.9189)/14] => [[69,71,88,99,141,204,225,243,254,321,452,478,582,646,685,708,722,858,950,1012],[131,132,133,134,135,136,137,138,139,140,141,142,143,144,145,146,147,148,149,150,151,152,153,154,155,156,157,158,159,160,161,162,163,164,165,166,167,168,169,170,171]]
[(9.9152, -55.1798, 4.9193)/14] => [[69,71,88,99,141,204,225,243,254,321,452,478,582,646,685,708,722,858,950,1012],[131,132,133,134,135,136,137,138,139,140,141,142,143,144,145,146,147,148,149,150,151,152,153,154,155,156,157,158,159,160,161,162,163,164,165,166,167,168,169,170,171]]
[(9.9149, -55.1774, 4.9197)/14] => [[69,71,88,99,141,204,225,243,254,321,452,478,582,646,685,708,722,858,950,1012],[131,132,133,134,135,136,137,138,139,140,141,142,143,144,145,146,147,148,149,150,151,152,153,154,155,156,157,158,159,160,161,162,163,164,165,166,167,168,169,170,171]]
[(9.9147, -55.1750, 4.9201)/14] => [[69,71,88,99,141,204,225,243,254,321,452,478,582,646,685,708,722,858,950,1012],[131,132,133,134,135,136,137,138,139,140,141,142,143,144,145,146,147,148,149,150,151,152,153,154,155,156,157,158,159,160,161,162,163,164,165,166,167,168,169,170,171]]
[(9.9144, -55.1726, 4.9205)/14] => [[69,71,88,99,141,204,225,243,254,321,452,478,582,646,685,708,722,858,950,1012],[131,132,133,134,135,136,137,138,139,140,141,142,143,144,145,146,147,148,149,150,151,152,153,154,155,156,157,158,159,160,161,162,163,164,165,166,167,168,169,170,171]]
[(9.9142, -55.1702, 4.9209)/14] => [[69,71,88,99,141,204,225,243,254,321,452,478,582,646,685,708,722,858,950,1012],[131,132,133,134,135,136,137,138,139,140,141,142,143,144,145,146,147,148,149,150,151,152,153,154,155,156,157,158,159,160,161,162,163,164,165,166,167,168,169,170,171]]
[(9.9140, -55.1678, 4.9213)/14] => [[69,71,88,99,141,204,225,243,254,321,452,478,582,646,685,708,722,858,950,1012],[131,132,133,134,135,136,137,138,139,140,141,142,143,144,145,146,147,148,149,150,151,152,153,154,155,156,157,158,159,160,161,162,163,164,165,166,167,168,169,170,171]]
[(9.9137, -55.1654, 4.9217)/14] => [[69,71,88,99,141,204,225,243,254,321,452,478,582,646,685,708,722,858,950,1012],[131,132,133,134,135,136,137,138,139,140,141,142,143,144,145,146,147,148,149,150,151,152,153,154,155,156,157,158,159,160,161,162,163,164,165,166,167,168,169,170,171]]
[(9.9135, -55.1630, 4.9221)/14] => [[69,71,88,99,141,204,225,243,254,321,452,478,582,646,685,708,722,858,950,1012],[131,132,133,134,135,136,137,138,139,140,141,142,143,144,145,146,147,148,149,150,151,152,153,154,155,156,157,158,159,160,161,162,163,164,165,166,167,168,169,170,171]]
[(9.9133, -55.1606, 4.9225)/14] => [[69,71,88,99,141,204,225,243,254,321,452,478,582,646,685,708,722,858,950,1012],[131,132,133,134,135,136,137,138,139,140,141,142,143,144,145,146,147,148,149,150,151,152,153,154,155,156,157,158,159,160,161,162,163,164,165,166,167,168,169,170,171]]
[(9.9130, -55.1582, 4.9229)/14] => [[69,71,88,99,141,204,225,243,254,321,452,478,582,646,685,708,722,858,950,1012],[131,132,133,134,135,136,137,138,139,140,141,142,143,144,145,146,147,148,149,150,151,152,153,154,155,156,157,158,159,160,161,162,163,164,165,166,167,168,169,170,171]]
[(9.9128, -55.1558, 4.9233)/14] => [[69,71,88,99,141,204,225,243,254,321,452,478,582,646,685,708,722,858,950,1012],[131,132,133,134,135,136,137,138,139,140,141,142,143,144,145,146,147,148,149,150,151,152,153,154,155,156,157,158,159,160,161,162,163,164,165,166,167,168,169,170,171]]
[(9.9125, -55.1534, 4.9237)/14] => [[69,71,88,99,141,204,225,243,254,321,452,478,582,646,685,708,722,858,950,1012],[131,132,133,134,135,136,137,138,139,140,141,142,143,144,145,146,147,148,149,150,151,152,153,154,155,156,157,158,159,160,161,162,163,164,165,166,167,168,169,170,171]]
[(9.9123, -55.1510, 4.9241)/14] => [[69,71,88,99,141,204,225,243,254,321,452,478,582,646,685,708,722,858,950,1012],[131,132,133,134,135,136,137,138,139,140,141,142,143,144,145,146,147,148,149,150,151,152,153,154,155,156,157,158,159,160,161,162,163,164,165,166,167,168,169,170,171]]
[(9.9121, -55.1486, 4.9245)/14] => [[69,71,88,99,141,204,225,243,254,321,452,478,582,646,685,708,722,858,950,1012],[131,132,133,134,135,136,137,138,139,140,141,142,143,144,145,146,147,148,149,150,151,152,153,154,155,156,157,158,159,160,161,162,163,164,165,166,167,168,169,170,171]]
[(9.9118, -55.1462, 4.9249)/14] => [[69,71,88,99,141,204,225,243,254,321,452,478,582,646,685,708,722,858,950,1012],[131,132,133,134,135,136,137,138,139,140,141,142,143,144,145,146,147,148,149,150,151,152,153,154,155,156,157,158,159,160,161,162,163,164,165,166,167,168,169,170,171]]
[(9.9116, -55.1438, 4.9253)/14] => [[69,71,88,99,141,204,225,243,254,321,452,478,582,646,685,708,722,858,950,1012],[131,132,133,134,135,136,137,138,139,140,141,142,143,144,145,146,147,148,149,150,151,152,153,154,155,156,157,158,159,160,161,162,163,164,165,166,167,168,169,170,171]]
[(9.9113, -55.1414, 4.9257)/14] => [[69,71,88,99,141,204,225,243,254,321,452,478,582,646,685,708,722,858,950,1012],[131,132,133,134,135,136,137,138,139,140,141,142,143,144,145,146,147,148,149,150,151,152,153,154,155,156,157,158,159,160,161,162,163,164,165,166,167,168,169,170,171]]
[(9.9111, -55.1390, 4.9261)/14] => [[69,71,88,99,141,204,225,243,254,321,452,478,582,646,685,708,722,858,950,1012],[131,132,133,134,135,136,137,138,139,140,141,142,143,144,145,146,147,148,149,150,151,152,153,154,155,156,157,158,159,160,161,162,163,164,165,166,167,168,169,170,171]]
[(9.9109, -55.1366, 4.9265)/14] => [[69,71,88,99,141,204,225,243,254,321,452,478,582,646,685,708,722,858,950,1012],[131,132,133,134,135,136,137,138,139,140,141,142,143,144,145,146,147,148,149,150,151,152,153,154,155,156,157,158,159,160,161,162,163,164,165,166,167,168,169,170,171]]
[(9.9106, -55.1343, 4.9269)/14] => [[69,71,88,99,141,204,225,243,254,321,452,478,582,646,685,708,722,858,950,1012],[131,132,133,134,135,136,137,138,139,140,141,142,143,144,145,146,147,148,149,150,151,152,153,154,155,156,157,158,159,160,161,162,163,164,165,166,167,168,169,170,171]]
[(9.9104, -55.1319, 4.9273)/14] => [[69,71,88,99,141,204,225,243,254,321,452,478,582,646,685,708,722,858,950,1012],[131,132,133,134,135,136,137,138,139,140,141,142,143,144,145,146,147,148,149,150,151,152,153,154,155,156,157,158,159,160,161,162,163,164,165,166,167,168,169,170,171]]
[(9.9102, -55.1294, 4.9277)/14] => [[69,71,88,99,141,204,225,243,254,321,452,478,582,646,685,708,722,858,950,1012],[131,132,133,134,135,136,137,138,139,140,141,142,143,144,145,146,147,148,149,150,151,152,153,154,155,156,157,158,159,160,161,162,163,164,165,166,167,168,169,170,171]]
[(9.9099, -55.1271, 4.9281)/14] => [[69,71,88,99,141,204,225,243,254,321,452,478,582,646,685,708,722,858,950,1012],[131,132,133,134,135,136,137,138,139,140,141,142,143,144,145,146,147,148,149,150,151,152,153,154,155,156,157,158,159,160,161,162,163,164,165,166,167,168,169,170,171]]
[(9.9097, -55.1247, 4.9285)/14] => [[69,71,88,99,141,204,225,243,254,321,452,478,582,646,685,708,722,858,950,1012],[131,132,133,134,135,136,137,138,139,140,141,142,143,144,145,146,147,148,149,150,151,152,153,154,155,156,157,158,159,160,161,162,163,164,165,166,167,168,169,170,171]]
[(9.9094, -55.1222, 4.9289)/14] => [[69,71,88,99,141,204,225,243,254,321,452,478,582,646,685,708,722,858,950,1012],[131,132,133,134,135,136,137,138,139,140,141,142,143,144,145,146,147,148,149,150,151,152,153,154,155,156,157,158,159,160,161,162,163,164,165,166,167,168,169,170,171]]
[(9.9092, -55.1199, 4.9293)/14] => [[69,71,88,99,141,204,225,243,254,321,452,478,582,646,685,708,722,858,950,1012],[131,132,133,134,135,136,137,138,139,140,141,142,143,144,145,146,147,148,149,150,151,152,153,154,155,156,157,158,159,160,161,162,163,164,165,166,167,168,169,170,171]]
[(9.9090, -55.1174, 4.9297)/14] => [[69,71,88,99,141,204,225,243,254,321,452,478,582,646,685,708,722,858,950,1012],[131,132,133,134,135,136,137,138,139,140,141,142,143,144,145,146,147,148,149,150,151,152,153,154,155,156,157,158,159,160,161,162,163,164,165,166,167,168,169,170,171]]
[(9.9087, -55.1150, 4.9301)/14] => [[69,71,88,99,141,204,225,243,254,321,452,478,582,646,685,708,722,858,950,1012],[131,132,133,134,135,136,137,138,139,140,141,142,143,144,145,146,147,148,149,150,151,152,153,154,155,156,157,158,159,160,161,162,163,164,165,166,167,168,169,170,171]]
[(9.9085, -55.1126, 4.9305)/14] => [[69,71,88,99,141,204,225,243,254,321,452,478,582,646,685,708,722,858,950,1012],[131,132,133,134,135,136,137,138,139,140,141,142,143,144,145,146,147,148,149,150,151,152,153,154,155,156,157,158,159,160,161,162,163,164,165,166,167,168,169,170,171]]
[(9.9082, -55.1102, 4.9309)/14] => [[69,71,88,99,141,204,225,243,254,321,452,478,582,646,685,708,722,858,950,1012],[131,132,133,134,135,136,137,138,139,140,141,142,143,144,145,146,147,148,149,150,151,152,153,154,155,156,157,158,159,160,161,162,163,164,165,166,167,168,169,170,171]]
[(9.9080, -55.1078, 4.9313)/14] => [[69,71,88,99,141,204,225,243,254,321,452,478,582,646,685,708,722,858,950,1012],[131,132,133,134,135,136,137,138,139,140,141,142,143,144,145,146,147,148,149,150,151,152,153,154,155,156,157,158,159,160,161,162,163,164,165,166,167,168,169,170,171]]
[(9.9078, -55.1055, 4.9317)/14] => [[69,71,88,99,141,204,225,243,254,321,452,478,582,646,685,708,722,858,950,1012],[131,132,133,134,135,136,137,138,139,140,141,142,143,144,145,146,147,148,149,150,151,152,153,154,155,156,157,158,159,160,161,162,163,164,165,166,167,168,169,170,171]]
[(9.9075, -55.1031, 4.9321)/14] => [[69,71,88,99,141,204,225,243,254,321,452,478,582,646,685,708,722,858,950,1012],[131,132,133,134,135,136,137,138,139,140,141,142,143,144,145,146,147,148,149,150,151,152,153,154,155,156,157,158,159,160,161,162,163,164,165,166,167,168,169,170,171]]
[(9.9073, -55.1006, 4.9325)/14] => [[69,71,88,99,141,204,225,243,254,321,452,478,582,646,685,708,722,858,950,1012],[131,132,133,134,135,136,137,138,139,140,141,142,143,144,145,146,147,148,149,150,151,152,153,154,155,156,157,158,159,160,161,162,163,164,165,166,167,168,169,170,171]]
[(9.9071, -55.0982, 4.9329)/14] => [[69,71,88,99,141,204,225,243,254,321,452,478,582,646,685,708,722,858,950,1012],[131,132,133,134,135,136,137,138,139,140,141,142,143,144,145,146,147,148,149,150,151,152,153,154,155,156,157,158,159,160,161,162,163,164,165,166,167,168,169,170,171]]
[(9.9068, -55.0958, 4.9333)/14] => [[69,71,88,99,141,204,225,243,254,321,452,478,582,646,685,708,722,858,950,1012],[131,132,133,134,135,136,137,138,139,140,141,142,143,144,145,146,147,148,149,150,151,152,153,154,155,156,157,158,159,160,161,162,163,164,165,166,167,168,169,170,171]]
[(9.9066, -55.0934, 4.9337)/14] => [[69,71,88,99,141,204,225,243,254,321,452,478,582,646,685,708,722,858,950,1012],[131,132,133,134,135,136,137,138,139,140,141,142,143,144,145,146,147,148,149,150,151,152,153,154,155,156,157,158,159,160,161,162,163,164,165,166,167,168,169,170,171]]
[(9.9063, -55.0910, 4.9341)/14] => [[69,71,88,99,141,204,225,243,254,321,452,478,582,646,685,708,722,858,950,1012],[131,132,133,134,135,136,137,138,139,140,141,142,143,144,145,146,147,148,149,150,151,152,153,154,155,156,157,158,159,160,161,162,163,164,165,166,167,168,169,170,171]]
[(9.9061, -55.0886, 4.9345)/14] => [[69,71,88,99,141,204,225,243,254,321,452,478,582,646,685,708,722,858,950,1012],[131,132,133,134,135,136,137,138,139,140,141,142,143,144,145,146,147,148,149,150,151,152,153,154,155,156,157,158,159,160,161,162,163,164,165,166,167,168,169,170,171]]
[(9.9059, -55.0862, 4.9349)/14] => [[69,71,88,99,141,204,225,243,254,321,452,478,582,646,685,708,722,858,950,1012],[131,132,133,134,135,136,137,138,139,140,141,142,143,144,145,146,147,148,149,150,151,152,153,154,155,156,157,158,159,160,161,162,163,164,165,166,167,168,169,170,171]]
[(9.9056, -55.0838, 4.9353)/14] => [[69,71,88,99,141,204,225,243,254,321,452,478,582,646,685,708,722,858,950,1012],[131,132,133,134,135,136,137,138,139,140,141,142,143,144,145,146,147,148,149,150,151,152,153,154,155,156,157,158,159,160,161,162,163,164,165,166,167,168,169,170,171]]
[(9.9054, -55.0814, 4.9357)/14] => [[69,71,88,99,141,204,225,243,254,321,452,478,582,646,685,708,722,858,950,1012],[131,132,133,134,135,136,137,138,139,140,141,142,143,144,145,146,147,148,149,150,151,152,153,154,155,156,157,158,159,160,161,162,163,164,165,166,167,168,169,170,171]]
[(9.9051, -55.0790, 4.9361)/14] => [[69,71,88,99,141,204,225,243,254,321,452,478,582,646,685,708,722,858,950,1012],[131,132,133,134,135,136,137,138,139,140,141,142,143,144,145,146,147,148,149,150,151,152,153,154,155,156,157,158,159,160,161,162,163,164,165,166,167,168,169,170,171]]
[(9.9049, -55.0767, 4.9365)/14] => [[69,71,88,99,141,204,225,243,254,321,452,478,582,646,685,708,722,858,950,1012],[131,132,133,134,135,136,137,138,139,140,141,142,143,144,145,146,147,148,149,150,151,152,153,154,155,156,157,158,159,160,161,162,163,164,165,166,167,168,169,170,171]]
[(9.9047, -55.0742, 4.9369)/14] => [[69,71,88,99,141,204,225,243,254,321,452,478,582,646,685,708,722,858,950,1012],[131,132,133,134,135,136,137,138,139,140,141,142,143,144,145,146,147,148,149,150,151,152,153,154,155,156,157,158,159,160,161,162,163,164,165,166,167,168,169,170,171]]
[(9.9044, -55.0718, 4.9373)/14] => [[69,71,88,99,141,204,225,243,254,321,452,478,582,646,685,708,722,858,950,1012],[131,132,133,134,135,136,137,138,139,140,141,142,143,144,145,146,147,148,149,150,151,152,153,154,155,156,157,158,159,160,161,162,163,164,165,166,167,168,169,170,171]]
[(9.9042, -55.0694, 4.9377)/14] => [[69,71,88,99,141,204,225,243,254,321,452,478,582,646,685,708,722,858,950,1012],[131,132,133,134,135,136,137,138,139,140,141,142,143,144,145,146,147,148,149,150,151,152,153,154,155,156,157,158,159,160,161,162,163,164,165,166,167,168,169,170,171]]
[(9.9040, -55.0670, 4.9381)/14] => [[69,71,88,99,141,204,225,243,254,321,452,478,582,646,685,708,722,858,950,1012],[131,132,133,134,135,136,137,138,139,140,141,142,143,144,145,146,147,148,149,150,151,152,153,154,155,156,157,158,159,160,161,162,163,164,165,166,167,168,169,170,171]]
[(9.9037, -55.0646, 4.9385)/14] => [[69,71,88,99,141,204,225,243,254,321,452,478,582,646,685,708,722,858,950,1012],[131,132,133,134,135,136,137,138,139,140,141,142,143,144,145,146,147,148,149,150,151,152,153,154,155,156,157,158,159,160,161,162,163,164,165,166,167,168,169,170,171]]
[(9.9035, -55.0623, 4.9389)/14] => [[69,71,88,99,141,204,225,243,254,321,452,478,582,646,685,708,722,858,950,1012],[131,132,133,134,135,136,137,138,139,140,141,142,143,144,145,146,147,148,149,150,151,152,153,154,155,156,157,158,159,160,161,162,163,164,165,166,167,168,169,170,171]]
[(9.9032, -55.0599, 4.9393)/14] => [[69,71,88,99,141,204,225,243,254,321,452,478,582,646,685,708,722,858,950,1012],[131,132,133,134,135,136,137,138,139,140,141,142,143,144,145,146,147,148,149,150,151,152,153,154,155,156,157,158,159,160,161,162,163,164,165,166,167,168,169,170,171]]
[(9.9030, -55.0574, 4.9397)/14] => [[69,71,88,99,141,204,225,243,254,321,452,478,582,646,685,708,722,858,950,1012],[131,132,133,134,135,136,137,138,139,140,141,142,143,144,145,146,147,148,149,150,151,152,153,154,155,156,157,158,159,160,161,162,163,164,165,166,167,168,169,170,171]]
[(9.9028, -55.0550, 4.9401)/14] => [[69,71,88,99,141,204,225,243,254,321,452,478,582,646,685,708,722,858,950,1012],[131,132,133,134,135,136,137,138,139,140,141,142,143,144,145,146,147,148,149,150,151,152,153,154,155,156,157,158,159,160,161,162,163,164,165,166,167,168,169,170,171]]
[(9.9025, -55.0526, 4.9405)/14] => [[69,71,88,99,141,204,225,243,254,321,452,478,582,646,685,708,722,858,950,1012],[131,132,133,134,135,136,137,138,139,140,141,142,143,144,145,146,147,148,149,150,151,152,153,154,155,156,157,158,159,160,161,162,163,164,165,166,167,168,169,170,171]]
[(9.9023, -55.0502, 4.9409)/14] => [[69,71,88,99,141,204,225,243,254,321,452,478,582,646,685,708,722,858,950,1012],[131,132,133,134,135,136,137,138,139,140,141,142,143,144,145,146,147,148,149,150,151,152,153,154,155,156,157,158,159,160,161,162,163,164,165,166,167,168,169,170,171]]
[(9.9020, -55.0479, 4.9413)/14] => [[69,71,88,99,141,204,225,243,254,321,452,478,582,646,685,708,722,858,950,1012],[131,132,133,134,135,136,137,138,139,140,141,142,143,144,145,146,147,148,149,150,151,152,153,154,155,156,157,158,159,160,161,162,163,164,165,166,167,168,169,170,171]]
[(9.9018, -55.0455, 4.9417)/14] => [[69,71,88,99,141,204,225,243,254,321,452,478,582,646,685,708,722,858,950,1012],[131,132,133,134,135,136,137,138,139,140,141,142,143,144,145,146,147,148,149,150,151,152,153,154,155,156,157,158,159,160,161,162,163,164,165,166,167,168,169,170,171]]
[(9.9016, -55.0431, 4.9421)/14] => [[69,71,88,99,141,204,225,243,254,321,452,478,582,646,685,708,722,858,950,1012],[131,132,133,134,135,136,137,138,139,140,141,142,143,144,145,146,147,148,149,150,151,152,153,154,155,156,157,158,159,160,161,162,163,164,165,166,167,168,169,170,171]]
[(9.9013, -55.0407, 4.9425)/14] => [[69,71,88,99,141,204,225,243,254,321,452,478,582,646,685,708,722,858,950,1012],[131,132,133,134,135,136,137,138,139,140,141,142,143,144,145,146,147,148,149,150,151,152,153,154,155,156,157,158,159,160,161,162,163,164,165,166,167,168,169,170,171]]
[(9.9011, -55.0382, 4.9429)/14] => [[69,71,88,99,141,204,225,243,254,321,452,478,582,646,685,708,722,858,950,1012],[131,132,133,134,135,136,137,138,139,140,141,142,143,144,145,146,147,148,149,150,151,152,153,154,155,156,157,158,159,160,161,162,163,164,165,166,167,168,169,170,171]]
[(9.9009, -55.0358, 4.9433)/14] => [[69,71,88,99,141,204,225,243,254,321,452,478,582,646,685,708,722,858,950,1012],[131,132,133,134,135,136,137,138,139,140,141,142,143,144,145,146,147,148,149,150,151,152,153,154,155,156,157,158,159,160,161,162,163,164,165,166,167,168,169,170,171]]
[(9.9006, -55.0335, 4.9437)/14] => [[69,71,88,99,141,204,225,243,254,321,452,478,582,646,685,708,722,858,950,1012],[131,132,133,134,135,136,137,138,139,140,141,142,143,144,145,146,147,148,149,150,151,152,153,154,155,156,157,158,159,160,161,162,163,164,165,166,167,168,169,170,171]]
[(9.9004, -55.0311, 4.9441)/14] => [[69,71,88,99,141,204,225,243,254,321,452,478,582,646,685,708,722,858,950,1012],[131,132,133,134,135,136,137,138,139,140,141,142,143,144,145,146,147,148,149,150,151,152,153,154,155,156,157,158,159,160,161,162,163,164,165,166,167,168,169,170,171]]
[(9.9001, -55.0287, 4.9445)/14] => [[69,71,88,99,141,204,225,243,254,321,452,478,582,646,685,708,722,858,950,1012],[131,132,133,134,135,136,137,138,139,140,141,142,143,144,145,146,147,148,149,150,151,152,153,154,155,156,157,158,159,160,161,162,163,164,165,166,167,168,169,170,171]]
[(9.8999, -55.0263, 4.9449)/14] => [[69,71,88,99,141,204,225,243,254,321,452,478,582,646,685,708,722,858,950,1012],[131,132,133,134,135,136,137,138,139,140,141,142,143,144,145,146,147,148,149,150,151,152,153,154,155,156,157,158,159,160,161,162,163,164,165,166,167,168,169,170,171]]
[(9.8997, -55.0239, 4.9453)/14] => [[69,71,88,99,141,204,225,243,254,321,452,478,582,646,685,708,722,858,950,1012],[131,132,133,134,135,136,137,138,139,140,141,142,143,144,145,146,147,148,149,150,151,152,153,154,155,156,157,158,159,160,161,162,163,164,165,166,167,168,169,170,171]]
[(9.8994, -55.0215, 4.9457)/14] => [[69,71,88,99,141,204,225,243,254,321,452,478,582,646,685,708,722,858,950,1012],[131,132,133,134,135,136,137,138,139,140,141,142,143,144,145,146,147,148,149,150,151,152,153,154,155,156,157,158,159,160,161,162,163,164,165,166,167,168,169,170,171]]
[(9.8992, -55.0191, 4.9461)/14] => [[69,71,88,99,141,204,225,243,254,321,452,478,582,646,685,708,722,858,950,1012],[131,132,133,134,135,136,137,138,139,140,141,142,143,144,145,146,147,148,149,150,151,152,153,154,155,156,157,158,159,160,161,162,163,164,165,166,167,168,169,170,171]]
[(9.8989, -55.0167, 4.9465)/14] => [[69,71,88,99,141,204,225,243,254,321,452,478,582,646,685,708,722,858,950,1012],[131,132,133,134,135,136,137,138,139,140,141,142,143,144,145,146,147,148,149,150,151,152,153,154,155,156,157,158,159,160,161,162,163,164,165,166,167,168,169,170,171]]
[(9.8987, -55.0143, 4.9469)/14] => [[69,71,88,99,141,204,225,243,254,321,452,478,582,646,685,708,722,858,950,1012],[131,132,133,134,135,136,137,138,139,140,141,142,143,144,145,146,147,148,149,150,151,152,153,154,155,156,157,158,159,160,161,162,163,164,165,166,167,168,169,170,171]]
[(9.8985, -55.0119, 4.9473)/14] => [[69,71,88,99,141,204,225,243,254,321,452,478,582,646,685,708,722,858,950,1012],[131,132,133,134,135,136,137,138,139,140,141,142,143,144,145,146,147,148,149,150,151,152,153,154,155,156,157,158,159,160,161,162,163,164,165,166,167,168,169,170,171]]
[(9.8982, -55.0095, 4.9477)/14] => [[69,71,88,99,141,204,225,243,254,321,452,478,582,646,685,708,722,858,950,1012],[131,132,133,134,135,136,137,138,139,140,141,142,143,144,145,146,147,148,149,150,151,152,153,154,155,156,157,158,159,160,161,162,163,164,165,166,167,168,169,170,171]]
[(9.8980, -55.0071, 4.9481)/14] => [[69,71,88,99,141,204,225,243,254,321,452,478,582,646,685,708,722,858,950,1012],[131,132,133,134,135,136,137,138,139,140,141,142,143,144,145,146,147,148,149,150,151,152,153,154,155,156,157,158,159,160,161,162,163,164,165,166,167,168,169,170,171]]
[(9.8978, -55.0047, 4.9485)/14] => [[69,71,88,99,141,204,225,243,254,321,452,478,582,646,685,708,722,858,950,1012],[131,132,133,134,135,136,137,138,139,140,141,142,143,144,145,146,147,148,149,150,151,152,153,154,155,156,157,158,159,160,161,162,163,164,165,166,167,168,169,170,171]]
[(9.8975, -55.0023, 4.9489)/14] => [[69,71,88,99,141,204,225,243,254,321,452,478,582,646,685,708,722,858,950,1012],[131,132,133,134,135,136,137,138,139,140,141,142,143,144,145,146,147,148,149,150,151,152,153,154,155,156,157,158,159,160,161,162,163,164,165,166,167,168,169,170,171]]
[(9.8973, -54.9999, 4.9493)/14] => [[69,71,88,99,141,204,225,243,254,321,452,478,582,646,685,708,722,858,950,1012],[131,132,133,134,135,136,137,138,139,140,141,142,143,144,145,146,147,148,149,150,151,152,153,154,155,156,157,158,159,160,161,162,163,164,165,166,167,168,169,170,171]]
[(9.8970, -54.9975, 4.9497)/14] => [[69,71,88,99,141,204,225,243,254,321,452,478,582,646,685,708,722,858,950,1012],[131,132,133,134,135,136,137,138,139,140,141,142,143,144,145,146,147,148,149,150,151,152,153,154,155,156,157,158,159,160,161,162,163,164,165,166,167,168,169,170,171]]
[(9.8968, -54.9951, 4.9501)/14] => [[69,71,88,99,141,204,225,243,254,321,452,478,582,646,685,708,722,858,950,1012],[131,132,133,134,135,136,137,138,139,140,141,142,143,144,145,146,147,148,149,150,151,152,153,154,155,156,157,158,159,160,161,162,163,164,165,166,167,168,169,170,171]]
[(9.8966, -54.9927, 4.9505)/14] => [[69,71,88,99,141,204,225,243,254,321,452,478,582,646,685,708,722,858,950,1012],[131,132,133,134,135,136,137,138,139,140,141,142,143,144,145,146,147,148,149,150,151,152,153,154,155,156,157,158,159,160,161,162,163,164,165,166,167,168,169,170,171]]
[(9.8963, -54.9904, 4.9509)/14] => [[69,71,88,99,141,204,225,243,254,321,452,478,582,646,685,708,722,858,950,1012],[131,132,133,134,135,136,137,138,139,140,141,142,143,144,145,146,147,148,149,150,151,152,153,154,155,156,157,158,159,160,161,162,163,164,165,166,167,168,169,170,171]]
[(9.8961, -54.9879, 4.9513)/14] => [[69,71,88,99,141,204,225,243,254,321,452,478,582,646,685,708,722,858,950,1012],[131,132,133,134,135,136,137,138,139,140,141,142,143,144,145,146,147,148,149,150,151,152,153,154,155,156,157,158,159,160,161,162,163,164,165,166,167,168,169,170,171]]
[(9.8958, -54.9855, 4.9517)/14] => [[69,71,88,99,141,204,225,243,254,321,452,478,582,646,685,708,722,858,950,1012],[131,132,133,134,135,136,137,138,139,140,141,142,143,144,145,146,147,148,149,150,151,152,153,154,155,156,157,158,159,160,161,162,163,164,165,166,167,168,169,170,171]]
[(9.8956, -54.9832, 4.9521)/14] => [[69,71,88,99,141,204,225,243,254,321,452,478,582,646,685,708,722,858,950,1012],[131,132,133,134,135,136,137,138,139,140,141,142,143,144,145,146,147,148,149,150,151,152,153,154,155,156,157,158,159,160,161,162,163,164,165,166,167,168,169,170,171]]
[(9.8954, -54.9808, 4.9525)/14] => [[69,71,88,99,141,204,225,243,254,321,452,478,582,646,685,708,722,858,950,1012],[131,132,133,134,135,136,137,138,139,140,141,142,143,144,145,146,147,148,149,150,151,152,153,154,155,156,157,158,159,160,161,162,163,164,165,166,167,168,169,170,171]]
[(9.8951, -54.9783, 4.9529)/14] => [[69,71,88,99,141,204,225,243,254,321,452,478,582,646,685,708,722,858,950,1012],[131,132,133,134,135,136,137,138,139,140,141,142,143,144,145,146,147,148,149,150,151,152,153,154,155,156,157,158,159,160,161,162,163,164,165,166,167,168,169,170,171]]
[(9.8949, -54.9759, 4.9533)/14] => [[69,71,88,99,141,204,225,243,254,321,452,478,582,646,685,708,722,858,950,1012],[131,132,133,134,135,136,137,138,139,140,141,142,143,144,145,146,147,148,149,150,151,152,153,154,155,156,157,158,159,160,161,162,163,164,165,166,167,168,169,170,171]]
[(9.8947, -54.9736, 4.9537)/14] => [[69,71,88,99,141,204,225,243,254,321,452,478,582,646,685,708,722,858,950,1012],[131,132,133,134,135,136,137,138,139,140,141,142,143,144,145,146,147,148,149,150,151,152,153,154,155,156,157,158,159,160,161,162,163,164,165,166,167,168,169,170,171]]
[(9.8944, -54.9711, 4.9541)/14] => [[69,71,88,99,141,204,225,243,254,321,452,478,582,646,685,708,722,858,950,1012],[131,132,133,134,135,136,137,138,139,140,141,142,143,144,145,146,147,148,149,150,151,152,153,154,155,156,157,158,159,160,161,162,163,164,165,166,167,168,169,170,171]]
[(9.8942, -54.9688, 4.9545)/14] => [[69,71,88,99,141,204,225,243,254,321,452,478,582,646,685,708,722,858,950,1012],[131,132,133,134,135,136,137,138,139,140,141,142,143,144,145,146,147,148,149,150,151,152,153,154,155,156,157,158,159,160,161,162,163,164,165,166,167,168,169,170,171]]
[(9.8939, -54.9664, 4.9549)/14] => [[69,71,88,99,141,204,225,243,254,321,452,478,582,646,685,708,722,858,950,1012],[131,132,133,134,135,136,137,138,139,140,141,142,143,144,145,146,147,148,149,150,151,152,153,154,155,156,157,158,159,160,161,162,163,164,165,166,167,168,169,170,171]]
[(9.8937, -54.9640, 4.9553)/14] => [[69,71,88,99,141,204,225,243,254,321,452,478,582,646,685,708,722,858,950,1012],[131,132,133,134,135,136,137,138,139,140,141,142,143,144,145,146,147,148,149,150,151,152,153,154,155,156,157,158,159,160,161,162,163,164,165,166,167,168,169,170,171]]
[(9.8935, -54.9616, 4.9557)/14] => [[69,71,88,99,141,204,225,243,254,321,452,478,582,646,685,708,722,858,950,1012],[131,132,133,134,135,136,137,138,139,140,141,142,143,144,145,146,147,148,149,150,151,152,153,154,155,156,157,158,159,160,161,162,163,164,165,166,167,168,169,170,171]]
[(9.8932, -54.9593, 4.9561)/14] => [[69,71,88,99,141,204,225,243,254,321,452,478,582,646,685,708,722,858,950,1012],[131,132,133,134,135,136,137,138,139,140,141,142,143,144,145,146,147,148,149,150,151,152,153,154,155,156,157,158,159,160,161,162,163,164,165,166,167,168,169,170,171]]
[(9.8930, -54.9568, 4.9565)/14] => [[69,71,88,99,141,204,225,243,254,321,452,478,582,646,685,708,722,858,950,1012],[131,132,133,134,135,136,137,138,139,140,141,142,143,144,145,146,147,148,149,150,151,152,153,154,155,156,157,158,159,160,161,162,163,164,165,166,167,168,169,170,171]]
[(9.8928, -54.9544, 4.9569)/14] => [[69,71,88,99,141,204,225,243,254,321,452,478,582,646,685,708,722,858,950,1012],[131,132,133,134,135,136,137,138,139,140,141,142,143,144,145,146,147,148,149,150,151,152,153,154,155,156,157,158,159,160,161,162,163,164,165,166,167,168,169,170,171]]
[(9.8925, -54.9521, 4.9573)/14] => [[69,71,88,99,141,204,225,243,254,321,452,478,582,646,685,708,722,858,950,1012],[131,132,133,134,135,136,137,138,139,140,141,142,143,144,145,146,147,148,149,150,151,152,153,154,155,156,157,158,159,160,161,162,163,164,165,166,167,168,169,170,171]]
[(9.8923, -54.9497, 4.9577)/14] => [[69,71,88,99,141,204,225,243,254,321,452,478,582,646,685,708,722,858,950,1012],[131,132,133,134,135,136,137,138,139,140,141,142,143,144,145,146,147,148,149,150,151,152,153,154,155,156,157,158,159,160,161,162,163,164,165,166,167,168,169,170,171]]
[(9.8920, -54.9472, 4.9581)/14] => [[69,71,88,99,141,204,225,243,254,321,452,478,582,646,685,708,722,858,950,1012],[131,132,133,134,135,136,137,138,139,140,141,142,143,144,145,146,147,148,149,150,151,152,153,154,155,156,157,158,159,160,161,162,163,164,165,166,167,168,169,170,171]]
[(9.8918, -54.9448, 4.9585)/14] => [[69,71,88,99,141,204,225,243,254,321,452,478,582,646,685,708,722,858,950,1012],[131,132,133,134,135,136,137,138,139,140,141,142,143,144,145,146,147,148,149,150,151,152,153,154,155,156,157,158,159,160,161,162,163,164,165,166,167,168,169,170,171]]
[(9.8916, -54.9424, 4.9589)/14] => [[69,71,88,99,141,204,225,243,254,321,452,478,582,646,685,708,722,858,950,1012],[131,132,133,134,135,136,137,138,139,140,141,142,143,144,145,146,147,148,149,150,151,152,153,154,155,156,157,158,159,160,161,162,163,164,165,166,167,168,169,170,171]]
[(9.8913, -54.9400, 4.9593)/14] => [[69,71,88,99,141,204,225,243,254,321,452,478,582,646,685,708,722,858,950,1012],[131,132,133,134,135,136,137,138,139,140,141,142,143,144,145,146,147,148,149,150,151,152,153,154,155,156,157,158,159,160,161,162,163,164,165,166,167,168,169,170,171]]
[(9.8911, -54.9376, 4.9597)/14] => [[69,71,88,99,141,204,225,243,254,321,452,478,582,646,685,708,722,858,950,1012],[131,132,133,134,135,136,137,138,139,140,141,142,143,144,145,146,147,148,149,150,151,152,153,154,155,156,157,158,159,160,161,162,163,164,165,166,167,168,169,170,171]]
[(9.8908, -54.9352, 4.9601)/14] => [[69,71,88,99,141,204,225,243,254,321,452,478,582,646,685,708,722,858,950,1012],[131,132,133,134,135,136,137,138,139,140,141,142,143,144,145,146,147,148,149,150,151,152,153,154,155,156,157,158,159,160,161,162,163,164,165,166,167,168,169,170,171]]
[(9.8906, -54.9328, 4.9605)/14] => [[69,71,88,99,141,204,225,243,254,321,452,478,582,646,685,708,722,858,950,1012],[131,132,133,134,135,136,137,138,139,140,141,142,143,144,145,146,147,148,149,150,151,152,153,154,155,156,157,158,159,160,161,162,163,164,165,166,167,168,169,170,171]]
[(9.8904, -54.9305, 4.9609)/14] => [[69,71,88,99,141,204,225,243,254,321,452,478,582,646,685,708,722,858,950,1012],[131,132,133,134,135,136,137,138,139,140,141,142,143,144,145,146,147,148,149,150,151,152,153,154,155,156,157,158,159,160,161,162,163,164,165,166,167,168,169,170,171]]
[(9.8901, -54.9280, 4.9613)/14] => [[69,71,88,99,141,204,225,243,254,321,452,478,582,646,685,708,722,858,950,1012],[131,132,133,134,135,136,137,138,139,140,141,142,143,144,145,146,147,148,149,150,151,152,153,154,155,156,157,158,159,160,161,162,163,164,165,166,167,168,169,170,171]]
[(9.8899, -54.9256, 4.9617)/14] => [[69,71,88,99,141,204,225,243,254,321,452,478,582,646,685,708,722,858,950,1012],[131,132,133,134,135,136,137,138,139,140,141,142,143,144,145,146,147,148,149,150,151,152,153,154,155,156,157,158,159,160,161,162,163,164,165,166,167,168,169,170,171]]
[(9.8897, -54.9233, 4.9621)/14] => [[69,71,88,99,141,204,225,243,254,321,452,478,582,646,685,708,722,858,950,1012],[131,132,133,134,135,136,137,138,139,140,141,142,143,144,145,146,147,148,149,150,151,152,153,154,155,156,157,158,159,160,161,162,163,164,165,166,167,168,169,170,171]]
[(9.8894, -54.9208, 4.9625)/14] => [[69,71,88,99,141,204,225,243,254,321,452,478,582,646,685,708,722,858,950,1012],[131,132,133,134,135,136,137,138,139,140,141,142,143,144,145,146,147,148,149,150,151,152,153,154,155,156,157,158,159,160,161,162,163,164,165,166,167,168,169,170,171]]
[(9.8892, -54.9184, 4.9629)/14] => [[69,71,88,99,141,204,225,243,254,321,452,478,582,646,685,708,722,858,950,1012],[131,132,133,134,135,136,137,138,139,140,141,142,143,144,145,146,147,148,149,150,151,152,153,154,155,156,157,158,159,160,161,162,163,164,165,166,167,168,169,170,171]]
[(9.8889, -54.9161, 4.9633)/14] => [[69,71,88,99,141,204,225,243,254,321,452,478,582,646,685,708,722,858,950,1012],[131,132,133,134,135,136,137,138,139,140,141,142,143,144,145,146,147,148,149,150,151,152,153,154,155,156,157,158,159,160,161,162,163,164,165,166,167,168,169,170,171]]
[(9.8887, -54.9137, 4.9637)/14] => [[69,71,88,99,141,204,225,243,254,321,452,478,582,646,685,708,722,858,950,1012],[131,132,133,134,135,136,137,138,139,140,141,142,143,144,145,146,147,148,149,150,151,152,153,154,155,156,157,158,159,160,161,162,163,164,165,166,167,168,169,170,171]]
[(9.8885, -54.9113, 4.9641)/14] => [[69,71,88,99,141,204,225,243,254,321,452,478,582,646,685,708,722,858,950,1012],[131,132,133,134,135,136,137,138,139,140,141,142,143,144,145,146,147,148,149,150,151,152,153,154,155,156,157,158,159,160,161,162,163,164,165,166,167,168,169,170,171]]
[(9.8882, -54.9089, 4.9645)/14] => [[69,71,88,99,141,204,225,243,254,321,452,478,582,646,685,708,722,858,950,1012],[131,132,133,134,135,136,137,138,139,140,141,142,143,144,145,146,147,148,149,150,151,152,153,154,155,156,157,158,159,160,161,162,163,164,165,166,167,168,169,170,171]]
[(9.8880, -54.9066, 4.9649)/14] => [[69,71,88,99,141,204,225,243,254,321,452,478,582,646,685,708,722,858,950,1012],[131,132,133,134,135,136,137,138,139,140,141,142,143,144,145,146,147,148,149,150,151,152,153,154,155,156,157,158,159,160,161,162,163,164,165,166,167,168,169,170,171]]
[(9.8877, -54.9041, 4.9653)/14] => [[69,71,88,99,141,204,225,243,254,321,452,478,582,646,685,708,722,858,950,1012],[131,132,133,134,135,136,137,138,139,140,141,142,143,144,145,146,147,148,149,150,151,152,153,154,155,156,157,158,159,160,161,162,163,164,165,166,167,168,169,170,171]]
[(9.8875, -54.9017, 4.9657)/14] => [[69,71,88,99,141,204,225,243,254,321,452,478,582,646,685,708,722,858,950,1012],[131,132,133,134,135,136,137,138,139,140,141,142,143,144,145,146,147,148,149,150,151,152,153,154,155,156,157,158,159,160,161,162,163,164,165,166,167,168,169,170,171]]
[(9.8873, -54.8993, 4.9661)/14] => [[69,71,88,99,141,204,225,243,254,321,452,478,582,646,685,708,722,858,950,1012],[131,132,133,134,135,136,137,138,139,140,141,142,143,144,145,146,147,148,149,150,151,152,153,154,155,156,157,158,159,160,161,162,163,164,165,166,167,168,169,170,171]]
[(9.8870, -54.8969, 4.9665)/14] => [[69,71,88,99,141,204,225,243,254,321,452,478,582,646,685,708,722,858,950,1012],[131,132,133,134,135,136,137,138,139,140,141,142,143,144,145,146,147,148,149,150,151,152,153,154,155,156,157,158,159,160,161,162,163,164,165,166,167,168,169,170,171]]
[(9.8868, -54.8945, 4.9669)/14] => [[69,71,88,99,141,204,225,243,254,321,452,478,582,646,685,708,722,858,950,1012],[131,132,133,134,135,136,137,138,139,140,141,142,143,144,145,146,147,148,149,150,151,152,153,154,155,156,157,158,159,160,161,162,163,164,165,166,167,168,169,170,171]]
[(9.8866, -54.8921, 4.9673)/14] => [[69,71,88,99,141,204,225,243,254,321,452,478,582,646,685,708,722,858,950,1012],[131,132,133,134,135,136,137,138,139,140,141,142,143,144,145,146,147,148,149,150,151,152,153,154,155,156,157,158,159,160,161,162,163,164,165,166,167,168,169,170,171]]
[(9.8863, -54.8897, 4.9677)/14] => [[69,71,88,99,141,204,225,243,254,321,452,478,582,646,685,708,722,858,950,1012],[131,132,133,134,135,136,137,138,139,140,141,142,143,144,145,146,147,148,149,150,151,152,153,154,155,156,157,158,159,160,161,162,163,164,165,166,167,168,169,170,171]]
[(9.8861, -54.8873, 4.9681)/14] => [[69,71,88,99,141,204,225,243,254,321,452,478,582,646,685,708,722,858,950,1012],[131,132,133,134,135,136,137,138,139,140,141,142,143,144,145,146,147,148,149,150,151,152,153,154,155,156,157,158,159,160,161,162,163,164,165,166,167,168,169,170,171]]
[(9.8858, -54.8848, 4.9685)/14] => [[69,71,88,99,141,204,225,243,254,321,452,478,582,646,685,708,722,858,950,1012],[131,132,133,134,135,136,137,138,139,140,141,142,143,144,145,146,147,148,149,150,151,152,153,154,155,156,157,158,159,160,161,162,163,164,165,166,167,168,169,170,171]]
[(9.8856, -54.8824, 4.9689)/14] => [[69,71,88,99,141,204,225,243,254,321,452,478,582,646,685,708,722,858,950,1012],[131,132,133,134,135,136,137,138,139,140,141,142,143,144,145,146,147,148,149,150,151,152,153,154,155,156,157,158,159,160,161,162,163,164,165,166,167,168,169,170,171]]
[(9.8854, -54.8801, 4.9693)/14] => [[69,71,88,99,141,204,225,243,254,321,452,478,582,646,685,708,722,858,950,1012],[131,132,133,134,135,136,137,138,139,140,141,142,143,144,145,146,147,148,149,150,151,152,153,154,155,156,157,158,159,160,161,162,163,164,165,166,167,168,169,170,171]]
[(9.8851, -54.8777, 4.9697)/14] => [[69,71,88,99,141,204,225,243,254,321,452,478,582,646,685,708,722,858,950,1012],[131,132,133,134,135,136,137,138,139,140,141,142,143,144,145,146,147,148,149,150,151,152,153,154,155,156,157,158,159,160,161,162,163,164,165,166,167,168,169,170,171]]
[(9.8849, -54.8753, 4.9701)/14] => [[69,71,88,99,141,204,225,243,254,321,452,478,582,646,685,708,722,858,950,1012],[131,132,133,134,135,136,137,138,139,140,141,142,143,144,145,146,147,148,149,150,151,152,153,154,155,156,157,158,159,160,161,162,163,164,165,166,167,168,169,170,171]]
[(9.8846, -54.8730, 4.9705)/14] => [[69,71,88,99,141,204,225,243,254,321,452,478,582,646,685,708,722,858,950,1012],[131,132,133,134,135,136,137,138,139,140,141,142,143,144,145,146,147,148,149,150,151,152,153,154,155,156,157,158,159,160,161,162,163,164,165,166,167,168,169,170,171]]
[(9.8844, -54.8705, 4.9709)/14] => [[69,71,88,99,141,204,225,243,254,321,452,478,582,646,685,708,722,858,950,1012],[131,132,133,134,135,136,137,138,139,140,141,142,143,144,145,146,147,148,149,150,151,152,153,154,155,156,157,158,159,160,161,162,163,164,165,166,167,168,169,170,171]]
[(9.8842, -54.8681, 4.9713)/14] => [[69,71,88,99,141,204,225,243,254,321,452,478,582,646,685,708,722,858,950,1012],[131,132,133,134,135,136,137,138,139,140,141,142,143,144,145,146,147,148,149,150,151,152,153,154,155,156,157,158,159,160,161,162,163,164,165,166,167,168,169,170,171]]
[(9.8839, -54.8658, 4.9717)/14] => [[69,71,88,99,141,204,225,243,254,321,452,478,582,646,685,708,722,858,950,1012],[131,132,133,134,135,136,137,138,139,140,141,142,143,144,145,146,147,148,149,150,151,152,153,154,155,156,157,158,159,160,161,162,163,164,165,166,167,168,169,170,171]]
[(9.8837, -54.8634, 4.9721)/14] => [[69,71,88,99,141,204,225,243,254,321,452,478,582,646,685,708,722,858,950,1012],[131,132,133,134,135,136,137,138,139,140,141,142,143,144,145,146,147,148,149,150,151,152,153,154,155,156,157,158,159,160,161,162,163,164,165,166,167,168,169,170,171]]
[(9.8835, -54.8610, 4.9725)/14] => [[69,71,88,99,141,204,225,243,254,321,452,478,582,646,685,708,722,858,950,1012],[131,132,133,134,135,136,137,138,139,140,141,142,143,144,145,146,147,148,149,150,151,152,153,154,155,156,157,158,159,160,161,162,163,164,165,166,167,168,169,170,171]]
[(9.8832, -54.8586, 4.9729)/14] => [[69,71,88,99,141,204,225,243,254,321,452,478,582,646,685,708,722,858,950,1012],[131,132,133,134,135,136,137,138,139,140,141,142,143,144,145,146,147,148,149,150,151,152,153,154,155,156,157,158,159,160,161,162,163,164,165,166,167,168,169,170,171]]
[(9.8830, -54.8563, 4.9733)/14] => [[69,71,88,99,141,204,225,243,254,321,452,478,582,646,685,708,722,858,950,1012],[131,132,133,134,135,136,137,138,139,140,141,142,143,144,145,146,147,148,149,150,151,152,153,154,155,156,157,158,159,160,161,162,163,164,165,166,167,168,169,170,171]]
[(9.8827, -54.8538, 4.9737)/14] => [[69,71,88,99,141,204,225,243,254,321,452,478,582,646,685,708,722,858,950,1012],[131,132,133,134,135,136,137,138,139,140,141,142,143,144,145,146,147,148,149,150,151,152,153,154,155,156,157,158,159,160,161,162,163,164,165,166,167,168,169,170,171]]
[(9.8825, -54.8515, 4.9741)/14] => [[69,71,88,99,141,204,225,243,254,321,452,478,582,646,685,708,722,858,950,1012],[131,132,133,134,135,136,137,138,139,140,141,142,143,144,145,146,147,148,149,150,151,152,153,154,155,156,157,158,159,160,161,162,163,164,165,166,167,168,169,170,171]]
[(9.8823, -54.8491, 4.9745)/14] => [[69,71,88,99,141,204,225,243,254,321,452,478,582,646,685,708,722,858,950,1012],[131,132,133,134,135,136,137,138,139,140,141,142,143,144,145,146,147,148,149,150,151,152,153,154,155,156,157,158,159,160,161,162,163,164,165,166,167,168,169,170,171]]
[(9.8820, -54.8466, 4.9749)/14] => [[69,71,88,99,141,204,225,243,254,321,452,478,582,646,685,708,722,858,950,1012],[131,132,133,134,135,136,137,138,139,140,141,142,143,144,145,146,147,148,149,150,151,152,153,154,155,156,157,158,159,160,161,162,163,164,165,166,167,168,169,170,171]]
[(9.8818, -54.8442, 4.9753)/14] => [[69,71,88,99,141,204,225,243,254,321,452,478,582,646,685,708,722,858,950,1012],[131,132,133,134,135,136,137,138,139,140,141,142,143,144,145,146,147,148,149,150,151,152,153,154,155,156,157,158,159,160,161,162,163,164,165,166,167,168,169,170,171]]
[(9.8815, -54.8418, 4.9757)/14] => [[69,71,88,99,141,204,225,243,254,321,452,478,582,646,685,708,722,858,950,1012],[131,132,133,134,135,136,137,138,139,140,141,142,143,144,145,146,147,148,149,150,151,152,153,154,155,156,157,158,159,160,161,162,163,164,165,166,167,168,169,170,171]]
[(9.8813, -54.8394, 4.9761)/14] => [[69,71,88,99,141,204,225,243,254,321,452,478,582,646,685,708,722,858,950,1012],[131,132,133,134,135,136,137,138,139,140,141,142,143,144,145,146,147,148,149,150,151,152,153,154,155,156,157,158,159,160,161,162,163,164,165,166,167,168,169,170,171]]
[(9.8811, -54.8370, 4.9765)/14] => [[69,71,88,99,141,204,225,243,254,321,452,478,582,646,685,708,722,858,950,1012],[131,132,133,134,135,136,137,138,139,140,141,142,143,144,145,146,147,148,149,150,151,152,153,154,155,156,157,158,159,160,161,162,163,164,165,166,167,168,169,170,171]]
[(9.8808, -54.8345, 4.9769)/14] => [[69,71,88,99,141,204,225,243,254,321,452,478,582,646,685,708,722,858,950,1012],[131,132,133,134,135,136,137,138,139,140,141,142,143,144,145,146,147,148,149,150,151,152,153,154,155,156,157,158,159,160,161,162,163,164,165,166,167,168,169,170,171]]
[(9.8806, -54.8321, 4.9774)/14] => [[69,71,88,99,141,204,225,243,254,321,452,478,582,646,685,708,722,858,950,1012],[131,132,133,134,135,136,137,138,139,140,141,142,143,144,145,146,147,148,149,150,151,152,153,154,155,156,157,158,159,160,161,162,163,164,165,166,167,168,169,170,171]]
[(9.8804, -54.8298, 4.9777)/14] => [[69,71,88,99,141,204,225,243,254,321,452,478,582,646,685,708,722,858,950,1012],[131,132,133,134,135,136,137,138,139,140,141,142,143,144,145,146,147,148,149,150,151,152,153,154,155,156,157,158,159,160,161,162,163,164,165,166,167,168,169,170,171]]
[(9.8801, -54.8274, 4.9782)/14] => [[69,71,88,99,141,204,225,243,254,321,452,478,582,646,685,708,722,858,950,1012],[131,132,133,134,135,136,137,138,139,140,141,142,143,144,145,146,147,148,149,150,151,152,153,154,155,156,157,158,159,160,161,162,163,164,165,166,167,168,169,170,171]]
[(9.8799, -54.8250, 4.9785)/14] => [[69,71,88,99,141,204,225,243,254,321,452,478,582,646,685,708,722,858,950,1012],[131,132,133,134,135,136,137,138,139,140,141,142,143,144,145,146,147,148,149,150,151,152,153,154,155,156,157,158,159,160,161,162,163,164,165,166,167,168,169,170,171]]
[(9.8796, -54.8226, 4.9789)/14] => [[69,71,88,99,141,204,225,243,254,321,452,478,582,646,685,708,722,858,950,1012],[131,132,133,134,135,136,137,138,139,140,141,142,143,144,145,146,147,148,149,150,151,152,153,154,155,156,157,158,159,160,161,162,163,164,165,166,167,168,169,170,171]]
[(9.8794, -54.8202, 4.9793)/14] => [[69,71,88,99,141,204,225,243,254,321,452,478,582,646,685,708,722,858,950,1012],[131,132,133,134,135,136,137,138,139,140,141,142,143,144,145,146,147,148,149,150,151,152,153,154,155,156,157,158,159,160,161,162,163,164,165,166,167,168,169,170,171]]
[(9.8792, -54.8178, 4.9797)/14] => [[69,71,88,99,141,204,225,243,254,321,452,478,582,646,685,708,722,858,950,1012],[131,132,133,134,135,136,137,138,139,140,141,142,143,144,145,146,147,148,149,150,151,152,153,154,155,156,157,158,159,160,161,162,163,164,165,166,167,168,169,170,171]]
[(9.8789, -54.8154, 4.9801)/14] => [[69,71,88,99,141,204,225,243,254,321,452,478,582,646,685,708,722,858,950,1012],[131,132,133,134,135,136,137,138,139,140,141,142,143,144,145,146,147,148,149,150,151,152,153,154,155,156,157,158,159,160,161,162,163,164,165,166,167,168,169,170,171]]
[(9.8787, -54.8131, 4.9805)/14] => [[69,71,88,99,141,204,225,243,254,321,452,478,582,646,685,708,722,858,950,1012],[131,132,133,134,135,136,137,138,139,140,141,142,143,144,145,146,147,148,149,150,151,152,153,154,155,156,157,158,159,160,161,162,163,164,165,166,167,168,169,170,171]]
[(9.8784, -54.8107, 4.9809)/14] => [[69,71,88,99,141,204,225,243,254,321,452,478,582,646,685,708,722,858,950,1012],[131,132,133,134,135,136,137,138,139,140,141,142,143,144,145,146,147,148,149,150,151,152,153,154,155,156,157,158,159,160,161,162,163,164,165,166,167,168,169,170,171]]
[(9.8782, -54.8083, 4.9813)/14] => [[69,71,88,99,141,204,225,243,254,321,452,478,582,646,685,708,722,858,950,1012],[131,132,133,134,135,136,137,138,139,140,141,142,143,144,145,146,147,148,149,150,151,152,153,154,155,156,157,158,159,160,161,162,163,164,165,166,167,168,169,170,171]]
[(9.8780, -54.8060, 4.9817)/14] => [[69,71,88,99,141,204,225,243,254,321,452,478,582,646,685,708,722,858,950,1012],[131,132,133,134,135,136,137,138,139,140,141,142,143,144,145,146,147,148,149,150,151,152,153,154,155,156,157,158,159,160,161,162,163,164,165,166,167,168,169,170,171]]
[(9.8777, -54.8035, 4.9821)/14] => [[69,71,88,99,141,204,225,243,254,321,452,478,582,646,685,708,722,858,950,1012],[131,132,133,134,135,136,137,138,139,140,141,142,143,144,145,146,147,148,149,150,151,152,153,154,155,156,157,158,159,160,161,162,163,164,165,166,167,168,169,170,171]]
[(9.8775, -54.8012, 4.9825)/14] => [[69,71,88,99,141,204,225,243,254,321,452,478,582,646,685,708,722,858,950,1012],[131,132,133,134,135,136,137,138,139,140,141,142,143,144,145,146,147,148,149,150,151,152,153,154,155,156,157,158,159,160,161,162,163,164,165,166,167,168,169,170,171]]
[(9.8773, -54.7988, 4.9829)/14] => [[69,71,88,99,141,204,225,243,254,321,452,478,582,646,685,708,722,858,950,1012],[131,132,133,134,135,136,137,138,139,140,141,142,143,144,145,146,147,148,149,150,151,152,153,154,155,156,157,158,159,160,161,162,163,164,165,166,167,168,169,170,171]]
[(9.8770, -54.7964, 4.9833)/14] => [[69,71,88,99,141,204,225,243,254,321,452,478,582,646,685,708,722,858,950,1012],[131,132,133,134,135,136,137,138,139,140,141,142,143,144,145,146,147,148,149,150,151,152,153,154,155,156,157,158,159,160,161,162,163,164,165,166,167,168,169,170,171]]
[(9.8768, -54.7940, 4.9837)/14] => [[69,71,88,99,141,204,225,243,254,321,452,478,582,646,685,708,722,858,950,1012],[131,132,133,134,135,136,137,138,139,140,141,142,143,144,145,146,147,148,149,150,151,152,153,154,155,156,157,158,159,160,161,162,163,164,165,166,167,168,169,170,171]]
[(9.8765, -54.7916, 4.9841)/14] => [[69,71,88,99,141,204,225,243,254,321,452,478,582,646,685,708,722,858,950,1012],[131,132,133,134,135,136,137,138,139,140,141,142,143,144,145,146,147,148,149,150,151,152,153,154,155,156,157,158,159,160,161,162,163,164,165,166,167,168,169,170,171]]
[(9.8763, -54.7892, 4.9845)/14] => [[69,71,88,99,141,204,225,243,254,321,452,478,582,646,685,708,722,858,950,1012],[131,132,133,134,135,136,137,138,139,140,141,142,143,144,145,146,147,148,149,150,151,152,153,154,155,156,157,158,159,160,161,162,163,164,165,166,167,168,169,170,171]]
[(9.8761, -54.7868, 4.9849)/14] => [[69,71,88,99,141,204,225,243,254,321,452,478,582,646,685,708,722,858,950,1012],[131,132,133,134,135,136,137,138,139,140,141,142,143,144,145,146,147,148,149,150,151,152,153,154,155,156,157,158,159,160,161,162,163,164,165,166,167,168,169,170,171]]
[(9.8758, -54.7844, 4.9853)/14] => [[69,71,88,99,141,204,225,243,254,321,452,478,582,646,685,708,722,858,950,1012],[131,132,133,134,135,136,137,138,139,140,141,142,143,144,145,146,147,148,149,150,151,152,153,154,155,156,157,158,159,160,161,162,163,164,165,166,167,168,169,170,171]]
[(9.8756, -54.7820, 4.9857)/14] => [[69,71,88,99,141,204,225,243,254,321,452,478,582,646,685,708,722,858,950,1012],[131,132,133,134,135,136,137,138,139,140,141,142,143,144,145,146,147,148,149,150,151,152,153,154,155,156,157,158,159,160,161,162,163,164,165,166,167,168,169,170,171]]
[(9.8753, -54.7797, 4.9861)/14] => [[69,71,88,99,141,204,225,243,254,321,452,478,582,646,685,708,722,858,950,1012],[131,132,133,134,135,136,137,138,139,140,141,142,143,144,145,146,147,148,149,150,151,152,153,154,155,156,157,158,159,160,161,162,163,164,165,166,167,168,169,170,171]]
[(9.8751, -54.7773, 4.9865)/14] => [[69,71,88,99,141,204,225,243,254,321,452,478,582,646,685,708,722,858,950,1012],[131,132,133,134,135,136,137,138,139,140,141,142,143,144,145,146,147,148,149,150,151,152,153,154,155,156,157,158,159,160,161,162,163,164,165,166,167,168,169,170,171]]
[(9.8749, -54.7750, 4.9869)/14] => [[69,71,88,99,141,204,225,243,254,321,452,478,582,646,685,708,722,858,950,1012],[131,132,133,134,135,136,137,138,139,140,141,142,143,144,145,146,147,148,149,150,151,152,153,154,155,156,157,158,159,160,161,162,163,164,165,166,167,168,169,170,171]]
[(9.8746, -54.7726, 4.9873)/14] => [[69,71,88,99,141,204,225,243,254,321,452,478,582,646,685,708,722,858,950,1012],[131,132,133,134,135,136,137,138,139,140,141,142,143,144,145,146,147,148,149,150,151,152,153,154,155,156,157,158,159,160,161,162,163,164,165,166,167,168,169,170,171]]
[(9.8744, -54.7702, 4.9877)/14] => [[69,71,88,99,141,204,225,243,254,321,452,478,582,646,685,708,722,858,950,1012],[131,132,133,134,135,136,137,138,139,140,141,142,143,144,145,146,147,148,149,150,151,152,153,154,155,156,157,158,159,160,161,162,163,164,165,166,167,168,169,170,171]]
[(9.8742, -54.7678, 4.9881)/14] => [[69,71,88,99,141,204,225,243,254,321,452,478,582,646,685,708,722,858,950,1012],[131,132,133,134,135,136,137,138,139,140,141,142,143,144,145,146,147,148,149,150,151,152,153,154,155,156,157,158,159,160,161,162,163,164,165,166,167,168,169,170,171]]
[(9.8739, -54.7654, 4.9885)/14] => [[69,71,88,99,141,204,225,243,254,321,452,478,582,646,685,708,722,858,950,1012],[131,132,133,134,135,136,137,138,139,140,141,142,143,144,145,146,147,148,149,150,151,152,153,154,155,156,157,158,159,160,161,162,163,164,165,166,167,168,169,170,171]]
[(9.8737, -54.7630, 4.9889)/14] => [[69,71,88,99,141,204,225,243,254,321,452,478,582,646,685,708,722,858,950,1012],[131,132,133,134,135,136,137,138,139,140,141,142,143,144,145,146,147,148,149,150,151,152,153,154,155,156,157,158,159,160,161,162,163,164,165,166,167,168,169,170,171]]
[(9.8734, -54.7606, 4.9893)/14] => [[69,71,88,99,141,204,225,243,254,321,452,478,582,646,685,708,722,858,950,1012],[131,132,133,134,135,136,137,138,139,140,141,142,143,144,145,146,147,148,149,150,151,152,153,154,155,156,157,158,159,160,161,162,163,164,165,166,167,168,169,170,171]]
[(9.8732, -54.7582, 4.9897)/14] => [[69,71,88,99,141,204,225,243,254,321,452,478,582,646,685,708,722,858,950,1012],[131,132,133,134,135,136,137,138,139,140,141,142,143,144,145,146,147,148,149,150,151,152,153,154,155,156,157,158,159,160,161,162,163,164,165,166,167,168,169,170,171]]
[(9.8730, -54.7558, 4.9901)/14] => [[69,71,88,99,141,204,225,243,254,321,452,478,582,646,685,708,722,858,950,1012],[131,132,133,134,135,136,137,138,139,140,141,142,143,144,145,146,147,148,149,150,151,152,153,154,155,156,157,158,159,160,161,162,163,164,165,166,167,168,169,170,171]]
[(9.8727, -54.7534, 4.9905)/14] => [[69,71,88,99,141,204,225,243,254,321,452,478,582,646,685,708,722,858,950,1012],[131,132,133,134,135,136,137,138,139,140,141,142,143,144,145,146,147,148,149,150,151,152,153,154,155,156,157,158,159,160,161,162,163,164,165,166,167,168,169,170,171]]
[(9.8725, -54.7510, 4.9909)/14] => [[69,71,88,99,141,204,225,243,254,321,452,478,582,646,685,708,722,858,950,1012],[131,132,133,134,135,136,137,138,139,140,141,142,143,144,145,146,147,148,149,150,151,152,153,154,155,156,157,158,159,160,161,162,163,164,165,166,167,168,169,170,171]]
[(9.8722, -54.7486, 4.9913)/14] => [[69,71,88,99,141,204,225,243,254,321,452,478,582,646,685,708,722,858,950,1012],[131,132,133,134,135,136,137,138,139,140,141,142,143,144,145,146,147,148,149,150,151,152,153,154,155,156,157,158,159,160,161,162,163,164,165,166,167,168,169,170,171]]
[(9.8720, -54.7462, 4.9917)/14] => [[69,71,88,99,141,204,225,243,254,321,452,478,582,646,685,708,722,858,950,1012],[131,132,133,134,135,136,137,138,139,140,141,142,143,144,145,146,147,148,149,150,151,152,153,154,155,156,157,158,159,160,161,162,163,164,165,166,167,168,169,170,171]]
[(9.8718, -54.7438, 4.9921)/14] => [[69,71,88,99,141,204,225,243,254,321,452,478,582,646,685,708,722,858,950,1012],[131,132,133,134,135,136,137,138,139,140,141,142,143,144,145,146,147,148,149,150,151,152,153,154,155,156,157,158,159,160,161,162,163,164,165,166,167,168,169,170,171]]
[(9.8715, -54.7414, 4.9925)/14] => [[69,71,88,99,141,204,225,243,254,321,452,478,582,646,685,708,722,858,950,1012],[131,132,133,134,135,136,137,138,139,140,141,142,143,144,145,146,147,148,149,150,151,152,153,154,155,156,157,158,159,160,161,162,163,164,165,166,167,168,169,170,171]]
[(9.8713, -54.7391, 4.9929)/14] => [[69,71,88,99,141,204,225,243,254,321,452,478,582,646,685,708,722,858,950,1012],[131,132,133,134,135,136,137,138,139,140,141,142,143,144,145,146,147,148,149,150,151,152,153,154,155,156,157,158,159,160,161,162,163,164,165,166,167,168,169,170,171]]
[(9.8711, -54.7367, 4.9933)/14] => [[69,71,88,99,141,204,225,243,254,321,452,478,582,646,685,708,722,858,950,1012],[131,132,133,134,135,136,137,138,139,140,141,142,143,144,145,146,147,148,149,150,151,152,153,154,155,156,157,158,159,160,161,162,163,164,165,166,167,168,169,170,171]]
[(9.9359, 53.5166, 6.9470)/19] => [[17,98,117,129,156,209,231,328,558,567,574,575,593,614,678,709,728,969,987,1022],[182,183,184,185,186,187,188,189,190,191,192,193,194,195,196,197,198,199,200,201,202,203,204,205,206,207,208,209,210,211,212,213,214,215,216,217,218,219,220,221,222]]
[(38.8015, -43.2092, 7.3921)/15] => [[71,88,99,204,225,234,243,254,321,339,542,646,695,708,722,753,858,930,950],[141,142,143,144,145,146,147,148,149,150,151,152,153,154,155,156,157,158,159,160,161,162,163,164,165,166,167,168,169,170,171,172,173,174,175,176,177,178,179,180,181]]
[(34.2658, 4.0727, 8.9217)/18] => [[5,17,71,88,117,204,234,243,276,328,339,542,635,712,732,774,776,899,964,987],[171,172,173,174,175,176,177,178,179,180,181,182,183,184,185,186,187,188,189,190,191,192,193,194,195,196,197,198,199,200,201,202,203,204,205,206,207,208,209,210,211]]
[(26.5020, 31.2079, 11.5401)/18] => [[17,98,117,276,304,328,388,489,567,574,575,593,709,712,728,774,780,924,969],[171,172,173,174,175,176,177,178,179,180,181,182,183,184,185,186,187,188,189,190,191,192,193,194,195,196,197,198,199,200,201,202,203,204,205,206,207,208,209,210,211]]
[(0.5315, 4.0727, 13.9552)/19] => [[17,69,71,88,96,117,204,234,243,276,304,339,388,489,574,577,678,709,712,924],[182,183,184,185,186,187,188,189,190,191,192,193,194,195,196,197,198,199,200,201,202,203,204,205,206,207,208,209,210,211,212,213,214,215,216,217,218,219,220,221,222]]
[(3.1928, -6.9726, 14.8528)/17] => [[17,69,71,88,96,117,204,234,243,276,304,339,388,489,574,577,678,709,712,924],[161,162,163,164,165,166,167,168,169,170,171,172,173,174,175,176,177,178,179,180,181,182,183,184,185,186,187,188,189,190,191,192,193,194,195,196,197,198,199,200,201]]
[(9.9359, -89.1935, 17.1268)/14] => [[141,225,254,287,300,305,321,387,452,478,546,582,646,664,667,685,708,722,858,920],[131,132,133,134,135,136,137,138,139,140,141,142,143,144,145,146,147,148,149,150,151,152,153,154,155,156,157,158,159,160,161,162,163,164,165,166,167,168,169,170,171]]
[(2.8735, -7.4957, 17.1268)/17] => [[17,69,71,88,96,117,204,234,243,276,304,339,388,489,574,577,678,709,712,924],[161,162,163,164,165,166,167,168,169,170,171,172,173,174,175,176,177,178,179,180,181,182,183,184,185,186,187,188,189,190,191,192,193,194,195,196,197,198,199,200,201]]
[(41.7358, -48.0156, 17.1268)/15] => [[88,89,204,225,254,321,339,387,396,577,646,695,708,722,753,805,858,930,950,988],[141,142,143,144,145,146,147,148,149,150,151,152,153,154,155,156,157,158,159,160,161,162,163,164,165,166,167,168,169,170,171,172,173,174,175,176,177,178,179,180,181]]
[(27.9875, 33.6411, 17.1268)/17] => [[17,98,117,276,304,328,388,489,567,574,575,593,709,712,728,774,780,924,969],[161,162,163,164,165,166,167,168,169,170,171,172,173,174,175,176,177,178,179,180,181,182,183,184,185,186,187,188,189,190,191,192,193,194,195,196,197,198,199,200,201]]
[(-0.2071, 4.0726, 17.1268)/18] => [[17,69,71,88,96,117,204,234,243,276,304,339,388,489,574,577,678,709,712,924],[171,172,173,174,175,176,177,178,179,180,181,182,183,184,185,186,187,188,189,190,191,192,193,194,195,196,197,198,199,200,201,202,203,204,205,206,207,208,209,210,211]]
[(38.0845, 4.0726, 17.1268)/13] => [[5,17,68,71,88,117,204,234,243,276,304,328,339,577,635,712,732,774,899,964],[121,122,123,124,125,126,127,128,129,130,131,132,133,134,135,136,137,138,139,140,141,142,143,144,145,146,147,148,149,150,151,152,153,154,155,156,157,158,159,160,161]]
[(-36.4130, 79.9921, 17.1269)/17] => [[98,141,155,256,327,509,520,593,637,662,728,765,767,852,936,946,958,981,1003,1022],[161,162,163,164,165,166,167,168,169,170,171,172,173,174,175,176,177,178,179,180,181,182,183,184,185,186,187,188,189,190,191,192,193,194,195,196,197,198,199,200,201]]
[(9.9359, 61.4338, 17.1268)/16] => [[5,17,98,156,209,304,328,567,574,575,593,608,614,709,728,780,852,969,1003,1022],[151,152,153,154,155,156,157,158,159,160,161,162,163,164,165,166,167,168,169,170,171,172,173,174,175,176,177,178,179,180,181,182,183,184,185,186,187,188,189,190,191]]
[(2.6974, -7.7841, 19.5680)/17] => [[17,69,71,88,96,117,204,234,243,276,304,339,388,489,574,577,678,709,712,924],[161,162,163,164,165,166,167,168,169,170,171,172,173,174,175,176,177,178,179,180,181,182,183,184,185,186,187,188,189,190,191,192,193,194,195,196,197,198,199,200,201]]
[(-0.5574, 4.0726, 20.6656)/19] => [[5,17,69,96,117,204,234,243,276,304,388,390,489,574,577,678,712,836,904,924],[182,183,184,185,186,187,188,189,190,191,192,193,194,195,196,197,198,199,200,201,202,203,204,205,206,207,208,209,210,211,212,213,214,215,216,217,218,219,220,221,222]]
[(27.4855, 32.8189, 23.0453)/17] => [[17,98,117,276,304,328,388,489,567,574,593,709,712,728,774,780,896,904,924,969],[161,162,163,164,165,166,167,168,169,170,171,172,173,174,175,176,177,178,179,180,181,182,183,184,185,186,187,188,189,190,191,192,193,194,195,196,197,198,199,200,201]]
[(36.2176, 4.0726, 25.9902)/15] => [[5,17,117,204,234,243,276,304,328,390,421,577,635,691,712,732,774,885,896,899],[141,142,143,144,145,146,147,148,149,150,151,152,153,154,155,156,157,158,159,160,161,162,163,164,165,166,167,168,169,170,171,172,173,174,175,176,177,178,179,180,181]]
[(9.9359, -41.9768, 26.6078)/15] => [[37,69,99,195,204,225,234,243,321,387,390,577,582,688,708,722,858,900,1012,1014],[141,142,143,144,145,146,147,148,149,150,151,152,153,154,155,156,157,158,159,160,161,162,163,164,165,166,167,168,169,170,171,172,173,174,175,176,177,178,179,180,181]]
[(39.2579, -43.9568, 27.0155)/15] => [[99,195,204,225,234,243,321,387,390,577,703,708,722,753,805,858,885,950,958,1014],[141,142,143,144,145,146,147,148,149,150,151,152,153,154,155,156,157,158,159,160,161,162,163,164,165,166,167,168,169,170,171,172,173,174,175,176,177,178,179,180,181]]
[(9.9359, 57.6043, 28.1483)/18] => [[5,17,98,117,141,156,209,304,328,567,574,593,614,678,728,780,836,969,987,1003],[171,172,173,174,175,176,177,178,179,180,181,182,183,184,185,186,187,188,189,190,191,192,193,194,195,196,197,198,199,200,201,202,203,204,205,206,207,208,209,210,211]]
[(-26.4349, 63.6480, 29.3927)/19] => [[17,98,141,155,256,327,382,520,574,593,608,662,728,780,852,895,899,936,987,1003],[182,183,184,185,186,187,188,189,190,191,192,193,194,195,196,197,198,199,200,201,202,203,204,205,206,207,208,209,210,211,212,213,214,215,216,217,218,219,220,221,222]]
[(9.9359, 4.0726, 35.1521)/17] => [[5,17,69,96,117,204,234,243,276,304,388,390,489,533,574,577,712,735,904,924],[161,162,163,164,165,166,167,168,169,170,171,172,173,174,175,176,177,178,179,180,181,182,183,184,185,186,187,188,189,190,191,192,193,194,195,196,197,198,199,200,201]]
