[(-8.4998, -21.5331, 0.6126)/17] => [[69,71,74,88,96,99,204,243,276,339,388,489,542,703,708,712,858,924,950,1012],[161,162,163,164,165,166,167,168,169,170,171,172,173,174,175,176,177,178,179,180,181,182,183,184,185,186,187,188,189,190,191,192,193,194,195,196,197,198,199,200,201]]
[(-70.5217, -21.5331, 1.7223)/12] => [[114,273,301,311,341,361,396,430,433,493,577,603,639,651,696,701,706,751,924,1015],[111,112,113,114,115,116,117,118,119,120,121,122,123,124,125,126,127,128,129,130,131,132,133,134,135,136,137,138,139,140,141,142,143,144,145,146,147,148,149,150,151]]
[(-63.6734, -13.9618, 2.2730)/16] => [[69,96,114,157,273,311,330,341,396,433,493,577,603,651,678,696,706,751,773],[151,152,153,154,155,156,157,158,159,160,161,162,163,164,165,166,167,168,169,170,171,172,173,174,175,176,177,178,179,180,181,182,183,184,185,186,187,188,189,190,191]]
[(-60.0820, -28.6117, 2.5615)/17] => [[69,96,114,232,273,311,330,341,396,411,433,493,577,603,639,651,696,706,751,924],[161,162,163,164,165,166,167,168,169,170,171,172,173,174,175,176,177,178,179,180,181,182,183,184,185,186,187,188,189,190,191,192,193,194,195,196,197,198,199,200,201]]
[(-60.0830, -28.6118, 2.5617)/17] => [[69,96,114,232,273,311,330,341,396,411,433,493,577,603,639,651,696,706,751,924],[161,162,163,164,165,166,167,168,169,170,171,172,173,174,175,176,177,178,179,180,181,182,183,184,185,186,187,188,189,190,191,192,193,194,195,196,197,198,199,200,201]]
[(-8.4998, -28.1193, 2.8502)/20] => [[69,71,74,88,96,99,204,243,276,339,388,489,542,703,708,712,858,924,950,1012],[192,193,194,195,196,197,198,199,200,201,202,203,204,205,206,207,208,209,210,211,212,213,214,215,216,217,218,219,220,221,222,223,224,225,226,227,228,229,230,231,232]]
[(-8.4998, -15.2929, 3.0529)/19] => [[69,71,74,88,96,99,117,204,243,276,339,388,489,542,678,703,712,924,987,1012],[182,183,184,185,186,187,188,189,190,191,192,193,194,195,196,197,198,199,200,201,202,203,204,205,206,207,208,209,210,211,212,213,214,215,216,217,218,219,220,221,222]]
[(27.9777, -26.5388, 3.7762)/15] => [[71,74,88,99,204,234,243,276,339,388,489,542,708,712,753,776,858,924,930,950],[141,142,143,144,145,146,147,148,149,150,151,152,153,154,155,156,157,158,159,160,161,162,163,164,165,166,167,168,169,170,171,172,173,174,175,176,177,178,179,180,181]]
[(27.8561, -21.5331, 3.7860)/15] => [[71,74,88,99,204,234,243,276,339,388,489,542,708,712,753,776,858,924,930,950],[141,142,143,144,145,146,147,148,149,150,151,152,153,154,155,156,157,158,159,160,161,162,163,164,165,166,167,168,169,170,171,172,173,174,175,176,177,178,179,180,181]]
[(25.3144, -16.8928, 3.9903)/19] => [[71,74,88,99,117,204,234,243,276,328,339,388,489,542,712,753,776,924,987,988],[182,183,184,185,186,187,188,189,190,191,192,193,194,195,196,197,198,199,200,201,202,203,204,205,206,207,208,209,210,211,212,213,214,215,216,217,218,219,220,221,222]]
[(61.2967, -31.1288, 6.6733)/20] => [[26,88,97,159,224,349,373,396,466,503,695,708,740,753,789,805,884,930,964,988],[192,193,194,195,196,197,198,199,200,201,202,203,204,205,206,207,208,209,210,211,212,213,214,215,216,217,218,219,220,221,222,223,224,225,226,227,228,229,230,231,232]]
[(61.2989, -31.1290, 6.6735)/20] => [[26,88,97,159,224,349,373,396,466,503,695,708,740,753,789,805,884,930,964,988],[192,193,194,195,196,197,198,199,200,201,202,203,204,205,206,207,208,209,210,211,212,213,214,215,216,217,218,219,220,221,222,223,224,225,226,227,228,229,230,231,232]]
[(61.3011, -31.1292, 6.6737)/20] => [[26,88,97,159,224,349,373,396,466,503,695,708,740,753,789,805,884,930,964,988],[192,193,194,195,196,197,198,199,200,201,202,203,204,205,206,207,208,209,210,211,212,213,214,215,216,217,218,219,220,221,222,223,224,225,226,227,228,229,230,231,232]]
[(61.3033, -31.1294, 6.6739)/20] => [[26,88,97,159,224,349,373,396,466,503,695,708,740,753,789,805,884,930,964,988],[192,193,194,195,196,197,198,199,200,201,202,203,204,205,206,207,208,209,210,211,212,213,214,215,216,217,218,219,220,221,222,223,224,225,226,227,228,229,230,231,232]]
[(61.3054, -31.1296, 6.6741)/20] => [[26,88,97,159,224,349,373,396,466,503,695,708,740,753,789,805,884,930,964,988],[192,193,194,195,196,197,198,199,200,201,202,203,204,205,206,207,208,209,210,211,212,213,214,215,216,217,218,219,220,221,222,223,224,225,226,227,228,229,230,231,232]]
[(61.3074, -31.1298, 6.6743)/20] => [[26,88,97,159,224,349,373,396,466,503,695,708,740,753,789,805,884,930,964,988],[192,193,194,195,196,197,198,199,200,201,202,203,204,205,206,207,208,209,210,211,212,213,214,215,216,217,218,219,220,221,222,223,224,225,226,227,228,229,230,231,232]]
[(61.3096, -31.1299, 6.6746)/20] => [[26,88,97,159,224,349,373,396,466,503,695,708,740,753,789,805,884,930,964,988],[192,193,194,195,196,197,198,199,200,201,202,203,204,205,206,207,208,209,210,211,212,213,214,215,216,217,218,219,220,221,222,223,224,225,226,227,228,229,230,231,232]]
[(61.3118, -31.1301, 6.6748)/20] => [[26,88,97,159,224,349,373,396,466,503,695,708,740,753,789,805,884,930,964,988],[192,193,194,195,196,197,198,199,200,201,202,203,204,205,206,207,208,209,210,211,212,213,214,215,216,217,218,219,220,221,222,223,224,225,226,227,228,229,230,231,232]]
[(61.3140, -31.1303, 6.6750)/20] => [[26,88,97,159,224,349,373,396,466,503,695,708,740,753,789,805,884,930,964,988],[192,193,194,195,196,197,198,199,200,201,202,203,204,205,206,207,208,209,210,211,212,213,214,215,216,217,218,219,220,221,222,223,224,225,226,227,228,229,230,231,232]]
[(61.3161, -31.1305, 6.6751)/20] => [[26,88,97,159,224,349,373,396,466,503,695,708,740,753,789,805,884,930,964,988],[192,193,194,195,196,197,198,199,200,201,202,203,204,205,206,207,208,209,210,211,212,213,214,215,216,217,218,219,220,221,222,223,224,225,226,227,228,229,230,231,232]]
[(61.3181, -31.1307, 6.6754)/20] => [[26,88,97,159,224,349,373,396,466,503,695,708,740,753,789,805,884,930,964,988],[192,193,194,195,196,197,198,199,200,201,202,203,204,205,206,207,208,209,210,211,212,213,214,215,216,217,218,219,220,221,222,223,224,225,226,227,228,229,230,231,232]]
[(61.3203, -31.1309, 6.6756)/20] => [[26,88,97,159,224,349,373,396,466,503,695,708,740,753,789,805,884,930,964,988],[192,193,194,195,196,197,198,199,200,201,202,203,204,205,206,207,208,209,210,211,212,213,214,215,216,217,218,219,220,221,222,223,224,225,226,227,228,229,230,231,232]]
[(61.3225, -31.1311, 6.6758)/20] => [[26,88,97,159,224,349,373,396,466,503,695,708,740,753,789,805,884,930,964,988],[192,193,194,195,196,197,198,199,200,201,202,203,204,205,206,207,208,209,210,211,212,213,214,215,216,217,218,219,220,221,222,223,224,225,226,227,228,229,230,231,232]]
[(61.3247, -31.1313, 6.6760)/20] => [[26,88,97,159,224,349,373,396,466,503,695,708,740,753,789,805,884,930,964,988],[192,193,194,195,196,197,198,199,200,201,202,203,204,205,206,207,208,209,210,211,212,213,214,215,216,217,218,219,220,221,222,223,224,225,226,227,228,229,230,231,232]]
[(61.3268, -31.1315, 6.6762)/20] => [[26,88,97,159,224,349,373,396,466,503,695,708,740,753,789,805,884,930,964,988],[192,193,194,195,196,197,198,199,200,201,202,203,204,205,206,207,208,209,210,211,212,213,214,215,216,217,218,219,220,221,222,223,224,225,226,227,228,229,230,231,232]]
[(61.3288, -31.1317, 6.6764)/20] => [[26,88,97,159,224,349,373,396,466,503,695,708,740,753,789,805,884,930,964,988],[192,193,194,195,196,197,198,199,200,201,202,203,204,205,206,207,208,209,210,211,212,213,214,215,216,217,218,219,220,221,222,223,224,225,226,227,228,229,230,231,232]]
[(61.3310, -31.1318, 6.6766)/20] => [[26,88,97,159,224,349,373,396,466,503,695,708,740,753,789,805,884,930,964,988],[192,193,194,195,196,197,198,199,200,201,202,203,204,205,206,207,208,209,210,211,212,213,214,215,216,217,218,219,220,221,222,223,224,225,226,227,228,229,230,231,232]]
[(61.3332, -31.1320, 6.6769)/20] => [[26,88,97,159,224,349,373,396,466,503,695,708,740,753,789,805,884,930,964,988],[192,193,194,195,196,197,198,199,200,201,202,203,204,205,206,207,208,209,210,211,212,213,214,215,216,217,218,219,220,221,222,223,224,225,226,227,228,229,230,231,232]]
[(61.3354, -31.1322, 6.6771)/20] => [[26,88,97,159,224,349,373,396,466,503,695,708,740,753,789,805,884,930,964,988],[192,193,194,195,196,197,198,199,200,201,202,203,204,205,206,207,208,209,210,211,212,213,214,215,216,217,218,219,220,221,222,223,224,225,226,227,228,229,230,231,232]]
[(61.3375, -31.1324, 6.6772)/20] => [[26,88,97,159,224,349,373,396,466,503,695,708,740,753,789,805,884,930,964,988],[192,193,194,195,196,197,198,199,200,201,202,203,204,205,206,207,208,209,210,211,212,213,214,215,216,217,218,219,220,221,222,223,224,225,226,227,228,229,230,231,232]]
[(61.3395, -31.1326, 6.6775)/20] => [[26,88,97,159,224,349,373,396,466,503,695,708,740,753,789,805,884,930,964,988],[192,193,194,195,196,197,198,199,200,201,202,203,204,205,206,207,208,209,210,211,212,213,214,215,216,217,218,219,220,221,222,223,224,225,226,227,228,229,230,231,232]]
[(61.3417, -31.1328, 6.6777)/20] => [[26,88,97,159,224,349,373,396,466,503,695,708,740,753,789,805,884,930,964,988],[192,193,194,195,196,197,198,199,200,201,202,203,204,205,206,207,208,209,210,211,212,213,214,215,216,217,218,219,220,221,222,223,224,225,226,227,228,229,230,231,232]]
[(61.3439, -31.1330, 6.6779)/20] => [[26,88,97,159,224,349,373,396,466,503,695,708,740,753,789,805,884,930,964,988],[192,193,194,195,196,197,198,199,200,201,202,203,204,205,206,207,208,209,210,211,212,213,214,215,216,217,218,219,220,221,222,223,224,225,226,227,228,229,230,231,232]]
[(61.3461, -31.1332, 6.6781)/20] => [[26,88,97,159,224,349,373,396,466,503,695,708,740,753,789,805,884,930,964,988],[192,193,194,195,196,197,198,199,200,201,202,203,204,205,206,207,208,209,210,211,212,213,214,215,216,217,218,219,220,221,222,223,224,225,226,227,228,229,230,231,232]]
[(61.3482, -31.1334, 6.6783)/20] => [[26,88,97,159,224,349,373,396,466,503,695,708,740,753,789,805,884,930,964,988],[192,193,194,195,196,197,198,199,200,201,202,203,204,205,206,207,208,209,210,211,212,213,214,215,216,217,218,219,220,221,222,223,224,225,226,227,228,229,230,231,232]]
[(61.3502, -31.1336, 6.6785)/20] => [[26,88,97,159,224,349,373,396,466,503,695,708,740,753,789,805,884,930,964,988],[192,193,194,195,196,197,198,199,200,201,202,203,204,205,206,207,208,209,210,211,212,213,214,215,216,217,218,219,220,221,222,223,224,225,226,227,228,229,230,231,232]]
[(61.3524, -31.1338, 6.6787)/20] => [[26,88,97,159,224,349,373,396,466,503,695,708,740,753,789,805,884,930,964,988],[192,193,194,195,196,197,198,199,200,201,202,203,204,205,206,207,208,209,210,211,212,213,214,215,216,217,218,219,220,221,222,223,224,225,226,227,228,229,230,231,232]]
[(61.3546, -31.1339, 6.6789)/20] => [[26,88,97,159,224,349,373,396,466,503,695,708,740,753,789,805,884,930,964,988],[192,193,194,195,196,197,198,199,200,201,202,203,204,205,206,207,208,209,210,211,212,213,214,215,216,217,218,219,220,221,222,223,224,225,226,227,228,229,230,231,232]]
[(61.3568, -31.1341, 6.6792)/20] => [[26,88,97,159,224,349,373,396,466,503,695,708,740,753,789,805,884,930,964,988],[192,193,194,195,196,197,198,199,200,201,202,203,204,205,206,207,208,209,210,211,212,213,214,215,216,217,218,219,220,221,222,223,224,225,226,227,228,229,230,231,232]]
[(62.1175, -31.2385, 6.6792)/20] => [[26,88,97,159,224,349,373,396,466,503,695,708,740,753,789,805,884,930,964,988],[192,193,194,195,196,197,198,199,200,201,202,203,204,205,206,207,208,209,210,211,212,213,214,215,216,217,218,219,220,221,222,223,224,225,226,227,228,229,230,231,232]]
[(61.3590, -31.1343, 6.6793)/20] => [[26,88,97,159,224,349,373,396,466,503,695,708,740,753,789,805,884,930,964,988],[192,193,194,195,196,197,198,199,200,201,202,203,204,205,206,207,208,209,210,211,212,213,214,215,216,217,218,219,220,221,222,223,224,225,226,227,228,229,230,231,232]]
[(62.1203, -31.2388, 6.6794)/20] => [[26,88,97,159,224,349,373,396,466,503,695,708,740,753,789,805,884,930,964,988],[192,193,194,195,196,197,198,199,200,201,202,203,204,205,206,207,208,209,210,211,212,213,214,215,216,217,218,219,220,221,222,223,224,225,226,227,228,229,230,231,232]]
[(62.1232, -31.2390, 6.6796)/20] => [[26,88,97,159,224,349,373,396,466,503,695,708,740,753,789,805,884,930,964,988],[192,193,194,195,196,197,198,199,200,201,202,203,204,205,206,207,208,209,210,211,212,213,214,215,216,217,218,219,220,221,222,223,224,225,226,227,228,229,230,231,232]]
[(62.1260, -31.2393, 6.6799)/20] => [[26,88,97,159,224,349,373,396,466,503,695,708,740,753,789,805,884,930,964,988],[192,193,194,195,196,197,198,199,200,201,202,203,204,205,206,207,208,209,210,211,212,213,214,215,216,217,218,219,220,221,222,223,224,225,226,227,228,229,230,231,232]]
[(62.1288, -31.2396, 6.6801)/20] => [[26,88,97,159,224,349,373,396,466,503,695,708,740,753,789,805,884,930,964,988],[192,193,194,195,196,197,198,199,200,201,202,203,204,205,206,207,208,209,210,211,212,213,214,215,216,217,218,219,220,221,222,223,224,225,226,227,228,229,230,231,232]]
[(62.1317, -31.2399, 6.6803)/20] => [[26,88,97,159,224,349,373,396,466,503,695,708,740,753,789,805,884,930,964,988],[192,193,194,195,196,197,198,199,200,201,202,203,204,205,206,207,208,209,210,211,212,213,214,215,216,217,218,219,220,221,222,223,224,225,226,227,228,229,230,231,232]]
[(62.1345, -31.2402, 6.6805)/20] => [[26,88,97,159,224,349,373,396,466,503,695,708,740,753,789,805,884,930,964,988],[192,193,194,195,196,197,198,199,200,201,202,203,204,205,206,207,208,209,210,211,212,213,214,215,216,217,218,219,220,221,222,223,224,225,226,227,228,229,230,231,232]]
[(62.1374, -31.2405, 6.6807)/20] => [[26,88,97,159,224,349,373,396,466,503,695,708,740,753,789,805,884,930,964,988],[192,193,194,195,196,197,198,199,200,201,202,203,204,205,206,207,208,209,210,211,212,213,214,215,216,217,218,219,220,221,222,223,224,225,226,227,228,229,230,231,232]]
[(62.1402, -31.2408, 6.6809)/20] => [[26,88,97,159,224,349,373,396,466,503,695,708,740,753,789,805,884,930,964,988],[192,193,194,195,196,197,198,199,200,201,202,203,204,205,206,207,208,209,210,211,212,213,214,215,216,217,218,219,220,221,222,223,224,225,226,227,228,229,230,231,232]]
[(62.1430, -31.2410, 6.6811)/20] => [[26,88,97,159,224,349,373,396,466,503,695,708,740,753,789,805,884,930,964,988],[192,193,194,195,196,197,198,199,200,201,202,203,204,205,206,207,208,209,210,211,212,213,214,215,216,217,218,219,220,221,222,223,224,225,226,227,228,229,230,231,232]]
[(62.1459, -31.2413, 6.6813)/20] => [[26,88,97,159,224,349,373,396,466,503,695,708,740,753,789,805,884,930,964,988],[192,193,194,195,196,197,198,199,200,201,202,203,204,205,206,207,208,209,210,211,212,213,214,215,216,217,218,219,220,221,222,223,224,225,226,227,228,229,230,231,232]]
[(62.1487, -31.2416, 6.6815)/20] => [[26,88,97,159,224,349,373,396,466,503,695,708,740,753,789,805,884,930,964,988],[192,193,194,195,196,197,198,199,200,201,202,203,204,205,206,207,208,209,210,211,212,213,214,215,216,217,218,219,220,221,222,223,224,225,226,227,228,229,230,231,232]]
[(62.1515, -31.2419, 6.6817)/20] => [[26,88,97,159,224,349,373,396,466,503,695,708,740,753,789,805,884,930,964,988],[192,193,194,195,196,197,198,199,200,201,202,203,204,205,206,207,208,209,210,211,212,213,214,215,216,217,218,219,220,221,222,223,224,225,226,227,228,229,230,231,232]]
[(62.1544, -31.2422, 6.6819)/20] => [[26,88,97,159,224,349,373,396,466,503,695,708,740,753,789,805,884,930,964,988],[192,193,194,195,196,197,198,199,200,201,202,203,204,205,206,207,208,209,210,211,212,213,214,215,216,217,218,219,220,221,222,223,224,225,226,227,228,229,230,231,232]]
[(62.1572, -31.2425, 6.6822)/20] => [[26,88,97,159,224,349,373,396,466,503,695,708,740,753,789,805,884,930,964,988],[192,193,194,195,196,197,198,199,200,201,202,203,204,205,206,207,208,209,210,211,212,213,214,215,216,217,218,219,220,221,222,223,224,225,226,227,228,229,230,231,232]]
[(62.1601, -31.2428, 6.6823)/20] => [[26,88,97,159,224,349,373,396,466,503,695,708,740,753,789,805,884,930,964,988],[192,193,194,195,196,197,198,199,200,201,202,203,204,205,206,207,208,209,210,211,212,213,214,215,216,217,218,219,220,221,222,223,224,225,226,227,228,229,230,231,232]]
[(62.1629, -31.2430, 6.6826)/20] => [[26,88,97,159,224,349,373,396,466,503,695,708,740,753,789,805,884,930,964,988],[192,193,194,195,196,197,198,199,200,201,202,203,204,205,206,207,208,209,210,211,212,213,214,215,216,217,218,219,220,221,222,223,224,225,226,227,228,229,230,231,232]]
[(62.1657, -31.2433, 6.6828)/20] => [[26,88,97,159,224,349,373,396,466,503,695,708,740,753,789,805,884,930,964,988],[192,193,194,195,196,197,198,199,200,201,202,203,204,205,206,207,208,209,210,211,212,213,214,215,216,217,218,219,220,221,222,223,224,225,226,227,228,229,230,231,232]]
[(62.1686, -31.2436, 6.6830)/20] => [[26,88,97,159,224,349,373,396,466,503,695,708,740,753,789,805,884,930,964,988],[192,193,194,195,196,197,198,199,200,201,202,203,204,205,206,207,208,209,210,211,212,213,214,215,216,217,218,219,220,221,222,223,224,225,226,227,228,229,230,231,232]]
[(62.1714, -31.2439, 6.6832)/20] => [[26,88,97,159,224,349,373,396,466,503,695,708,740,753,789,805,884,930,964,988],[192,193,194,195,196,197,198,199,200,201,202,203,204,205,206,207,208,209,210,211,212,213,214,215,216,217,218,219,220,221,222,223,224,225,226,227,228,229,230,231,232]]
[(62.1742, -31.2442, 6.6834)/20] => [[26,88,97,159,224,349,373,396,466,503,695,708,740,753,789,805,884,930,964,988],[192,193,194,195,196,197,198,199,200,201,202,203,204,205,206,207,208,209,210,211,212,213,214,215,216,217,218,219,220,221,222,223,224,225,226,227,228,229,230,231,232]]
[(62.1771, -31.2445, 6.6836)/20] => [[26,88,97,159,224,349,373,396,466,503,695,708,740,753,789,805,884,930,964,988],[192,193,194,195,196,197,198,199,200,201,202,203,204,205,206,207,208,209,210,211,212,213,214,215,216,217,218,219,220,221,222,223,224,225,226,227,228,229,230,231,232]]
[(62.1799, -31.2448, 6.6838)/20] => [[26,88,97,159,224,349,373,396,466,503,695,708,740,753,789,805,884,930,964,988],[192,193,194,195,196,197,198,199,200,201,202,203,204,205,206,207,208,209,210,211,212,213,214,215,216,217,218,219,220,221,222,223,224,225,226,227,228,229,230,231,232]]
[(62.1828, -31.2450, 6.6840)/20] => [[26,88,97,159,224,349,373,396,466,503,695,708,740,753,789,805,884,930,964,988],[192,193,194,195,196,197,198,199,200,201,202,203,204,205,206,207,208,209,210,211,212,213,214,215,216,217,218,219,220,221,222,223,224,225,226,227,228,229,230,231,232]]
[(62.1856, -31.2453, 6.6842)/20] => [[26,88,97,159,224,349,373,396,466,503,695,708,740,753,789,805,884,930,964,988],[192,193,194,195,196,197,198,199,200,201,202,203,204,205,206,207,208,209,210,211,212,213,214,215,216,217,218,219,220,221,222,223,224,225,226,227,228,229,230,231,232]]
[(62.1884, -31.2456, 6.6844)/20] => [[26,88,97,159,224,349,373,396,466,503,695,708,740,753,789,805,884,930,964,988],[192,193,194,195,196,197,198,199,200,201,202,203,204,205,206,207,208,209,210,211,212,213,214,215,216,217,218,219,220,221,222,223,224,225,226,227,228,229,230,231,232]]
[(62.1913, -31.2459, 6.6846)/20] => [[26,88,97,159,224,349,373,396,466,503,695,708,740,753,789,805,884,930,964,988],[192,193,194,195,196,197,198,199,200,201,202,203,204,205,206,207,208,209,210,211,212,213,214,215,216,217,218,219,220,221,222,223,224,225,226,227,228,229,230,231,232]]
[(62.1941, -31.2462, 6.6849)/20] => [[26,88,97,159,224,349,373,396,466,503,695,708,740,753,789,805,884,930,964,988],[192,193,194,195,196,197,198,199,200,201,202,203,204,205,206,207,208,209,210,211,212,213,214,215,216,217,218,219,220,221,222,223,224,225,226,227,228,229,230,231,232]]
[(62.1970, -31.2465, 6.6851)/20] => [[26,88,97,159,224,349,373,396,466,503,695,708,740,753,789,805,884,930,964,988],[192,193,194,195,196,197,198,199,200,201,202,203,204,205,206,207,208,209,210,211,212,213,214,215,216,217,218,219,220,221,222,223,224,225,226,227,228,229,230,231,232]]
[(62.1998, -31.2468, 6.6853)/20] => [[26,88,97,159,224,349,373,396,466,503,695,708,740,753,789,805,884,930,964,988],[192,193,194,195,196,197,198,199,200,201,202,203,204,205,206,207,208,209,210,211,212,213,214,215,216,217,218,219,220,221,222,223,224,225,226,227,228,229,230,231,232]]
[(62.2026, -31.2471, 6.6855)/20] => [[26,88,97,159,224,349,373,396,466,503,695,708,740,753,789,805,884,930,964,988],[192,193,194,195,196,197,198,199,200,201,202,203,204,205,206,207,208,209,210,211,212,213,214,215,216,217,218,219,220,221,222,223,224,225,226,227,228,229,230,231,232]]
[(62.2055, -31.2473, 6.6857)/20] => [[26,88,97,159,224,349,373,396,466,503,695,708,740,753,789,805,884,930,964,988],[192,193,194,195,196,197,198,199,200,201,202,203,204,205,206,207,208,209,210,211,212,213,214,215,216,217,218,219,220,221,222,223,224,225,226,227,228,229,230,231,232]]
[(62.2083, -31.2476, 6.6859)/20] => [[26,88,97,159,224,349,373,396,466,503,695,708,740,753,789,805,884,930,964,988],[192,193,194,195,196,197,198,199,200,201,202,203,204,205,206,207,208,209,210,211,212,213,214,215,216,217,218,219,220,221,222,223,224,225,226,227,228,229,230,231,232]]
[(62.2111, -31.2479, 6.6861)/20] => [[26,88,97,159,224,349,373,396,466,503,695,708,740,753,789,805,884,930,964,988],[192,193,194,195,196,197,198,199,200,201,202,203,204,205,206,207,208,209,210,211,212,213,214,215,216,217,218,219,220,221,222,223,224,225,226,227,228,229,230,231,232]]
[(62.2140, -31.2482, 6.6863)/20] => [[26,88,97,159,224,349,373,396,466,503,695,708,740,753,789,805,884,930,964,988],[192,193,194,195,196,197,198,199,200,201,202,203,204,205,206,207,208,209,210,211,212,213,214,215,216,217,218,219,220,221,222,223,224,225,226,227,228,229,230,231,232]]
[(62.2168, -31.2485, 6.6865)/20] => [[26,88,97,159,224,349,373,396,466,503,695,708,740,753,789,805,884,930,964,988],[192,193,194,195,196,197,198,199,200,201,202,203,204,205,206,207,208,209,210,211,212,213,214,215,216,217,218,219,220,221,222,223,224,225,226,227,228,229,230,231,232]]
[(62.2197, -31.2488, 6.6867)/20] => [[26,88,97,159,224,349,373,396,466,503,695,708,740,753,789,805,884,930,964,988],[192,193,194,195,196,197,198,199,200,201,202,203,204,205,206,207,208,209,210,211,212,213,214,215,216,217,218,219,220,221,222,223,224,225,226,227,228,229,230,231,232]]
[(62.2225, -31.2491, 6.6870)/20] => [[26,88,97,159,224,349,373,396,466,503,695,708,740,753,789,805,884,930,964,988],[192,193,194,195,196,197,198,199,200,201,202,203,204,205,206,207,208,209,210,211,212,213,214,215,216,217,218,219,220,221,222,223,224,225,226,227,228,229,230,231,232]]
[(33.8797, -27.3596, 6.6870)/18] => [[71,88,99,204,234,243,276,339,466,542,708,712,732,753,776,805,858,930,950,988],[171,172,173,174,175,176,177,178,179,180,181,182,183,184,185,186,187,188,189,190,191,192,193,194,195,196,197,198,199,200,201,202,203,204,205,206,207,208,209,210,211]]
[(62.2253, -31.2493, 6.6872)/20] => [[26,88,97,159,224,349,373,396,466,503,695,708,740,753,789,805,884,930,964,988],[192,193,194,195,196,197,198,199,200,201,202,203,204,205,206,207,208,209,210,211,212,213,214,215,216,217,218,219,220,221,222,223,224,225,226,227,228,229,230,231,232]]
[(33.9337, -27.3669, 6.6872)/18] => [[71,88,99,204,234,243,276,339,466,542,708,712,732,753,776,805,858,930,950,988],[171,172,173,174,175,176,177,178,179,180,181,182,183,184,185,186,187,188,189,190,191,192,193,194,195,196,197,198,199,200,201,202,203,204,205,206,207,208,209,210,211]]
[(62.2282, -31.2496, 6.6874)/20] => [[26,88,97,159,224,349,373,396,466,503,695,708,740,753,789,805,884,930,964,988],[192,193,194,195,196,197,198,199,200,201,202,203,204,205,206,207,208,209,210,211,212,213,214,215,216,217,218,219,220,221,222,223,224,225,226,227,228,229,230,231,232]]
[(62.2310, -31.2499, 6.6875)/20] => [[26,88,97,159,224,349,373,396,466,503,695,708,740,753,789,805,884,930,964,988],[192,193,194,195,196,197,198,199,200,201,202,203,204,205,206,207,208,209,210,211,212,213,214,215,216,217,218,219,220,221,222,223,224,225,226,227,228,229,230,231,232]]
[(62.2338, -31.2502, 6.6878)/20] => [[26,88,97,159,224,349,373,396,466,503,695,708,740,753,789,805,884,930,964,988],[192,193,194,195,196,197,198,199,200,201,202,203,204,205,206,207,208,209,210,211,212,213,214,215,216,217,218,219,220,221,222,223,224,225,226,227,228,229,230,231,232]]
[(62.2367, -31.2505, 6.6880)/20] => [[26,88,97,159,224,349,373,396,466,503,695,708,740,753,789,805,884,930,964,988],[192,193,194,195,196,197,198,199,200,201,202,203,204,205,206,207,208,209,210,211,212,213,214,215,216,217,218,219,220,221,222,223,224,225,226,227,228,229,230,231,232]]
[(62.2396, -31.2508, 6.6882)/20] => [[26,88,97,159,224,349,373,396,466,503,695,708,740,753,789,805,884,930,964,988],[192,193,194,195,196,197,198,199,200,201,202,203,204,205,206,207,208,209,210,211,212,213,214,215,216,217,218,219,220,221,222,223,224,225,226,227,228,229,230,231,232]]
[(62.2424, -31.2511, 6.6884)/20] => [[26,88,97,159,224,349,373,396,466,503,695,708,740,753,789,805,884,930,964,988],[192,193,194,195,196,197,198,199,200,201,202,203,204,205,206,207,208,209,210,211,212,213,214,215,216,217,218,219,220,221,222,223,224,225,226,227,228,229,230,231,232]]
[(62.2452, -31.2513, 6.6886)/20] => [[26,88,97,159,224,349,373,396,466,503,695,708,740,753,789,805,884,930,964,988],[192,193,194,195,196,197,198,199,200,201,202,203,204,205,206,207,208,209,210,211,212,213,214,215,216,217,218,219,220,221,222,223,224,225,226,227,228,229,230,231,232]]
[(62.2480, -31.2516, 6.6888)/20] => [[26,88,97,159,224,349,373,396,466,503,695,708,740,753,789,805,884,930,964,988],[192,193,194,195,196,197,198,199,200,201,202,203,204,205,206,207,208,209,210,211,212,213,214,215,216,217,218,219,220,221,222,223,224,225,226,227,228,229,230,231,232]]
[(62.2509, -31.2519, 6.6890)/20] => [[26,88,97,159,224,349,373,396,466,503,695,708,740,753,789,805,884,930,964,988],[192,193,194,195,196,197,198,199,200,201,202,203,204,205,206,207,208,209,210,211,212,213,214,215,216,217,218,219,220,221,222,223,224,225,226,227,228,229,230,231,232]]
[(62.2537, -31.2522, 6.6893)/20] => [[26,88,97,159,224,349,373,396,466,503,695,708,740,753,789,805,884,930,964,988],[192,193,194,195,196,197,198,199,200,201,202,203,204,205,206,207,208,209,210,211,212,213,214,215,216,217,218,219,220,221,222,223,224,225,226,227,228,229,230,231,232]]
[(62.2565, -31.2525, 6.6895)/20] => [[26,88,97,159,224,349,373,396,466,503,695,708,740,753,789,805,884,930,964,988],[192,193,194,195,196,197,198,199,200,201,202,203,204,205,206,207,208,209,210,211,212,213,214,215,216,217,218,219,220,221,222,223,224,225,226,227,228,229,230,231,232]]
[(62.2594, -31.2528, 6.6896)/20] => [[26,88,97,159,224,349,373,396,466,503,695,708,740,753,789,805,884,930,964,988],[192,193,194,195,196,197,198,199,200,201,202,203,204,205,206,207,208,209,210,211,212,213,214,215,216,217,218,219,220,221,222,223,224,225,226,227,228,229,230,231,232]]
[(62.2622, -31.2531, 6.6899)/20] => [[26,88,97,159,224,349,373,396,466,503,695,708,740,753,789,805,884,930,964,988],[192,193,194,195,196,197,198,199,200,201,202,203,204,205,206,207,208,209,210,211,212,213,214,215,216,217,218,219,220,221,222,223,224,225,226,227,228,229,230,231,232]]
[(62.2651, -31.2533, 6.6901)/20] => [[26,88,97,159,224,349,373,396,466,503,695,708,740,753,789,805,884,930,964,988],[192,193,194,195,196,197,198,199,200,201,202,203,204,205,206,207,208,209,210,211,212,213,214,215,216,217,218,219,220,221,222,223,224,225,226,227,228,229,230,231,232]]
[(62.2679, -31.2536, 6.6903)/20] => [[26,88,97,159,224,349,373,396,466,503,695,708,740,753,789,805,884,930,964,988],[192,193,194,195,196,197,198,199,200,201,202,203,204,205,206,207,208,209,210,211,212,213,214,215,216,217,218,219,220,221,222,223,224,225,226,227,228,229,230,231,232]]
[(62.2707, -31.2539, 6.6905)/20] => [[26,88,97,159,224,349,373,396,466,503,695,708,740,753,789,805,884,930,964,988],[192,193,194,195,196,197,198,199,200,201,202,203,204,205,206,207,208,209,210,211,212,213,214,215,216,217,218,219,220,221,222,223,224,225,226,227,228,229,230,231,232]]
[(62.2736, -31.2542, 6.6907)/20] => [[26,88,97,159,224,349,373,396,466,503,695,708,740,753,789,805,884,930,964,988],[192,193,194,195,196,197,198,199,200,201,202,203,204,205,206,207,208,209,210,211,212,213,214,215,216,217,218,219,220,221,222,223,224,225,226,227,228,229,230,231,232]]
[(62.2764, -31.2545, 6.6909)/20] => [[26,88,97,159,224,349,373,396,466,503,695,708,740,753,789,805,884,930,964,988],[192,193,194,195,196,197,198,199,200,201,202,203,204,205,206,207,208,209,210,211,212,213,214,215,216,217,218,219,220,221,222,223,224,225,226,227,228,229,230,231,232]]
[(62.2793, -31.2548, 6.6911)/20] => [[26,88,97,159,224,349,373,396,466,503,695,708,740,753,789,805,884,930,964,988],[192,193,194,195,196,197,198,199,200,201,202,203,204,205,206,207,208,209,210,211,212,213,214,215,216,217,218,219,220,221,222,223,224,225,226,227,228,229,230,231,232]]
[(62.2821, -31.2551, 6.6913)/20] => [[26,88,97,159,224,349,373,396,466,503,695,708,740,753,789,805,884,930,964,988],[192,193,194,195,196,197,198,199,200,201,202,203,204,205,206,207,208,209,210,211,212,213,214,215,216,217,218,219,220,221,222,223,224,225,226,227,228,229,230,231,232]]
[(62.2850, -31.2554, 6.6915)/20] => [[26,88,97,159,224,349,373,396,466,503,695,708,740,753,789,805,884,930,964,988],[192,193,194,195,196,197,198,199,200,201,202,203,204,205,206,207,208,209,210,211,212,213,214,215,216,217,218,219,220,221,222,223,224,225,226,227,228,229,230,231,232]]
[(62.2878, -31.2556, 6.6917)/20] => [[26,88,97,159,224,349,373,396,466,503,695,708,740,753,789,805,884,930,964,988],[192,193,194,195,196,197,198,199,200,201,202,203,204,205,206,207,208,209,210,211,212,213,214,215,216,217,218,219,220,221,222,223,224,225,226,227,228,229,230,231,232]]
[(62.2906, -31.2559, 6.6919)/20] => [[26,88,97,159,224,349,373,396,466,503,695,708,740,753,789,805,884,930,964,988],[192,193,194,195,196,197,198,199,200,201,202,203,204,205,206,207,208,209,210,211,212,213,214,215,216,217,218,219,220,221,222,223,224,225,226,227,228,229,230,231,232]]
[(62.2934, -31.2562, 6.6922)/20] => [[26,88,97,159,224,349,373,396,466,503,695,708,740,753,789,805,884,930,964,988],[192,193,194,195,196,197,198,199,200,201,202,203,204,205,206,207,208,209,210,211,212,213,214,215,216,217,218,219,220,221,222,223,224,225,226,227,228,229,230,231,232]]
[(62.2963, -31.2565, 6.6924)/20] => [[26,88,97,159,224,349,373,396,466,503,695,708,740,753,789,805,884,930,964,988],[192,193,194,195,196,197,198,199,200,201,202,203,204,205,206,207,208,209,210,211,212,213,214,215,216,217,218,219,220,221,222,223,224,225,226,227,228,229,230,231,232]]
[(62.2991, -31.2568, 6.6926)/20] => [[26,88,97,159,224,349,373,396,466,503,695,708,740,753,789,805,884,930,964,988],[192,193,194,195,196,197,198,199,200,201,202,203,204,205,206,207,208,209,210,211,212,213,214,215,216,217,218,219,220,221,222,223,224,225,226,227,228,229,230,231,232]]
[(62.3020, -31.2571, 6.6928)/20] => [[26,88,97,159,224,349,373,396,466,503,695,708,740,753,789,805,884,930,964,988],[192,193,194,195,196,197,198,199,200,201,202,203,204,205,206,207,208,209,210,211,212,213,214,215,216,217,218,219,220,221,222,223,224,225,226,227,228,229,230,231,232]]
[(62.3048, -31.2574, 6.6930)/20] => [[26,88,97,159,224,349,373,396,466,503,695,708,740,753,789,805,884,930,964,988],[192,193,194,195,196,197,198,199,200,201,202,203,204,205,206,207,208,209,210,211,212,213,214,215,216,217,218,219,220,221,222,223,224,225,226,227,228,229,230,231,232]]
[(62.3076, -31.2576, 6.6932)/20] => [[26,88,97,159,224,349,373,396,466,503,695,708,740,753,789,805,884,930,964,988],[192,193,194,195,196,197,198,199,200,201,202,203,204,205,206,207,208,209,210,211,212,213,214,215,216,217,218,219,220,221,222,223,224,225,226,227,228,229,230,231,232]]
[(62.3105, -31.2579, 6.6934)/20] => [[26,88,97,159,224,349,373,396,466,503,695,708,740,753,789,805,884,930,964,988],[192,193,194,195,196,197,198,199,200,201,202,203,204,205,206,207,208,209,210,211,212,213,214,215,216,217,218,219,220,221,222,223,224,225,226,227,228,229,230,231,232]]
[(62.3133, -31.2582, 6.6936)/20] => [[26,88,97,159,224,349,373,396,466,503,695,708,740,753,789,805,884,930,964,988],[192,193,194,195,196,197,198,199,200,201,202,203,204,205,206,207,208,209,210,211,212,213,214,215,216,217,218,219,220,221,222,223,224,225,226,227,228,229,230,231,232]]
[(62.3162, -31.2585, 6.6938)/20] => [[26,88,97,159,224,349,373,396,466,503,695,708,740,753,789,805,884,930,964,988],[192,193,194,195,196,197,198,199,200,201,202,203,204,205,206,207,208,209,210,211,212,213,214,215,216,217,218,219,220,221,222,223,224,225,226,227,228,229,230,231,232]]
[(62.3190, -31.2588, 6.6940)/20] => [[26,88,97,159,224,349,373,396,466,503,695,708,740,753,789,805,884,930,964,988],[192,193,194,195,196,197,198,199,200,201,202,203,204,205,206,207,208,209,210,211,212,213,214,215,216,217,218,219,220,221,222,223,224,225,226,227,228,229,230,231,232]]
[(62.3219, -31.2591, 6.6942)/20] => [[26,88,97,159,224,349,373,396,466,503,695,708,740,753,789,805,884,930,964,988],[192,193,194,195,196,197,198,199,200,201,202,203,204,205,206,207,208,209,210,211,212,213,214,215,216,217,218,219,220,221,222,223,224,225,226,227,228,229,230,231,232]]
[(62.3247, -31.2594, 6.6945)/20] => [[26,88,97,159,224,349,373,396,466,503,695,708,740,753,789,805,884,930,964,988],[192,193,194,195,196,197,198,199,200,201,202,203,204,205,206,207,208,209,210,211,212,213,214,215,216,217,218,219,220,221,222,223,224,225,226,227,228,229,230,231,232]]
[(62.3275, -31.2596, 6.6946)/20] => [[26,88,97,159,224,349,373,396,466,503,695,708,740,753,789,805,884,930,964,988],[192,193,194,195,196,197,198,199,200,201,202,203,204,205,206,207,208,209,210,211,212,213,214,215,216,217,218,219,220,221,222,223,224,225,226,227,228,229,230,231,232]]
[(62.3303, -31.2599, 6.6949)/20] => [[26,88,97,159,224,349,373,396,466,503,695,708,740,753,789,805,884,930,964,988],[192,193,194,195,196,197,198,199,200,201,202,203,204,205,206,207,208,209,210,211,212,213,214,215,216,217,218,219,220,221,222,223,224,225,226,227,228,229,230,231,232]]
[(62.3332, -31.2602, 6.6951)/20] => [[26,88,97,159,224,349,373,396,466,503,695,708,740,753,789,805,884,930,964,988],[192,193,194,195,196,197,198,199,200,201,202,203,204,205,206,207,208,209,210,211,212,213,214,215,216,217,218,219,220,221,222,223,224,225,226,227,228,229,230,231,232]]
[(62.3360, -31.2605, 6.6953)/20] => [[26,88,97,159,224,349,373,396,466,503,695,708,740,753,789,805,884,930,964,988],[192,193,194,195,196,197,198,199,200,201,202,203,204,205,206,207,208,209,210,211,212,213,214,215,216,217,218,219,220,221,222,223,224,225,226,227,228,229,230,231,232]]
[(62.3389, -31.2608, 6.6955)/20] => [[26,88,97,159,224,349,373,396,466,503,695,708,740,753,789,805,884,930,964,988],[192,193,194,195,196,197,198,199,200,201,202,203,204,205,206,207,208,209,210,211,212,213,214,215,216,217,218,219,220,221,222,223,224,225,226,227,228,229,230,231,232]]
[(62.3417, -31.2611, 6.6957)/20] => [[26,88,97,159,224,349,373,396,466,503,695,708,740,753,789,805,884,930,964,988],[192,193,194,195,196,197,198,199,200,201,202,203,204,205,206,207,208,209,210,211,212,213,214,215,216,217,218,219,220,221,222,223,224,225,226,227,228,229,230,231,232]]
[(62.3446, -31.2614, 6.6959)/20] => [[26,88,97,159,224,349,373,396,466,503,695,708,740,753,789,805,884,930,964,988],[192,193,194,195,196,197,198,199,200,201,202,203,204,205,206,207,208,209,210,211,212,213,214,215,216,217,218,219,220,221,222,223,224,225,226,227,228,229,230,231,232]]
[(62.3474, -31.2616, 6.6961)/20] => [[26,88,97,159,224,349,373,396,466,503,695,708,740,753,789,805,884,930,964,988],[192,193,194,195,196,197,198,199,200,201,202,203,204,205,206,207,208,209,210,211,212,213,214,215,216,217,218,219,220,221,222,223,224,225,226,227,228,229,230,231,232]]
[(62.3502, -31.2619, 6.6963)/20] => [[26,88,97,159,224,349,373,396,466,503,695,708,740,753,789,805,884,930,964,988],[192,193,194,195,196,197,198,199,200,201,202,203,204,205,206,207,208,209,210,211,212,213,214,215,216,217,218,219,220,221,222,223,224,225,226,227,228,229,230,231,232]]
[(62.3531, -31.2622, 6.6966)/20] => [[26,88,97,159,224,349,373,396,466,503,695,708,740,753,789,805,884,930,964,988],[192,193,194,195,196,197,198,199,200,201,202,203,204,205,206,207,208,209,210,211,212,213,214,215,216,217,218,219,220,221,222,223,224,225,226,227,228,229,230,231,232]]
[(62.3559, -31.2625, 6.6967)/20] => [[26,88,97,159,224,349,373,396,466,503,695,708,740,753,789,805,884,930,964,988],[192,193,194,195,196,197,198,199,200,201,202,203,204,205,206,207,208,209,210,211,212,213,214,215,216,217,218,219,220,221,222,223,224,225,226,227,228,229,230,231,232]]
[(62.3587, -31.2628, 6.6970)/20] => [[26,88,97,159,224,349,373,396,466,503,695,708,740,753,789,805,884,930,964,988],[192,193,194,195,196,197,198,199,200,201,202,203,204,205,206,207,208,209,210,211,212,213,214,215,216,217,218,219,220,221,222,223,224,225,226,227,228,229,230,231,232]]
[(62.3616, -31.2631, 6.6972)/20] => [[26,88,97,159,224,349,373,396,466,503,695,708,740,753,789,805,884,930,964,988],[192,193,194,195,196,197,198,199,200,201,202,203,204,205,206,207,208,209,210,211,212,213,214,215,216,217,218,219,220,221,222,223,224,225,226,227,228,229,230,231,232]]
[(62.3644, -31.2634, 6.6974)/20] => [[26,88,97,159,224,349,373,396,466,503,695,708,740,753,789,805,884,930,964,988],[192,193,194,195,196,197,198,199,200,201,202,203,204,205,206,207,208,209,210,211,212,213,214,215,216,217,218,219,220,221,222,223,224,225,226,227,228,229,230,231,232]]
[(62.3673, -31.2636, 6.6976)/20] => [[26,88,97,159,224,349,373,396,466,503,695,708,740,753,789,805,884,930,964,988],[192,193,194,195,196,197,198,199,200,201,202,203,204,205,206,207,208,209,210,211,212,213,214,215,216,217,218,219,220,221,222,223,224,225,226,227,228,229,230,231,232]]
[(62.3701, -31.2639, 6.6978)/20] => [[26,88,97,159,224,349,373,396,466,503,695,708,740,753,789,805,884,930,964,988],[192,193,194,195,196,197,198,199,200,201,202,203,204,205,206,207,208,209,210,211,212,213,214,215,216,217,218,219,220,221,222,223,224,225,226,227,228,229,230,231,232]]
[(62.3729, -31.2642, 6.6980)/20] => [[26,88,97,159,224,349,373,396,466,503,695,708,740,753,789,805,884,930,964,988],[192,193,194,195,196,197,198,199,200,201,202,203,204,205,206,207,208,209,210,211,212,213,214,215,216,217,218,219,220,221,222,223,224,225,226,227,228,229,230,231,232]]
[(62.3758, -31.2645, 6.6982)/20] => [[26,88,97,159,224,349,373,396,466,503,695,708,740,753,789,805,884,930,964,988],[192,193,194,195,196,197,198,199,200,201,202,203,204,205,206,207,208,209,210,211,212,213,214,215,216,217,218,219,220,221,222,223,224,225,226,227,228,229,230,231,232]]
[(62.3786, -31.2648, 6.6984)/20] => [[26,88,97,159,224,349,373,396,466,503,695,708,740,753,789,805,884,930,964,988],[192,193,194,195,196,197,198,199,200,201,202,203,204,205,206,207,208,209,210,211,212,213,214,215,216,217,218,219,220,221,222,223,224,225,226,227,228,229,230,231,232]]
[(62.3815, -31.2651, 6.6986)/20] => [[26,88,97,159,224,349,373,396,466,503,695,708,740,753,789,805,884,930,964,988],[192,193,194,195,196,197,198,199,200,201,202,203,204,205,206,207,208,209,210,211,212,213,214,215,216,217,218,219,220,221,222,223,224,225,226,227,228,229,230,231,232]]
[(62.3843, -31.2654, 6.6988)/20] => [[26,88,97,159,224,349,373,396,466,503,695,708,740,753,789,805,884,930,964,988],[192,193,194,195,196,197,198,199,200,201,202,203,204,205,206,207,208,209,210,211,212,213,214,215,216,217,218,219,220,221,222,223,224,225,226,227,228,229,230,231,232]]
[(62.3871, -31.2656, 6.6990)/20] => [[26,88,97,159,224,349,373,396,466,503,695,708,740,753,789,805,884,930,964,988],[192,193,194,195,196,197,198,199,200,201,202,203,204,205,206,207,208,209,210,211,212,213,214,215,216,217,218,219,220,221,222,223,224,225,226,227,228,229,230,231,232]]
[(62.3900, -31.2659, 6.6993)/20] => [[26,88,97,159,224,349,373,396,466,503,695,708,740,753,789,805,884,930,964,988],[192,193,194,195,196,197,198,199,200,201,202,203,204,205,206,207,208,209,210,211,212,213,214,215,216,217,218,219,220,221,222,223,224,225,226,227,228,229,230,231,232]]
[(62.3928, -31.2662, 6.6995)/20] => [[26,88,97,159,224,349,373,396,466,503,695,708,740,753,789,805,884,930,964,988],[192,193,194,195,196,197,198,199,200,201,202,203,204,205,206,207,208,209,210,211,212,213,214,215,216,217,218,219,220,221,222,223,224,225,226,227,228,229,230,231,232]]
[(62.3956, -31.2665, 6.6997)/20] => [[26,88,97,159,224,349,373,396,466,503,695,708,740,753,789,805,884,930,964,988],[192,193,194,195,196,197,198,199,200,201,202,203,204,205,206,207,208,209,210,211,212,213,214,215,216,217,218,219,220,221,222,223,224,225,226,227,228,229,230,231,232]]
[(62.3985, -31.2668, 6.6999)/20] => [[26,88,97,159,224,349,373,396,466,503,695,708,740,753,789,805,884,930,964,988],[192,193,194,195,196,197,198,199,200,201,202,203,204,205,206,207,208,209,210,211,212,213,214,215,216,217,218,219,220,221,222,223,224,225,226,227,228,229,230,231,232]]
[(62.4013, -31.2671, 6.7001)/20] => [[26,88,97,159,224,349,373,396,466,503,695,708,740,753,789,805,884,930,964,988],[192,193,194,195,196,197,198,199,200,201,202,203,204,205,206,207,208,209,210,211,212,213,214,215,216,217,218,219,220,221,222,223,224,225,226,227,228,229,230,231,232]]
[(62.4042, -31.2674, 6.7003)/20] => [[26,88,97,159,224,349,373,396,466,503,695,708,740,753,789,805,884,930,964,988],[192,193,194,195,196,197,198,199,200,201,202,203,204,205,206,207,208,209,210,211,212,213,214,215,216,217,218,219,220,221,222,223,224,225,226,227,228,229,230,231,232]]
[(62.4070, -31.2677, 6.7005)/20] => [[26,88,97,159,224,349,373,396,466,503,695,708,740,753,789,805,884,930,964,988],[192,193,194,195,196,197,198,199,200,201,202,203,204,205,206,207,208,209,210,211,212,213,214,215,216,217,218,219,220,221,222,223,224,225,226,227,228,229,230,231,232]]
[(62.4098, -31.2679, 6.7007)/20] => [[26,88,97,159,224,349,373,396,466,503,695,708,740,753,789,805,884,930,964,988],[192,193,194,195,196,197,198,199,200,201,202,203,204,205,206,207,208,209,210,211,212,213,214,215,216,217,218,219,220,221,222,223,224,225,226,227,228,229,230,231,232]]
[(62.4127, -31.2682, 6.7009)/20] => [[26,88,97,159,224,349,373,396,466,503,695,708,740,753,789,805,884,930,964,988],[192,193,194,195,196,197,198,199,200,201,202,203,204,205,206,207,208,209,210,211,212,213,214,215,216,217,218,219,220,221,222,223,224,225,226,227,228,229,230,231,232]]
[(62.4155, -31.2685, 6.7011)/20] => [[26,88,97,159,224,349,373,396,466,503,695,708,740,753,789,805,884,930,964,988],[192,193,194,195,196,197,198,199,200,201,202,203,204,205,206,207,208,209,210,211,212,213,214,215,216,217,218,219,220,221,222,223,224,225,226,227,228,229,230,231,232]]
[(62.4184, -31.2688, 6.7013)/20] => [[26,88,97,159,224,349,373,396,466,503,695,708,740,753,789,805,884,930,964,988],[192,193,194,195,196,197,198,199,200,201,202,203,204,205,206,207,208,209,210,211,212,213,214,215,216,217,218,219,220,221,222,223,224,225,226,227,228,229,230,231,232]]
[(62.4212, -31.2691, 6.7016)/20] => [[26,88,97,159,224,349,373,396,466,503,695,708,740,753,789,805,884,930,964,988],[192,193,194,195,196,197,198,199,200,201,202,203,204,205,206,207,208,209,210,211,212,213,214,215,216,217,218,219,220,221,222,223,224,225,226,227,228,229,230,231,232]]
[(62.4240, -31.2694, 6.7018)/20] => [[26,88,97,159,224,349,373,396,466,503,695,708,740,753,789,805,884,930,964,988],[192,193,194,195,196,197,198,199,200,201,202,203,204,205,206,207,208,209,210,211,212,213,214,215,216,217,218,219,220,221,222,223,224,225,226,227,228,229,230,231,232]]
[(62.4269, -31.2697, 6.7019)/20] => [[26,88,97,159,224,349,373,396,466,503,695,708,740,753,789,805,884,930,964,988],[192,193,194,195,196,197,198,199,200,201,202,203,204,205,206,207,208,209,210,211,212,213,214,215,216,217,218,219,220,221,222,223,224,225,226,227,228,229,230,231,232]]
[(62.4297, -31.2699, 6.7022)/20] => [[26,88,97,159,224,349,373,396,466,503,695,708,740,753,789,805,884,930,964,988],[192,193,194,195,196,197,198,199,200,201,202,203,204,205,206,207,208,209,210,211,212,213,214,215,216,217,218,219,220,221,222,223,224,225,226,227,228,229,230,231,232]]
[(62.4325, -31.2702, 6.7024)/20] => [[26,88,97,159,224,349,373,396,466,503,695,708,740,753,789,805,884,930,964,988],[192,193,194,195,196,197,198,199,200,201,202,203,204,205,206,207,208,209,210,211,212,213,214,215,216,217,218,219,220,221,222,223,224,225,226,227,228,229,230,231,232]]
[(62.4354, -31.2705, 6.7026)/20] => [[26,88,97,159,224,349,373,396,466,503,695,708,740,753,789,805,884,930,964,988],[192,193,194,195,196,197,198,199,200,201,202,203,204,205,206,207,208,209,210,211,212,213,214,215,216,217,218,219,220,221,222,223,224,225,226,227,228,229,230,231,232]]
[(62.4382, -31.2708, 6.7028)/20] => [[26,88,97,159,224,349,373,396,466,503,695,708,740,753,789,805,884,930,964,988],[192,193,194,195,196,197,198,199,200,201,202,203,204,205,206,207,208,209,210,211,212,213,214,215,216,217,218,219,220,221,222,223,224,225,226,227,228,229,230,231,232]]
[(62.4411, -31.2711, 6.7030)/20] => [[26,88,97,159,224,349,373,396,466,503,695,708,740,753,789,805,884,930,964,988],[192,193,194,195,196,197,198,199,200,201,202,203,204,205,206,207,208,209,210,211,212,213,214,215,216,217,218,219,220,221,222,223,224,225,226,227,228,229,230,231,232]]
[(62.4439, -31.2714, 6.7032)/20] => [[26,88,97,159,224,349,373,396,466,503,695,708,740,753,789,805,884,930,964,988],[192,193,194,195,196,197,198,199,200,201,202,203,204,205,206,207,208,209,210,211,212,213,214,215,216,217,218,219,220,221,222,223,224,225,226,227,228,229,230,231,232]]
[(62.4467, -31.2717, 6.7034)/20] => [[26,88,97,159,224,349,373,396,466,503,695,708,740,753,789,805,884,930,964,988],[192,193,194,195,196,197,198,199,200,201,202,203,204,205,206,207,208,209,210,211,212,213,214,215,216,217,218,219,220,221,222,223,224,225,226,227,228,229,230,231,232]]
[(62.4496, -31.2719, 6.7037)/20] => [[26,88,97,159,224,349,373,396,466,503,695,708,740,753,789,805,884,930,964,988],[192,193,194,195,196,197,198,199,200,201,202,203,204,205,206,207,208,209,210,211,212,213,214,215,216,217,218,219,220,221,222,223,224,225,226,227,228,229,230,231,232]]
[(62.4524, -31.2722, 6.7039)/20] => [[26,88,97,159,224,349,373,396,466,503,695,708,740,753,789,805,884,930,964,988],[192,193,194,195,196,197,198,199,200,201,202,203,204,205,206,207,208,209,210,211,212,213,214,215,216,217,218,219,220,221,222,223,224,225,226,227,228,229,230,231,232]]
[(62.4552, -31.2725, 6.7040)/20] => [[26,88,97,159,224,349,373,396,466,503,695,708,740,753,789,805,884,930,964,988],[192,193,194,195,196,197,198,199,200,201,202,203,204,205,206,207,208,209,210,211,212,213,214,215,216,217,218,219,220,221,222,223,224,225,226,227,228,229,230,231,232]]
[(62.4581, -31.2728, 6.7042)/20] => [[26,88,97,159,224,349,373,396,466,503,695,708,740,753,789,805,884,930,964,988],[192,193,194,195,196,197,198,199,200,201,202,203,204,205,206,207,208,209,210,211,212,213,214,215,216,217,218,219,220,221,222,223,224,225,226,227,228,229,230,231,232]]
[(62.4610, -31.2731, 6.7045)/20] => [[26,88,97,159,224,349,373,396,466,503,695,708,740,753,789,805,884,930,964,988],[192,193,194,195,196,197,198,199,200,201,202,203,204,205,206,207,208,209,210,211,212,213,214,215,216,217,218,219,220,221,222,223,224,225,226,227,228,229,230,231,232]]
[(62.4638, -31.2734, 6.7047)/20] => [[26,88,97,159,224,349,373,396,466,503,695,708,740,753,789,805,884,930,964,988],[192,193,194,195,196,197,198,199,200,201,202,203,204,205,206,207,208,209,210,211,212,213,214,215,216,217,218,219,220,221,222,223,224,225,226,227,228,229,230,231,232]]
[(62.4666, -31.2737, 6.7049)/20] => [[26,88,97,159,224,349,373,396,466,503,695,708,740,753,789,805,884,930,964,988],[192,193,194,195,196,197,198,199,200,201,202,203,204,205,206,207,208,209,210,211,212,213,214,215,216,217,218,219,220,221,222,223,224,225,226,227,228,229,230,231,232]]
[(62.4694, -31.2739, 6.7051)/20] => [[26,88,97,159,224,349,373,396,466,503,695,708,740,753,789,805,884,930,964,988],[192,193,194,195,196,197,198,199,200,201,202,203,204,205,206,207,208,209,210,211,212,213,214,215,216,217,218,219,220,221,222,223,224,225,226,227,228,229,230,231,232]]
[(62.4723, -31.2742, 6.7053)/20] => [[26,88,97,159,224,349,373,396,466,503,695,708,740,753,789,805,884,930,964,988],[192,193,194,195,196,197,198,199,200,201,202,203,204,205,206,207,208,209,210,211,212,213,214,215,216,217,218,219,220,221,222,223,224,225,226,227,228,229,230,231,232]]
[(62.4751, -31.2745, 6.7055)/20] => [[26,88,97,159,224,349,373,396,466,503,695,708,740,753,789,805,884,930,964,988],[192,193,194,195,196,197,198,199,200,201,202,203,204,205,206,207,208,209,210,211,212,213,214,215,216,217,218,219,220,221,222,223,224,225,226,227,228,229,230,231,232]]
[(62.4780, -31.2748, 6.7057)/20] => [[26,88,97,159,224,349,373,396,466,503,695,708,740,753,789,805,884,930,964,988],[192,193,194,195,196,197,198,199,200,201,202,203,204,205,206,207,208,209,210,211,212,213,214,215,216,217,218,219,220,221,222,223,224,225,226,227,228,229,230,231,232]]
[(62.4808, -31.2751, 6.7059)/20] => [[26,88,97,159,224,349,373,396,466,503,695,708,740,753,789,805,884,930,964,988],[192,193,194,195,196,197,198,199,200,201,202,203,204,205,206,207,208,209,210,211,212,213,214,215,216,217,218,219,220,221,222,223,224,225,226,227,228,229,230,231,232]]
[(62.4837, -31.2754, 6.7061)/20] => [[26,88,97,159,224,349,373,396,466,503,695,708,740,753,789,805,884,930,964,988],[192,193,194,195,196,197,198,199,200,201,202,203,204,205,206,207,208,209,210,211,212,213,214,215,216,217,218,219,220,221,222,223,224,225,226,227,228,229,230,231,232]]
[(62.4865, -31.2757, 6.7063)/20] => [[26,88,97,159,224,349,373,396,466,503,695,708,740,753,789,805,884,930,964,988],[192,193,194,195,196,197,198,199,200,201,202,203,204,205,206,207,208,209,210,211,212,213,214,215,216,217,218,219,220,221,222,223,224,225,226,227,228,229,230,231,232]]
[(62.4893, -31.2759, 6.7066)/20] => [[26,88,97,159,224,349,373,396,466,503,695,708,740,753,789,805,884,930,964,988],[192,193,194,195,196,197,198,199,200,201,202,203,204,205,206,207,208,209,210,211,212,213,214,215,216,217,218,219,220,221,222,223,224,225,226,227,228,229,230,231,232]]
[(62.4921, -31.2762, 6.7068)/20] => [[26,88,97,159,224,349,373,396,466,503,695,708,740,753,789,805,884,930,964,988],[192,193,194,195,196,197,198,199,200,201,202,203,204,205,206,207,208,209,210,211,212,213,214,215,216,217,218,219,220,221,222,223,224,225,226,227,228,229,230,231,232]]
[(62.4950, -31.2765, 6.7070)/20] => [[26,88,97,159,224,349,373,396,466,503,695,708,740,753,789,805,884,930,964,988],[192,193,194,195,196,197,198,199,200,201,202,203,204,205,206,207,208,209,210,211,212,213,214,215,216,217,218,219,220,221,222,223,224,225,226,227,228,229,230,231,232]]
[(62.4978, -31.2768, 6.7072)/20] => [[26,88,97,159,224,349,373,396,466,503,695,708,740,753,789,805,884,930,964,988],[192,193,194,195,196,197,198,199,200,201,202,203,204,205,206,207,208,209,210,211,212,213,214,215,216,217,218,219,220,221,222,223,224,225,226,227,228,229,230,231,232]]
[(62.5007, -31.2771, 6.7074)/20] => [[26,88,97,159,224,349,373,396,466,503,695,708,740,753,789,805,884,930,964,988],[192,193,194,195,196,197,198,199,200,201,202,203,204,205,206,207,208,209,210,211,212,213,214,215,216,217,218,219,220,221,222,223,224,225,226,227,228,229,230,231,232]]
[(62.5035, -31.2774, 6.7076)/20] => [[26,88,97,159,224,349,373,396,466,503,695,708,740,753,789,805,884,930,964,988],[192,193,194,195,196,197,198,199,200,201,202,203,204,205,206,207,208,209,210,211,212,213,214,215,216,217,218,219,220,221,222,223,224,225,226,227,228,229,230,231,232]]
[(62.5063, -31.2777, 6.7078)/20] => [[26,88,97,159,224,349,373,396,466,503,695,708,740,753,789,805,884,930,964,988],[192,193,194,195,196,197,198,199,200,201,202,203,204,205,206,207,208,209,210,211,212,213,214,215,216,217,218,219,220,221,222,223,224,225,226,227,228,229,230,231,232]]
[(62.5092, -31.2780, 6.7080)/20] => [[26,88,97,159,224,349,373,396,466,503,695,708,740,753,789,805,884,930,964,988],[192,193,194,195,196,197,198,199,200,201,202,203,204,205,206,207,208,209,210,211,212,213,214,215,216,217,218,219,220,221,222,223,224,225,226,227,228,229,230,231,232]]
[(62.5120, -31.2782, 6.7082)/20] => [[26,88,97,159,224,349,373,396,466,503,695,708,740,753,789,805,884,930,964,988],[192,193,194,195,196,197,198,199,200,201,202,203,204,205,206,207,208,209,210,211,212,213,214,215,216,217,218,219,220,221,222,223,224,225,226,227,228,229,230,231,232]]
[(62.5148, -31.2785, 6.7084)/20] => [[26,88,97,159,224,349,373,396,466,503,695,708,740,753,789,805,884,930,964,988],[192,193,194,195,196,197,198,199,200,201,202,203,204,205,206,207,208,209,210,211,212,213,214,215,216,217,218,219,220,221,222,223,224,225,226,227,228,229,230,231,232]]
[(74.7484, -10.1092, 6.7085)/16] => [[26,28,35,97,328,396,409,466,545,635,693,732,740,753,817,881,884,913,964,988],[151,152,153,154,155,156,157,158,159,160,161,162,163,164,165,166,167,168,169,170,171,172,173,174,175,176,177,178,179,180,181,182,183,184,185,186,187,188,189,190,191]]
[(62.5177, -31.2788, 6.7086)/20] => [[26,88,97,159,224,349,373,396,466,503,695,708,740,753,789,805,884,930,964,988],[192,193,194,195,196,197,198,199,200,201,202,203,204,205,206,207,208,209,210,211,212,213,214,215,216,217,218,219,220,221,222,223,224,225,226,227,228,229,230,231,232]]
[(76.9832, -9.8025, 6.7087)/14] => [[26,28,35,97,328,396,409,466,545,587,608,635,693,732,774,817,881,884,913,964],[131,132,133,134,135,136,137,138,139,140,141,142,143,144,145,146,147,148,149,150,151,152,153,154,155,156,157,158,159,160,161,162,163,164,165,166,167,168,169,170,171]]
[(28.0523, -16.5172, 6.7087)/16] => [[71,74,88,99,117,204,234,243,276,328,339,388,489,542,712,753,776,924,987,988],[151,152,153,154,155,156,157,158,159,160,161,162,163,164,165,166,167,168,169,170,171,172,173,174,175,176,177,178,179,180,181,182,183,184,185,186,187,188,189,190,191]]
[(62.5206, -31.2791, 6.7089)/20] => [[26,88,97,159,224,349,373,396,466,503,695,708,740,753,789,805,884,930,964,988],[192,193,194,195,196,197,198,199,200,201,202,203,204,205,206,207,208,209,210,211,212,213,214,215,216,217,218,219,220,221,222,223,224,225,226,227,228,229,230,231,232]]
[(76.9851, -9.8022, 6.7089)/17] => [[26,28,35,97,328,396,409,466,545,587,608,635,693,732,774,817,881,884,913,964],[161,162,163,164,165,166,167,168,169,170,171,172,173,174,175,176,177,178,179,180,181,182,183,184,185,186,187,188,189,190,191,192,193,194,195,196,197,198,199,200,201]]
[(-8.4998, -29.5273, 6.7090)/20] => [[69,71,74,88,96,99,204,243,276,339,388,489,542,703,708,712,858,924,950,1012],[192,193,194,195,196,197,198,199,200,201,202,203,204,205,206,207,208,209,210,211,212,213,214,215,216,217,218,219,220,221,222,223,224,225,226,227,228,229,230,231,232]]
[(-67.2723, -29.5982, 6.7090)/14] => [[69,96,114,232,273,311,330,341,396,411,433,493,577,603,639,651,696,706,751,924],[131,132,133,134,135,136,137,138,139,140,141,142,143,144,145,146,147,148,149,150,151,152,153,154,155,156,157,158,159,160,161,162,163,164,165,166,167,168,169,170,171]]
[(62.5234, -31.2794, 6.7090)/20] => [[26,88,97,159,224,349,373,396,466,503,695,708,740,753,789,805,884,930,964,988],[192,193,194,195,196,197,198,199,200,201,202,203,204,205,206,207,208,209,210,211,212,213,214,215,216,217,218,219,220,221,222,223,224,225,226,227,228,229,230,231,232]]
[(77.2995, -9.7590, 6.7091)/16] => [[26,28,35,97,328,396,409,466,545,587,608,635,693,732,774,817,881,884,913,964],[151,152,153,154,155,156,157,158,159,160,161,162,163,164,165,166,167,168,169,170,171,172,173,174,175,176,177,178,179,180,181,182,183,184,185,186,187,188,189,190,191]]
[(-68.7565, -13.2642, 6.7091)/12] => [[69,96,114,157,273,311,330,341,396,433,493,577,603,651,678,696,706,751,773],[111,112,113,114,115,116,117,118,119,120,121,122,123,124,125,126,127,128,129,130,131,132,133,134,135,136,137,138,139,140,141,142,143,144,145,146,147,148,149,150,151]]
[(-8.4998, -14.1401, 6.7091)/14] => [[69,71,74,88,96,99,117,204,243,276,339,388,489,542,678,703,712,924,987,1012],[131,132,133,134,135,136,137,138,139,140,141,142,143,144,145,146,147,148,149,150,151,152,153,154,155,156,157,158,159,160,161,162,163,164,165,166,167,168,169,170,171]]
[(-73.0063, -21.5331, 6.7091)/12] => [[114,273,301,311,341,361,396,430,433,493,577,603,639,651,696,701,706,751,924,1015],[111,112,113,114,115,116,117,118,119,120,121,122,123,124,125,126,127,128,129,130,131,132,133,134,135,136,137,138,139,140,141,142,143,144,145,146,147,148,149,150,151]]
[(80.5904, -21.5331, 6.7091)/15] => [[26,35,97,349,373,396,409,466,503,545,732,740,770,805,817,881,930,964,979,988],[141,142,143,144,145,146,147,148,149,150,151,152,153,154,155,156,157,158,159,160,161,162,163,164,165,166,167,168,169,170,171,172,173,174,175,176,177,178,179,180,181]]
[(21.4650, -17.4216, 9.1163)/16] => [[71,74,88,99,117,204,234,243,276,328,339,388,489,542,712,753,776,924,987,988],[151,152,153,154,155,156,157,158,159,160,161,162,163,164,165,166,167,168,169,170,171,172,173,174,175,176,177,178,179,180,181,182,183,184,185,186,187,188,189,190,191]]
[(21.4708, -17.4208, 9.1169)/17] => [[71,74,88,99,117,204,234,243,276,328,339,388,489,542,712,753,776,924,987,988],[161,162,163,164,165,166,167,168,169,170,171,172,173,174,175,176,177,178,179,180,181,182,183,184,185,186,187,188,189,190,191,192,193,194,195,196,197,198,199,200,201]]
[(21.4842, -17.4189, 9.1182)/16] => [[71,74,88,99,117,204,234,243,276,328,339,388,489,542,712,753,776,924,987,988],[151,152,153,154,155,156,157,158,159,160,161,162,163,164,165,166,167,168,169,170,171,172,173,174,175,176,177,178,179,180,181,182,183,184,185,186,187,188,189,190,191]]
[(21.4975, -17.4170, 9.1194)/16] => [[71,74,88,99,117,204,234,243,276,328,339,388,489,542,712,753,776,924,987,988],[151,152,153,154,155,156,157,158,159,160,161,162,163,164,165,166,167,168,169,170,171,172,173,174,175,176,177,178,179,180,181,182,183,184,185,186,187,188,189,190,191]]
[(21.5190, -17.4140, 9.1213)/18] => [[71,74,88,99,117,204,234,243,276,328,339,388,489,542,712,753,776,924,987,988],[171,172,173,174,175,176,177,178,179,180,181,182,183,184,185,186,187,188,189,190,191,192,193,194,195,196,197,198,199,200,201,202,203,204,205,206,207,208,209,210,211]]
[(21.6132, -17.4010, 9.1291)/18] => [[71,74,88,99,117,204,234,243,276,328,339,388,489,542,712,753,776,924,987,988],[171,172,173,174,175,176,177,178,179,180,181,182,183,184,185,186,187,188,189,190,191,192,193,194,195,196,197,198,199,200,201,202,203,204,205,206,207,208,209,210,211]]
[(21.7862, -17.3773, 9.1432)/17] => [[71,74,88,99,117,204,234,243,276,328,339,388,489,542,712,753,776,924,987,988],[161,162,163,164,165,166,167,168,169,170,171,172,173,174,175,176,177,178,179,180,181,182,183,184,185,186,187,188,189,190,191,192,193,194,195,196,197,198,199,200,201]]
[(23.0952, -17.1976, 9.2486)/17] => [[71,74,88,99,117,204,234,243,276,328,339,388,489,542,712,753,776,924,987,988],[161,162,163,164,165,166,167,168,169,170,171,172,173,174,175,176,177,178,179,180,181,182,183,184,185,186,187,188,189,190,191,192,193,194,195,196,197,198,199,200,201]]
[(23.2398, -17.1777, 9.2604)/15] => [[71,74,88,99,117,204,234,243,276,328,339,388,489,542,712,753,776,924,987,988],[141,142,143,144,145,146,147,148,149,150,151,152,153,154,155,156,157,158,159,160,161,162,163,164,165,166,167,168,169,170,171,172,173,174,175,176,177,178,179,180,181]]
[(23.2810, -17.1720, 9.2639)/12] => [[71,74,88,99,117,204,234,243,276,328,339,388,489,542,712,753,776,924,987,988],[111,112,113,114,115,116,117,118,119,120,121,122,123,124,125,126,127,128,129,130,131,132,133,134,135,136,137,138,139,140,141,142,143,144,145,146,147,148,149,150,151]]
[(23.3621, -17.1608, 9.2707)/19] => [[71,74,88,99,117,204,234,243,276,328,339,388,489,542,712,753,776,924,987,988],[182,183,184,185,186,187,188,189,190,191,192,193,194,195,196,197,198,199,200,201,202,203,204,205,206,207,208,209,210,211,212,213,214,215,216,217,218,219,220,221,222]]
[(23.3656, -17.1603, 9.2711)/19] => [[71,74,88,99,117,204,234,243,276,328,339,388,489,542,712,753,776,924,987,988],[182,183,184,185,186,187,188,189,190,191,192,193,194,195,196,197,198,199,200,201,202,203,204,205,206,207,208,209,210,211,212,213,214,215,216,217,218,219,220,221,222]]
[(27.2331, -21.5331, 9.5821)/12] => [[71,74,88,99,204,234,243,276,339,388,489,542,708,712,753,776,858,924,930,950],[111,112,113,114,115,116,117,118,119,120,121,122,123,124,125,126,127,128,129,130,131,132,133,134,135,136,137,138,139,140,141,142,143,144,145,146,147,148,149,150,151]]
[(27.4944, -26.4725, 9.6031)/12] => [[71,74,88,99,204,234,243,276,339,388,489,542,708,712,753,776,858,924,930,950],[111,112,113,114,115,116,117,118,119,120,121,122,123,124,125,126,127,128,129,130,131,132,133,134,135,136,137,138,139,140,141,142,143,144,145,146,147,148,149,150,151]]
[(-8.4998, -15.5244, 10.2296)/19] => [[68,69,71,88,96,99,117,204,234,243,276,339,388,489,577,678,712,836,924,1012],[182,183,184,185,186,187,188,189,190,191,192,193,194,195,196,197,198,199,200,201,202,203,204,205,206,207,208,209,210,211,212,213,214,215,216,217,218,219,220,221,222]]
[(-8.4998, -28.2350, 10.6358)/16] => [[69,71,88,96,99,204,234,243,276,339,388,489,577,688,708,712,858,924,1012,1014],[151,152,153,154,155,156,157,158,159,160,161,162,163,164,165,166,167,168,169,170,171,172,173,174,175,176,177,178,179,180,181,182,183,184,185,186,187,188,189,190,191]]
[(-64.8636, -29.2678, 11.2409)/14] => [[41,63,69,96,114,232,273,311,341,396,411,433,493,577,603,639,651,696,706,751],[131,132,133,134,135,136,137,138,139,140,141,142,143,144,145,146,147,148,149,150,151,152,153,154,155,156,157,158,159,160,161,162,163,164,165,166,167,168,169,170,171]]
[(-66.3599, -13.5932, 11.3607)/14] => [[63,69,96,114,273,311,341,396,433,493,577,603,651,662,678,696,706,751,773],[131,132,133,134,135,136,137,138,139,140,141,142,143,144,145,146,147,148,149,150,151,152,153,154,155,156,157,158,159,160,161,162,163,164,165,166,167,168,169,170,171]]
[(-66.3755, -13.5910, 11.3622)/16] => [[63,69,96,114,273,311,341,396,433,493,577,603,651,662,678,696,706,751,773],[151,152,153,154,155,156,157,158,159,160,161,162,163,164,165,166,167,168,169,170,171,172,173,174,175,176,177,178,179,180,181,182,183,184,185,186,187,188,189,190,191]]
[(-66.4049, -13.5869, 11.3648)/15] => [[63,69,96,114,273,311,341,396,433,493,577,603,651,662,678,696,706,751,773],[141,142,143,144,145,146,147,148,149,150,151,152,153,154,155,156,157,158,159,160,161,162,163,164,165,166,167,168,169,170,171,172,173,174,175,176,177,178,179,180,181]]
[(-72.0757, -21.5331, 11.8207)/15] => [[63,114,232,273,311,341,361,396,430,433,493,577,603,639,651,696,701,706,751,1015],[141,142,143,144,145,146,147,148,149,150,151,152,153,154,155,156,157,158,159,160,161,162,163,164,165,166,167,168,169,170,171,172,173,174,175,176,177,178,179,180,181]]
[(-8.4998, -21.5331, 12.6909)/18] => [[69,71,88,96,99,204,234,243,276,339,388,489,577,688,708,712,858,924,1012,1014],[171,172,173,174,175,176,177,178,179,180,181,182,183,184,185,186,187,188,189,190,191,192,193,194,195,196,197,198,199,200,201,202,203,204,205,206,207,208,209,210,211]]
