[(-35.7246, -85.6587, 9.6690)/19] => [[44,58,141,300,305,354,478,546,582,612,620,669,685,710,778,804,808,924,981],[182,183,184,185,186,187,188,189,190,191,192,193,194,195,196,197,198,199,200,201,202,203,204,205,206,207,208,209,210,211,212,213,214,215,216,217,218,219,220,221,222]]
[(31.0556, 99.6151, 42.9184)/18] => [[49,156,209,307,329,402,406,528,572,606,608,614,684,696,760,780,839,936,987,991],[171,172,173,174,175,176,177,178,179,180,181,182,183,184,185,186,187,188,189,190,191,192,193,194,195,196,197,198,199,200,201,202,203,204,205,206,207,208,209,210,211]]
[(-93.0154, 89.8376, 49.7399)/12] => [[162,178,193,226,243,302,336,424,474,507,637,682,727,752,769,816,941,958,969,981],[111,112,113,114,115,116,117,118,119,120,121,122,123,124,125,126,127,128,129,130,131,132,133,134,135,136,137,138,139,140,141,142,143,144,145,146,147,148,149,150,151]]
[(-81.6199, 30.8073, 57.9315)/8] => [[63,144,228,273,302,336,341,382,457,496,534,551,603,615,637,731,773,882,958,1004],[71,72,73,74,75,76,77,78,79,80,81,82,83,84,85,86,87,88,89,90,91,92,93,94,95,96,97,98,99,100,101,102,103,104,105,106,107,108,109,110,111]]
[(9.4550, 30.8073, 58.4459)/12] => [[5,17,87,96,98,145,276,304,567,572,574,691,712,735,780,832,888,904,924,936],[111,112,113,114,115,116,117,118,119,120,121,122,123,124,125,126,127,128,129,130,131,132,133,134,135,136,137,138,139,140,141,142,143,144,145,146,147,148,149,150,151]]
[(-35.7246, 68.6922, 64.4922)/7] => [[87,98,163,199,256,300,316,382,472,551,603,637,674,731,736,746,796,895,936,987],[61,62,63,64,65,66,67,68,69,70,71,72,73,74,75,76,77,78,79,80,81,82,83,84,85,86,87,88,89,90,91,92,93,94,95,96,97,98,99,100,101]]
[(-35.7246, 30.8073, 69.3104)/7] => [[63,87,98,145,300,382,603,615,637,662,691,731,735,766,832,882,888,904,924,936],[61,62,63,64,65,66,67,68,69,70,71,72,73,74,75,76,77,78,79,80,81,82,83,84,85,86,87,88,89,90,91,92,93,94,95,96,97,98,99,100,101]]
[(-61.2322, 4.5253, 72.5871)/22] => [[24,63,145,228,280,332,341,378,471,508,540,576,615,653,662,816,882,888,933,1004],[212,213,214,215,216,217,218,219,220,221,222,223,224,225,226,227,228,229,230,231,232,233,234,235,236,237,238,239,240,241,242,243,244,245,246,247,248,249,250,251,252]]
[(-12.4244, 6.7996, 74.1738)/23] => [[24,131,145,250,304,332,345,454,471,533,535,540,577,653,662,735,766,832,888,904],[222,223,224,225,226,227,228,229,230,231,232,233,234,235,236,237,238,239,240,241,242,243,244,245,246,247,248,249,250,251,252,253,254,255,256,257,258,259,260,261,262]]
[(-35.7246, -111.5719, 90.9231)/17] => [[89,104,184,225,259,264,419,544,629,641,668,709,713,769,825,829,841,863,954,980],[161,162,163,164,165,166,167,168,169,170,171,172,173,174,175,176,177,178,179,180,181,182,183,184,185,186,187,188,189,190,191,192,193,194,195,196,197,198,199,200,201]]
[(-69.0556, -3.5356, 90.9231)/21] => [[24,145,228,280,332,341,378,471,508,540,576,615,644,653,816,885,888,933,1004,1007],[202,203,204,205,206,207,208,209,210,211,212,213,214,215,216,217,218,219,220,221,222,223,224,225,226,227,228,229,230,231,232,233,234,235,236,237,238,239,240,241,242]]
[(-67.6755, 63.7283, 90.9231)/23] => [[53,178,199,228,300,303,316,322,413,462,478,512,611,684,731,795,802,816,832,944],[222,223,224,225,226,227,228,229,230,231,232,233,234,235,236,237,238,239,240,241,242,243,244,245,246,247,248,249,250,251,252,253,254,255,256,257,258,259,260,261,262]]
[(-2.7144, 30.8073, 90.9232)/21] => [[45,87,145,168,175,204,218,236,244,253,332,458,572,700,735,766,771,802,832,888],[202,203,204,205,206,207,208,209,210,211,212,213,214,215,216,217,218,219,220,221,222,223,224,225,226,227,228,229,230,231,232,233,234,235,236,237,238,239,240,241,242]]
[(-5.9616, 0.1405, 90.9231)/16] => [[131,145,160,172,175,204,250,253,280,332,345,454,458,533,535,612,735,766,832,888],[151,152,153,154,155,156,157,158,159,160,161,162,163,164,165,166,167,168,169,170,171,172,173,174,175,176,177,178,179,180,181,182,183,184,185,186,187,188,189,190,191]]
[(-68.9701, 30.8073, 90.9232)/21] => [[145,228,300,303,322,332,378,413,462,508,611,615,731,795,802,816,885,888,1004,1007],[202,203,204,205,206,207,208,209,210,211,212,213,214,215,216,217,218,219,220,221,222,223,224,225,226,227,228,229,230,231,232,233,234,235,236,237,238,239,240,241,242]]
[(-0.1618, 67.4499, 90.9232)/23] => [[45,69,87,163,168,218,236,316,394,418,472,551,572,574,700,736,746,796,802,931],[222,223,224,225,226,227,228,229,230,231,232,233,234,235,236,237,238,239,240,241,242,243,244,245,246,247,248,249,250,251,252,253,254,255,256,257,258,259,260,261,262]]
[(-35.7246, 123.5169, 90.9232)/9] => [[182,191,215,235,267,312,380,510,598,650,668,736,796,800,854,902,906,953,956,988],[81,82,83,84,85,86,87,88,89,90,91,92,93,94,95,96,97,98,99,100,101,102,103,104,105,106,107,108,109,110,111,112,113,114,115,116,117,118,119,120,121]]
[(-9.4818, 3.7676, 109.7878)/19] => [[131,145,160,172,204,250,253,280,332,345,454,458,535,536,612,698,707,766,832,888],[182,183,184,185,186,187,188,189,190,191,192,193,194,195,196,197,198,199,200,201,202,203,204,205,206,207,208,209,210,211,212,213,214,215,216,217,218,219,220,221,222]]
[(-64.2016, 1.4657, 111.3938)/20] => [[27,141,145,228,280,332,341,378,508,540,568,644,653,703,712,816,885,933,1004,1007],[192,193,194,195,196,197,198,199,200,201,202,203,204,205,206,207,208,209,210,211,212,213,214,215,216,217,218,219,220,221,222,223,224,225,226,227,228,229,230,231,232]]
[(-69.6405, 65.7528, 115.3034)/21] => [[199,228,291,303,316,322,462,478,498,512,611,668,684,703,790,795,802,816,832,944],[202,203,204,205,206,207,208,209,210,211,212,213,214,215,216,217,218,219,220,221,222,223,224,225,226,227,228,229,230,231,232,233,234,235,236,237,238,239,240,241,242]]
[(2.2256, 69.9099, 118.2036)/22] => [[38,45,69,168,218,296,297,316,394,418,466,525,537,551,574,700,736,746,802,931],[212,213,214,215,216,217,218,219,220,221,222,223,224,225,226,227,228,229,230,231,232,233,234,235,236,237,238,239,240,241,242,243,244,245,246,247,248,249,250,251,252]]
[(-35.7246, -18.0533, 125.0114)/8] => [[88,131,239,253,266,284,332,345,429,478,507,540,612,653,707,712,733,766,852,1007],[71,72,73,74,75,76,77,78,79,80,81,82,83,84,85,86,87,88,89,90,91,92,93,94,95,96,97,98,99,100,101,102,103,104,105,106,107,108,109,110,111]]
[(-104.5156, 30.8073, 140.3733)/20] => [[17,27,87,116,120,281,413,476,498,622,632,650,655,668,688,703,885,983,1004,1020],[192,193,194,195,196,197,198,199,200,201,202,203,204,205,206,207,208,209,210,211,212,213,214,215,216,217,218,219,220,221,222,223,224,225,226,227,228,229,230,231,232]]
[(-35.7246, 30.8073, 141.7889)/25] => [[45,114,244,251,253,284,322,434,458,462,465,478,525,641,688,779,795,802,904,1007],[242,243,244,245,246,247,248,249,250,251,252,253,254,255,256,257,258,259,260,261,262,263,264,265,266,267,268,269,270,271,272,273,274,275,276,277,278,279,280,281,282]]
[(36.6348, 30.8073, 142.9385)/24] => [[44,45,77,114,182,204,237,244,259,285,297,342,488,526,536,700,824,904,963,978],[232,233,234,235,236,237,238,239,240,241,242,243,244,245,246,247,248,249,250,251,252,253,254,255,256,257,258,259,260,261,262,263,264,265,266,267,268,269,270,271,272]]
[(-35.7246, 122.7400, 155.0613)/11] => [[55,85,191,267,383,405,439,451,545,592,800,826,832,861,880,905,923,924,975,1013],[101,102,103,104,105,106,107,108,109,110,111,112,113,114,115,116,117,118,119,120,121,122,123,124,125,126,127,128,129,130,131,132,133,134,135,136,137,138,139,140,141]]
