[(-23.2285, -22.7056, -0.2192)/14] => [[69,71,74,96,99,234,243,276,388,396,489,688,696,703,712,776,924,950,1012],[131,132,133,134,135,136,137,138,139,140,141,142,143,144,145,146,147,148,149,150,151,152,153,154,155,156,157,158,159,160,161,162,163,164,165,166,167,168,169,170,171]]
[(18.3768, 17.6182, 7.1732)/12] => [[17,71,74,117,204,231,234,276,339,388,489,542,567,575,703,709,712,924,969,987],[111,112,113,114,115,116,117,118,119,120,121,122,123,124,125,126,127,128,129,130,131,132,133,134,135,136,137,138,139,140,141,142,143,144,145,146,147,148,149,150,151]]
[(-61.1608, -59.4696, 7.9683)/9] => [[1,69,118,311,333,354,396,493,603,639,651,664,669,696,734,803,808,924,981],[81,82,83,84,85,86,87,88,89,90,91,92,93,94,95,96,97,98,99,100,101,102,103,104,105,106,107,108,109,110,111,112,113,114,115,116,117,118,119,120,121]]
[(-45.6920, -22.7056, 11.3169)/19] => [[37,41,63,69,96,232,273,311,388,396,433,489,493,639,651,688,696,751,924,1012],[182,183,184,185,186,187,188,189,190,191,192,193,194,195,196,197,198,199,200,201,202,203,204,205,206,207,208,209,210,211,212,213,214,215,216,217,218,219,220,221,222]]
[(-23.2285, -44.4226, 11.3291)/19] => [[37,69,71,99,141,234,243,246,254,396,577,582,669,688,696,789,808,868,898,1012],[182,183,184,185,186,187,188,189,190,191,192,193,194,195,196,197,198,199,200,201,202,203,204,205,206,207,208,209,210,211,212,213,214,215,216,217,218,219,220,221,222]]
[(-4.6032, -22.7056, 12.1478)/18] => [[69,71,88,96,99,204,234,243,276,339,388,489,577,688,708,712,858,924,1012,1014],[171,172,173,174,175,176,177,178,179,180,181,182,183,184,185,186,187,188,189,190,191,192,193,194,195,196,197,198,199,200,201,202,203,204,205,206,207,208,209,210,211]]
[(-23.2285, -4.6614, 12.1495)/18] => [[17,63,69,71,96,117,234,243,276,388,396,489,574,577,662,678,696,709,712,924],[171,172,173,174,175,176,177,178,179,180,181,182,183,184,185,186,187,188,189,190,191,192,193,194,195,196,197,198,199,200,201,202,203,204,205,206,207,208,209,210,211]]
[(-11.4329, -34.1379, 13.6263)/14] => [[69,71,96,99,141,204,225,243,254,339,387,396,489,577,582,696,712,722,858,1012],[131,132,133,134,135,136,137,138,139,140,141,142,143,144,145,146,147,148,149,150,151,152,153,154,155,156,157,158,159,160,161,162,163,164,165,166,167,168,169,170,171]]
[(-34.9521, -11.3431, 13.6418)/17] => [[63,69,71,96,99,234,243,311,388,396,433,489,493,662,678,696,712,836,924,1012],[161,162,163,164,165,166,167,168,169,170,171,172,173,174,175,176,177,178,179,180,181,182,183,184,185,186,187,188,189,190,191,192,193,194,195,196,197,198,199,200,201]]
[(35.0889, 33.8158, 16.1794)/13] => [[5,17,117,240,276,304,328,567,575,593,635,709,712,732,774,780,835,969,1003],[121,122,123,124,125,126,127,128,129,130,131,132,133,134,135,136,137,138,139,140,141,142,143,144,145,146,147,148,149,150,151,152,153,154,155,156,157,158,159,160,161]]
[(35.7395, 34.4462, 16.1794)/13] => [[5,17,117,240,276,304,328,567,575,593,635,709,712,732,774,780,835,969,1003],[121,122,123,124,125,126,127,128,129,130,131,132,133,134,135,136,137,138,139,140,141,142,143,144,145,146,147,148,149,150,151,152,153,154,155,156,157,158,159,160,161]]
[(38.2913, 36.9194, 16.1795)/13] => [[5,17,117,240,276,304,328,567,575,593,635,709,712,732,774,780,835,969,1003],[121,122,123,124,125,126,127,128,129,130,131,132,133,134,135,136,137,138,139,140,141,142,143,144,145,146,147,148,149,150,151,152,153,154,155,156,157,158,159,160,161]]
[(38.5580, 37.1778, 16.1796)/13] => [[5,17,117,240,276,304,328,567,575,593,635,709,712,732,774,780,835,969,1003],[121,122,123,124,125,126,127,128,129,130,131,132,133,134,135,136,137,138,139,140,141,142,143,144,145,146,147,148,149,150,151,152,153,154,155,156,157,158,159,160,161]]
[(-63.2884, -61.5316, 16.1797)/9] => [[1,118,311,354,378,396,493,603,620,639,651,664,669,710,734,789,803,808,924],[81,82,83,84,85,86,87,88,89,90,91,92,93,94,95,96,97,98,99,100,101,102,103,104,105,106,107,108,109,110,111,112,113,114,115,116,117,118,119,120,121]]
[(-23.2285, -45.6408, 16.1797)/19] => [[37,69,71,99,141,234,243,246,254,396,577,582,669,688,696,789,808,868,898,1012],[182,183,184,185,186,187,188,189,190,191,192,193,194,195,196,197,198,199,200,201,202,203,204,205,206,207,208,209,210,211,212,213,214,215,216,217,218,219,220,221,222]]
[(-46.9924, -22.7056, 16.1797)/19] => [[37,41,63,69,96,232,273,311,388,396,433,489,493,639,651,688,696,751,924,1012],[182,183,184,185,186,187,188,189,190,191,192,193,194,195,196,197,198,199,200,201,202,203,204,205,206,207,208,209,210,211,212,213,214,215,216,217,218,219,220,221,222]]
[(-4.0117, -22.7056, 16.1797)/19] => [[69,71,88,96,99,204,234,243,276,339,388,489,577,688,708,712,858,924,1012,1014],[182,183,184,185,186,187,188,189,190,191,192,193,194,195,196,197,198,199,200,201,202,203,204,205,206,207,208,209,210,211,212,213,214,215,216,217,218,219,220,221,222]]
[(-35.1325, -11.1683, 16.1797)/17] => [[63,69,71,96,99,234,243,311,388,396,433,489,493,662,678,696,712,836,924,1012],[161,162,163,164,165,166,167,168,169,170,171,172,173,174,175,176,177,178,179,180,181,182,183,184,185,186,187,188,189,190,191,192,193,194,195,196,197,198,199,200,201]]
[(-11.3151, -34.2520, 16.1797)/16] => [[69,71,96,99,141,204,225,243,254,339,387,396,489,577,582,696,712,722,858,1012],[151,152,153,154,155,156,157,158,159,160,161,162,163,164,165,166,167,168,169,170,171,172,173,174,175,176,177,178,179,180,181,182,183,184,185,186,187,188,189,190,191]]
[(-23.2285, -4.0437, 16.1797)/18] => [[17,63,69,71,96,117,234,243,276,388,396,489,574,577,662,678,696,709,712,924],[171,172,173,174,175,176,177,178,179,180,181,182,183,184,185,186,187,188,189,190,191,192,193,194,195,196,197,198,199,200,201,202,203,204,205,206,207,208,209,210,211]]
[(38.7902, 37.4027, 16.1797)/13] => [[5,17,117,240,276,304,328,567,575,593,635,709,712,732,774,780,835,969,1003],[121,122,123,124,125,126,127,128,129,130,131,132,133,134,135,136,137,138,139,140,141,142,143,144,145,146,147,148,149,150,151,152,153,154,155,156,157,158,159,160,161]]
[(-11.4345, -34.1363, 18.7328)/16] => [[69,71,96,99,141,204,225,243,254,339,387,396,489,577,582,696,712,722,858,1012],[151,152,153,154,155,156,157,158,159,160,161,162,163,164,165,166,167,168,169,170,171,172,173,174,175,176,177,178,179,180,181,182,183,184,185,186,187,188,189,190,191]]
[(-35.0400, -11.2578, 18.7366)/15] => [[63,69,71,96,99,234,243,311,388,396,433,489,493,662,678,696,712,836,924,1012],[141,142,143,144,145,146,147,148,149,150,151,152,153,154,155,156,157,158,159,160,161,162,163,164,165,166,167,168,169,170,171,172,173,174,175,176,177,178,179,180,181]]
[(-23.2285, -4.9167, 20.1530)/19] => [[17,63,69,96,117,234,243,276,388,396,489,574,577,662,678,696,712,882,904,924],[182,183,184,185,186,187,188,189,190,191,192,193,194,195,196,197,198,199,200,201,202,203,204,205,206,207,208,209,210,211,212,213,214,215,216,217,218,219,220,221,222]]
[(-4.8294, -22.7056, 20.1627)/19] => [[69,96,99,204,234,243,276,388,390,489,577,691,708,712,858,900,904,924,1012,1014],[182,183,184,185,186,187,188,189,190,191,192,193,194,195,196,197,198,199,200,201,202,203,204,205,206,207,208,209,210,211,212,213,214,215,216,217,218,219,220,221,222]]
[(-23.2285, -44.7916, 21.1127)/19] => [[37,69,99,195,234,243,246,396,577,582,669,688,696,789,790,808,868,898,900,1012],[182,183,184,185,186,187,188,189,190,191,192,193,194,195,196,197,198,199,200,201,202,203,204,205,206,207,208,209,210,211,212,213,214,215,216,217,218,219,220,221,222]]
[(-46.1929, -22.7056, 21.1509)/19] => [[63,69,96,208,273,311,388,396,433,489,493,651,688,696,751,882,900,904,924,1012],[182,183,184,185,186,187,188,189,190,191,192,193,194,195,196,197,198,199,200,201,202,203,204,205,206,207,208,209,210,211,212,213,214,215,216,217,218,219,220,221,222]]
[(-62.0826, -60.3630, 24.5907)/9] => [[1,118,216,303,311,354,396,493,620,651,664,669,710,734,789,799,803,808,900,924],[81,82,83,84,85,86,87,88,89,90,91,92,93,94,95,96,97,98,99,100,101,102,103,104,105,106,107,108,109,110,111,112,113,114,115,116,117,118,119,120,121]]
[(17.0774, 16.3588, 24.9049)/11] => [[5,17,117,204,234,276,304,388,390,489,567,574,577,709,712,836,896,904,924,969],[101,102,103,104,105,106,107,108,109,110,111,112,113,114,115,116,117,118,119,120,121,122,123,124,125,126,127,128,129,130,131,132,133,134,135,136,137,138,139,140,141]]
[(-23.2285, -22.7056, 32.7336)/17] => [[37,63,69,96,99,234,243,276,388,396,471,489,577,691,712,882,900,904,924,1012],[161,162,163,164,165,166,167,168,169,170,171,172,173,174,175,176,177,178,179,180,181,182,183,184,185,186,187,188,189,190,191,192,193,194,195,196,197,198,199,200,201]]
