[(18.8589, -14.4364, -0.1722)/19] => [[71,74,88,99,117,204,234,243,276,339,388,489,542,703,712,753,776,924,987,1012],[182,183,184,185,186,187,188,189,190,191,192,193,194,195,196,197,198,199,200,201,202,203,204,205,206,207,208,209,210,211,212,213,214,215,216,217,218,219,220,221,222]]
[(18.8589, 47.3703, 0.0131)/19] => [[17,98,117,129,156,231,276,328,388,567,574,575,593,703,709,728,924,969,987],[182,183,184,185,186,187,188,189,190,191,192,193,194,195,196,197,198,199,200,201,202,203,204,205,206,207,208,209,210,211,212,213,214,215,216,217,218,219,220,221,222]]
[(57.0364, 16.5731, 0.3658)/12] => [[5,114,204,328,339,396,542,567,571,575,614,635,693,709,732,774,964,969,987],[111,112,113,114,115,116,117,118,119,120,121,122,123,124,125,126,127,128,129,130,131,132,133,134,135,136,137,138,139,140,141,142,143,144,145,146,147,148,149,150,151]]
[(18.8589, 16.5731, 1.4463)/25] => [[17,71,74,117,204,231,234,276,339,388,489,542,567,575,703,709,712,924,969,987],[242,243,244,245,246,247,248,249,250,251,252,253,254,255,256,257,258,259,260,261,262,263,264,265,266,267,268,269,270,271,272,273,274,275,276,277,278,279,280,281,282]]
[(-17.6542, 16.5731, 1.5227)/15] => [[17,69,71,74,96,117,204,231,276,339,388,489,542,575,678,696,703,712,924,987],[141,142,143,144,145,146,147,148,149,150,151,152,153,154,155,156,157,158,159,160,161,162,163,164,165,166,167,168,169,170,171,172,173,174,175,176,177,178,179,180,181]]
[(51.4651, 42.5309, 4.2378)/8] => [[5,114,129,156,209,240,328,567,575,614,635,693,709,732,774,835,964,969,987],[71,72,73,74,75,76,77,78,79,80,81,82,83,84,85,86,87,88,89,90,91,92,93,94,95,96,97,98,99,100,101,102,103,104,105,106,107,108,109,110,111]]
[(50.8981, -8.9334, 4.6319)/9] => [[5,68,88,97,204,328,339,396,421,466,542,587,635,693,732,774,913,964,987],[81,82,83,84,85,86,87,88,89,90,91,92,93,94,95,96,97,98,99,100,101,102,103,104,105,106,107,108,109,110,111,112,113,114,115,116,117,118,119,120,121]]
[(-11.7677, 40.9549, 5.6137)/11] => [[17,98,117,156,231,276,328,388,509,574,575,593,678,703,709,728,836,924,987,1003],[101,102,103,104,105,106,107,108,109,110,111,112,113,114,115,116,117,118,119,120,121,122,123,124,125,126,127,128,129,130,131,132,133,134,135,136,137,138,139,140,141]]
[(-11.0863, -7.2663, 6.0872)/14] => [[17,69,71,74,96,117,204,243,276,339,388,396,489,542,678,696,703,712,924,987],[131,132,133,134,135,136,137,138,139,140,141,142,143,144,145,146,147,148,149,150,151,152,153,154,155,156,157,158,159,160,161,162,163,164,165,166,167,168,169,170,171]]
[(-19.8712, 16.5731, 26.8989)/21] => [[17,69,96,117,204,234,276,304,388,489,574,577,662,678,691,696,712,836,904,924],[202,203,204,205,206,207,208,209,210,211,212,213,214,215,216,217,218,219,220,221,222,223,224,225,226,227,228,229,230,231,232,233,234,235,236,237,238,239,240,241,242]]
[(18.8589, -23.3776, 26.8989)/24] => [[99,204,234,243,276,388,390,489,577,691,703,708,712,753,858,896,904,924,1012,1014],[232,233,234,235,236,237,238,239,240,241,242,243,244,245,246,247,248,249,250,251,252,253,254,255,256,257,258,259,260,261,262,263,264,265,266,267,268,269,270,271,272]]
[(51.4988, -9.4116, 26.8989)/23] => [[5,97,204,304,328,390,406,421,515,587,635,693,732,740,774,885,896,913,950,964],[222,223,224,225,226,227,228,229,230,231,232,233,234,235,236,237,238,239,240,241,242,243,244,245,246,247,248,249,250,251,252,253,254,255,256,257,258,259,260,261,262]]
[(-11.4489, -7.5549, 26.8989)/23] => [[17,69,96,117,204,234,243,276,304,388,396,489,574,577,662,678,696,712,904,924],[222,223,224,225,226,227,228,229,230,231,232,233,234,235,236,237,238,239,240,241,242,243,244,245,246,247,248,249,250,251,252,253,254,255,256,257,258,259,260,261,262]]
[(-45.7439, 16.5731, 26.8989)/7] => [[63,69,96,155,273,382,388,433,489,574,603,662,678,696,751,773,836,882,904,924],[61,62,63,64,65,66,67,68,69,70,71,72,73,74,75,76,77,78,79,80,81,82,83,84,85,86,87,88,89,90,91,92,93,94,95,96,97,98,99,100,101]]
[(61.4092, 16.5731, 26.8989)/25] => [[5,26,35,114,328,390,515,545,567,571,614,635,693,709,732,774,860,896,964,969],[242,243,244,245,246,247,248,249,250,251,252,253,254,255,256,257,258,259,260,261,262,263,264,265,266,267,268,269,270,271,272,273,274,275,276,277,278,279,280,281,282]]
[(52.3370, 43.2251, 26.8989)/23] => [[5,49,114,156,209,240,304,326,328,567,606,614,635,693,709,732,774,896,969],[222,223,224,225,226,227,228,229,230,231,232,233,234,235,236,237,238,239,240,241,242,243,244,245,246,247,248,249,250,251,252,253,254,255,256,257,258,259,260,261,262]]
[(18.8589, 57.9317, 26.8989)/23] => [[5,17,98,117,156,209,304,328,567,574,593,614,709,728,780,836,969,987,1003],[222,223,224,225,226,227,228,229,230,231,232,233,234,235,236,237,238,239,240,241,242,243,244,245,246,247,248,249,250,251,252,253,254,255,256,257,258,259,260,261,262]]
[(-12.1561, 41.2641, 26.8989)/24] => [[17,98,117,156,276,304,328,388,574,593,662,678,728,780,836,899,924,936,987,1003],[232,233,234,235,236,237,238,239,240,241,242,243,244,245,246,247,248,249,250,251,252,253,254,255,256,257,258,259,260,261,262,263,264,265,266,267,268,269,270,271,272]]
[(-11.6227, -7.6933, 48.0834)/23] => [[17,24,69,96,234,243,276,304,388,471,489,533,574,577,662,712,735,888,904,924],[222,223,224,225,226,227,228,229,230,231,232,233,234,235,236,237,238,239,240,241,242,243,244,245,246,247,248,249,250,251,252,253,254,255,256,257,258,259,260,261,262]]
[(-12.2841, 41.3660, 48.5431)/23] => [[17,87,98,156,236,276,300,304,388,472,572,574,662,674,715,735,780,924,936,987],[222,223,224,225,226,227,228,229,230,231,232,233,234,235,236,237,238,239,240,241,242,243,244,245,246,247,248,249,250,251,252,253,254,255,256,257,258,259,260,261,262]]
[(51.6674, -9.5459, 49.7006)/23] => [[5,172,212,263,304,374,390,406,421,515,533,649,693,732,774,784,885,896,913,964],[222,223,224,225,226,227,228,229,230,231,232,233,234,235,236,237,238,239,240,241,242,243,244,245,246,247,248,249,250,251,252,253,254,255,256,257,258,259,260,261,262]]
[(52.6486, 43.4732, 50.3826)/23] => [[5,49,209,304,326,354,394,528,567,572,574,606,614,693,709,732,773,835,896,909],[222,223,224,225,226,227,228,229,230,231,232,233,234,235,236,237,238,239,240,241,242,243,244,245,246,247,248,249,250,251,252,253,254,255,256,257,258,259,260,261,262]]
[(-20.1589, 16.5730, 54.0160)/25] => [[17,24,63,69,96,145,234,250,276,382,471,577,615,662,712,735,882,888,904,924],[242,243,244,245,246,247,248,249,250,251,252,253,254,255,256,257,258,259,260,261,262,263,264,265,266,267,268,269,270,271,272,273,274,275,276,277,278,279,280,281,282]]
[(61.6897, 16.5731, 56.6660)/25] => [[5,172,354,374,390,469,515,567,571,574,614,649,693,709,725,732,773,860,896,964],[242,243,244,245,246,247,248,249,250,251,252,253,254,255,256,257,258,259,260,261,262,263,264,265,266,267,268,269,270,271,272,273,274,275,276,277,278,279,280,281,282]]
[(18.8589, -23.4933, 61.8767)/25] => [[131,172,234,250,350,390,397,454,467,533,535,577,691,703,766,832,896,904,924,1014],[242,243,244,245,246,247,248,249,250,251,252,253,254,255,256,257,258,259,260,261,262,263,264,265,266,267,268,269,270,271,272,273,274,275,276,277,278,279,280,281,282]]
[(18.8589, 58.1512, 63.1965)/25] => [[5,87,98,163,209,304,394,472,551,567,572,574,614,674,709,735,746,780,936,987],[242,243,244,245,246,247,248,249,250,251,252,253,254,255,256,257,258,259,260,261,262,263,264,265,266,267,268,269,270,271,272,273,274,275,276,277,278,279,280,281,282]]
[(-38.0918, 16.5730, 66.4792)/13] => [[24,63,69,131,145,234,250,382,471,540,603,615,662,735,766,832,882,888,904,924],[121,122,123,124,125,126,127,128,129,130,131,132,133,134,135,136,137,138,139,140,141,142,143,144,145,146,147,148,149,150,151,152,153,154,155,156,157,158,159,160,161]]
