{"iteration": 0}
{"iteration": 1}
{"iteration": 2}
{"iteration": 3}
{"iteration": 4}
{"iteration": 5}
{"iteration": 6}
{"iteration": 7}
{"iteration": 8}
{"iteration": 9}
{"iteration": 10}
{"reset": false, "sequenceCounter": 1, "iteration": 11, "random": false, "killCell": false, "predictions": [1], "current": 3, "truth": 2}
{"reset": false, "sequenceCounter": 1, "iteration": 12, "random": false, "killCell": false, "predictions": [9], "current": 2, "truth": 0}
{"reset": false, "sequenceCounter": 1, "iteration": 13, "random": false, "killCell": false, "predictions": [0], "current": 0, "truth": 5}
{"reset": false, "sequenceCounter": 1, "iteration": 14, "random": false, "killCell": false, "predictions": [0], "current": 5, "truth": 7}
{"reset": false, "sequenceCounter": 1, "iteration": 15, "random": true, "killCell": false, "predictions": [2], "current": 7, "truth": null}
{"reset": false, "sequenceCounter": 2, "iteration": 16, "random": false, "killCell": false, "predictions": [6], "current": 16335, "truth": null}
{"reset": false, "sequenceCounter": 2, "iteration": 17, "random": false, "killCell": false, "predictions": [4], "current": 1, "truth": 5}
{"reset": false, "sequenceCounter": 2, "iteration": 18, "random": false, "killCell": false, "predictions": [2], "current": 5, "truth": 2}
{"reset": false, "sequenceCounter": 2, "iteration": 19, "random": false, "killCell": false, "predictions": [1], "current": 2, "truth": 0}
{"reset": false, "sequenceCounter": 2, "iteration": 20, "random": false, "killCell": false, "predictions": [8], "current": 0, "truth": 3}
{"reset": false, "sequenceCounter": 2, "iteration": 21, "random": false, "killCell": false, "predictions": [5], "current": 3, "truth": 6}
{"reset": false, "sequenceCounter": 2, "iteration": 22, "random": false, "killCell": false, "predictions": [3], "current": 6, "truth": 7}
{"reset": false, "sequenceCounter": 2, "iteration": 23, "random": true, "killCell": false, "predictions": [0], "current": 7, "truth": null}
{"reset": false, "sequenceCounter": 3, "iteration": 24, "random": false, "killCell": false, "predictions": [6], "current": 23076, "truth": null}
{"reset": false, "sequenceCounter": 3, "iteration": 25, "random": false, "killCell": false, "predictions": [0], "current": 0, "truth": 8}
{"reset": false, "sequenceCounter": 3, "iteration": 26, "random": false, "killCell": false, "predictions": [0], "current": 8, "truth": 3}
{"reset": false, "sequenceCounter": 3, "iteration": 27, "random": false, "killCell": false, "predictions": [3], "current": 3, "truth": 6}
{"reset": false, "sequenceCounter": 3, "iteration": 28, "random": false, "killCell": false, "predictions": [2], "current": 6, "truth": 7}
{"reset": false, "sequenceCounter": 3, "iteration": 29, "random": false, "killCell": false, "predictions": [5], "current": 7, "truth": 5}
{"reset": false, "sequenceCounter": 3, "iteration": 30, "random": false, "killCell": false, "predictions": [6], "current": 5, "truth": 2}
{"reset": false, "sequenceCounter": 3, "iteration": 31, "random": false, "killCell": false, "predictions": [9], "current": 2, "truth": 1}
{"reset": false, "sequenceCounter": 3, "iteration": 32, "random": true, "killCell": false, "predictions": [0], "current": 1, "truth": null}
{"reset": false, "sequenceCounter": 4, "iteration": 33, "random": false, "killCell": false, "predictions": [6], "current": 40617, "truth": null}
{"reset": false, "sequenceCounter": 4, "iteration": 34, "random": false, "killCell": false, "predictions": [1], "current": 9, "truth": 8}
{"reset": false, "sequenceCounter": 4, "iteration": 35, "random": false, "killCell": false, "predictions": [0], "current": 8, "truth": 3}
{"reset": false, "sequenceCounter": 4, "iteration": 36, "random": false, "killCell": false, "predictions": [8], "current": 3, "truth": 6}
{"reset": false, "sequenceCounter": 4, "iteration": 37, "random": false, "killCell": false, "predictions": [5], "current": 6, "truth": 7}
{"reset": false, "sequenceCounter": 4, "iteration": 38, "random": false, "killCell": false, "predictions": [9], "current": 7, "truth": 5}
{"reset": false, "sequenceCounter": 4, "iteration": 39, "random": false, "killCell": false, "predictions": [4], "current": 5, "truth": 2}
{"reset": false, "sequenceCounter": 4, "iteration": 40, "random": false, "killCell": false, "predictions": [7], "current": 2, "truth": 4}
{"reset": false, "sequenceCounter": 4, "iteration": 41, "random": true, "killCell": false, "predictions": [9], "current": 4, "truth": null}
{"reset": false, "sequenceCounter": 5, "iteration": 42, "random": false, "killCell": false, "predictions": [9], "current": 33516, "truth": null}
{"reset": false, "sequenceCounter": 5, "iteration": 43, "random": false, "killCell": false, "predictions": [2], "current": 0, "truth": 8}
{"reset": false, "sequenceCounter": 5, "iteration": 44, "random": false, "killCell": false, "predictions": [3], "current": 8, "truth": 3}
{"reset": false, "sequenceCounter": 5, "iteration": 45, "random": false, "killCell": false, "predictions": [2], "current": 3, "truth": 6}
{"reset": false, "sequenceCounter": 5, "iteration": 46, "random": false, "killCell": false, "predictions": [1], "current": 6, "truth": 7}
{"reset": false, "sequenceCounter": 5, "iteration": 47, "random": false, "killCell": false, "predictions": [2], "current": 7, "truth": 5}
{"reset": false, "sequenceCounter": 5, "iteration": 48, "random": false, "killCell": false, "predictions": [2], "current": 5, "truth": 2}
{"reset": false, "sequenceCounter": 5, "iteration": 49, "random": false, "killCell": false, "predictions": [5], "current": 2, "truth": 1}
{"reset": false, "sequenceCounter": 5, "iteration": 50, "random": true, "killCell": false, "predictions": [7], "current": 1, "truth": null}
{"reset": false, "sequenceCounter": 6, "iteration": 51, "random": false, "killCell": false, "predictions": [1], "current": 36971, "truth": null}
{"reset": false, "sequenceCounter": 6, "iteration": 52, "random": false, "killCell": false, "predictions": [6], "current": 4, "truth": 6}
{"reset": false, "sequenceCounter": 6, "iteration": 53, "random": false, "killCell": false, "predictions": [5], "current": 6, "truth": 3}
{"reset": false, "sequenceCounter": 6, "iteration": 54, "random": false, "killCell": false, "predictions": [3], "current": 3, "truth": 2}
{"reset": false, "sequenceCounter": 6, "iteration": 55, "random": false, "killCell": false, "predictions": [8], "current": 2, "truth": 0}
{"reset": false, "sequenceCounter": 6, "iteration": 56, "random": false, "killCell": false, "predictions": [0], "current": 0, "truth": 5}
{"reset": false, "sequenceCounter": 6, "iteration": 57, "random": false, "killCell": false, "predictions": [3], "current": 5, "truth": 7}
{"reset": false, "sequenceCounter": 6, "iteration": 58, "random": true, "killCell": false, "predictions": [4], "current": 7, "truth": null}
{"reset": false, "sequenceCounter": 7, "iteration": 59, "random": false, "killCell": false, "predictions": [5], "current": 17175, "truth": null}
{"reset": false, "sequenceCounter": 7, "iteration": 60, "random": false, "killCell": false, "predictions": [5], "current": 4, "truth": 6}
{"reset": false, "sequenceCounter": 7, "iteration": 61, "random": false, "killCell": false, "predictions": [2], "current": 6, "truth": 3}
{"reset": false, "sequenceCounter": 7, "iteration": 62, "random": false, "killCell": false, "predictions": [3], "current": 3, "truth": 2}
{"reset": false, "sequenceCounter": 7, "iteration": 63, "random": false, "killCell": false, "predictions": [2], "current": 2, "truth": 0}
{"reset": false, "sequenceCounter": 7, "iteration": 64, "random": false, "killCell": false, "predictions": [4], "current": 0, "truth": 5}
{"reset": false, "sequenceCounter": 7, "iteration": 65, "random": false, "killCell": false, "predictions": [4], "current": 5, "truth": 7}
{"reset": false, "sequenceCounter": 7, "iteration": 66, "random": true, "killCell": false, "predictions": [7], "current": 7, "truth": null}
{"reset": false, "sequenceCounter": 8, "iteration": 67, "random": false, "killCell": false, "predictions": [7], "current": 16209, "truth": null}
{"reset": false, "sequenceCounter": 8, "iteration": 68, "random": false, "killCell": false, "predictions": [5], "current": 1, "truth": 6}
{"reset": false, "sequenceCounter": 8, "iteration": 69, "random": false, "killCell": false, "predictions": [9], "current": 6, "truth": 3}
{"reset": false, "sequenceCounter": 8, "iteration": 70, "random": false, "killCell": false, "predictions": [4], "current": 3, "truth": 2}
{"reset": false, "sequenceCounter": 8, "iteration": 71, "random": false, "killCell": false, "predictions": [2], "current": 2, "truth": 0}
{"reset": false, "sequenceCounter": 8, "iteration": 72, "random": false, "killCell": false, "predictions": [9], "current": 0, "truth": 5}
{"reset": false, "sequenceCounter": 8, "iteration": 73, "random": false, "killCell": false, "predictions": [2], "current": 5, "truth": 9}
{"reset": false, "sequenceCounter": 8, "iteration": 74, "random": true, "killCell": false, "predictions": [1], "current": 9, "truth": null}
{"reset": false, "sequenceCounter": 9, "iteration": 75, "random": false, "killCell": false, "predictions": [2], "current": 8739, "truth": null}
{"reset": false, "sequenceCounter": 9, "iteration": 76, "random": false, "killCell": false, "predictions": [4], "current": 4, "truth": 5}
{"reset": false, "sequenceCounter": 9, "iteration": 77, "random": false, "killCell": false, "predictions": [9], "current": 5, "truth": 2}
{"reset": false, "sequenceCounter": 9, "iteration": 78, "random": false, "killCell": false, "predictions": [8], "current": 2, "truth": 0}
{"reset": false, "sequenceCounter": 9, "iteration": 79, "random": false, "killCell": false, "predictions": [3], "current": 0, "truth": 3}
{"reset": false, "sequenceCounter": 9, "iteration": 80, "random": false, "killCell": false, "predictions": [4], "current": 3, "truth": 6}
{"reset": false, "sequenceCounter": 9, "iteration": 81, "random": false, "killCell": false, "predictions": [7], "current": 6, "truth": 9}
{"reset": false, "sequenceCounter": 9, "iteration": 82, "random": true, "killCell": false, "predictions": [9], "current": 9, "truth": null}
{"reset": false, "sequenceCounter": 10, "iteration": 83, "random": false, "killCell": false, "predictions": [3], "current": 27542, "truth": null}
{"reset": false, "sequenceCounter": 10, "iteration": 84, "random": false, "killCell": false, "predictions": [2], "current": 4, "truth": 5}
{"reset": false, "sequenceCounter": 10, "iteration": 85, "random": false, "killCell": false, "predictions": [7], "current": 5, "truth": 2}
{"reset": false, "sequenceCounter": 10, "iteration": 86, "random": false, "killCell": false, "predictions": [5], "current": 2, "truth": 0}
{"reset": false, "sequenceCounter": 10, "iteration": 87, "random": false, "killCell": false, "predictions": [4], "current": 0, "truth": 3}
{"reset": false, "sequenceCounter": 10, "iteration": 88, "random": false, "killCell": false, "predictions": [1], "current": 3, "truth": 6}
{"reset": false, "sequenceCounter": 10, "iteration": 89, "random": false, "killCell": false, "predictions": [0], "current": 6, "truth": 9}
{"reset": false, "sequenceCounter": 10, "iteration": 90, "random": true, "killCell": false, "predictions": [4], "current": 9, "truth": null}
{"reset": false, "sequenceCounter": 11, "iteration": 91, "random": false, "killCell": false, "predictions": [2], "current": 29807, "truth": null}
{"reset": false, "sequenceCounter": 11, "iteration": 92, "random": false, "killCell": false, "predictions": [5], "current": 1, "truth": 6}
{"reset": false, "sequenceCounter": 11, "iteration": 93, "random": false, "killCell": false, "predictions": [0], "current": 6, "truth": 3}
{"reset": false, "sequenceCounter": 11, "iteration": 94, "random": false, "killCell": false, "predictions": [2], "current": 3, "truth": 2}
{"reset": false, "sequenceCounter": 11, "iteration": 95, "random": false, "killCell": false, "predictions": [5], "current": 2, "truth": 0}
{"reset": false, "sequenceCounter": 11, "iteration": 96, "random": false, "killCell": false, "predictions": [3], "current": 0, "truth": 5}
{"reset": false, "sequenceCounter": 11, "iteration": 97, "random": false, "killCell": false, "predictions": [2], "current": 5, "truth": 9}
{"reset": false, "sequenceCounter": 11, "iteration": 98, "random": true, "killCell": false, "predictions": [9], "current": 9, "truth": null}
{"reset": false, "sequenceCounter": 12, "iteration": 99, "random": false, "killCell": false, "predictions": [8], "current": 9176, "truth": null}
{"reset": false, "sequenceCounter": 12, "iteration": 100, "random": false, "killCell": false, "predictions": [5], "current": 4, "truth": 5}
{"reset": false, "sequenceCounter": 12, "iteration": 101, "random": false, "killCell": false, "predictions": [2], "current": 5, "truth": 2}
{"reset": false, "sequenceCounter": 12, "iteration": 102, "random": false, "killCell": false, "predictions": [0], "current": 2, "truth": 0}
{"reset": false, "sequenceCounter": 12, "iteration": 103, "random": false, "killCell": false, "predictions": [9], "current": 0, "truth": 3}
{"reset": false, "sequenceCounter": 12, "iteration": 104, "random": false, "killCell": false, "predictions": [9], "current": 3, "truth": 6}
{"reset": false, "sequenceCounter": 12, "iteration": 105, "random": false, "killCell": false, "predictions": [9], "current": 6, "truth": 9}
{"reset": false, "sequenceCounter": 12, "iteration": 106, "random": true, "killCell": false, "predictions": [5], "current": 9, "truth": null}
{"reset": false, "sequenceCounter": 13, "iteration": 107, "random": false, "killCell": false, "predictions": [8], "current": 25198, "truth": null}
{"reset": false, "sequenceCounter": 13, "iteration": 108, "random": false, "killCell": false, "predictions": [0], "current": 4, "truth": 6}
{"reset": false, "sequenceCounter": 13, "iteration": 109, "random": false, "killCell": false, "predictions": [3], "current": 6, "truth": 3}
{"reset": false, "sequenceCounter": 13, "iteration": 110, "random": false, "killCell": false, "predictions": [0], "current": 3, "truth": 2}
{"reset": false, "sequenceCounter": 13, "iteration": 111, "random": false, "killCell": false, "predictions": [6], "current": 2, "truth": 0}
{"reset": false, "sequenceCounter": 13, "iteration": 112, "random": false, "killCell": false, "predictions": [0], "current": 0, "truth": 5}
{"reset": false, "sequenceCounter": 13, "iteration": 113, "random": false, "killCell": false, "predictions": [9], "current": 5, "truth": 7}
{"reset": false, "sequenceCounter": 13, "iteration": 114, "random": true, "killCell": false, "predictions": [2], "current": 7, "truth": null}
{"reset": false, "sequenceCounter": 14, "iteration": 115, "random": false, "killCell": false, "predictions": [1], "current": 17324, "truth": null}
{"reset": false, "sequenceCounter": 14, "iteration": 116, "random": false, "killCell": false, "predictions": [4], "current": 0, "truth": 2}
{"reset": false, "sequenceCounter": 14, "iteration": 117, "random": false, "killCell": false, "predictions": [0], "current": 2, "truth": 5}
{"reset": false, "sequenceCounter": 14, "iteration": 118, "random": false, "killCell": false, "predictions": [2], "current": 5, "truth": 7}
{"reset": false, "sequenceCounter": 14, "iteration": 119, "random": false, "killCell": false, "predictions": [4], "current": 7, "truth": 6}
{"reset": false, "sequenceCounter": 14, "iteration": 120, "random": false, "killCell": false, "predictions": [0], "current": 6, "truth": 3}
{"reset": false, "sequenceCounter": 14, "iteration": 121, "random": false, "killCell": false, "predictions": [6], "current": 3, "truth": 8}
{"reset": false, "sequenceCounter": 14, "iteration": 122, "random": false, "killCell": false, "predictions": [7], "current": 8, "truth": 4}
{"reset": false, "sequenceCounter": 14, "iteration": 123, "random": true, "killCell": false, "predictions": [0], "current": 4, "truth": null}
{"reset": false, "sequenceCounter": 15, "iteration": 124, "random": false, "killCell": false, "predictions": [6], "current": 49795, "truth": null}
{"reset": false, "sequenceCounter": 15, "iteration": 125, "random": false, "killCell": false, "predictions": [8], "current": 0, "truth": 2}
{"reset": false, "sequenceCounter": 15, "iteration": 126, "random": false, "killCell": false, "predictions": [2], "current": 2, "truth": 5}
{"reset": false, "sequenceCounter": 15, "iteration": 127, "random": false, "killCell": false, "predictions": [3], "current": 5, "truth": 7}
{"reset": false, "sequenceCounter": 15, "iteration": 128, "random": false, "killCell": false, "predictions": [5], "current": 7, "truth": 6}
{"reset": false, "sequenceCounter": 15, "iteration": 129, "random": false, "killCell": false, "predictions": [9], "current": 6, "truth": 3}
{"reset": false, "sequenceCounter": 15, "iteration": 130, "random": false, "killCell": false, "predictions": [3], "current": 3, "truth": 8}
{"reset": false, "sequenceCounter": 15, "iteration": 131, "random": false, "killCell": false, "predictions": [8], "current": 8, "truth": 4}
{"reset": false, "sequenceCounter": 15, "iteration": 132, "random": true, "killCell": false, "predictions": [0], "current": 4, "truth": null}
{"reset": false, "sequenceCounter": 16, "iteration": 133, "random": false, "killCell": false, "predictions": [6], "current": 53039, "truth": null}
{"reset": false, "sequenceCounter": 16, "iteration": 134, "random": false, "killCell": false, "predictions": [2], "current": 4, "truth": 5}
{"reset": false, "sequenceCounter": 16, "iteration": 135, "random": false, "killCell": false, "predictions": [9], "current": 5, "truth": 2}
{"reset": false, "sequenceCounter": 16, "iteration": 136, "random": false, "killCell": false, "predictions": [5], "current": 2, "truth": 0}
{"reset": false, "sequenceCounter": 16, "iteration": 137, "random": false, "killCell": false, "predictions": [0], "current": 0, "truth": 3}
{"reset": false, "sequenceCounter": 16, "iteration": 138, "random": false, "killCell": false, "predictions": [6], "current": 3, "truth": 6}
{"reset": false, "sequenceCounter": 16, "iteration": 139, "random": false, "killCell": false, "predictions": [3], "current": 6, "truth": 9}
{"reset": false, "sequenceCounter": 16, "iteration": 140, "random": true, "killCell": false, "predictions": [9], "current": 9, "truth": null}
{"reset": false, "sequenceCounter": 17, "iteration": 141, "random": false, "killCell": false, "predictions": [2], "current": 29691, "truth": null}
{"reset": false, "sequenceCounter": 17, "iteration": 142, "random": false, "killCell": false, "predictions": [4], "current": 9, "truth": 8}
{"reset": false, "sequenceCounter": 17, "iteration": 143, "random": false, "killCell": false, "predictions": [7], "current": 8, "truth": 3}
{"reset": false, "sequenceCounter": 17, "iteration": 144, "random": false, "killCell": false, "predictions": [3], "current": 3, "truth": 6}
{"reset": false, "sequenceCounter": 17, "iteration": 145, "random": false, "killCell": false, "predictions": [2], "current": 6, "truth": 7}
{"reset": false, "sequenceCounter": 17, "iteration": 146, "random": false, "killCell": false, "predictions": [9], "current": 7, "truth": 5}
{"reset": false, "sequenceCounter": 17, "iteration": 147, "random": false, "killCell": false, "predictions": [3], "current": 5, "truth": 2}
{"reset": false, "sequenceCounter": 17, "iteration": 148, "random": false, "killCell": false, "predictions": [1], "current": 2, "truth": 4}
{"reset": false, "sequenceCounter": 17, "iteration": 149, "random": true, "killCell": false, "predictions": [1], "current": 4, "truth": null}
{"reset": false, "sequenceCounter": 18, "iteration": 150, "random": false, "killCell": false, "predictions": [2], "current": 30866, "truth": null}
{"reset": false, "sequenceCounter": 18, "iteration": 151, "random": false, "killCell": false, "predictions": [9], "current": 9, "truth": 2}
{"reset": false, "sequenceCounter": 18, "iteration": 152, "random": false, "killCell": false, "predictions": [1], "current": 2, "truth": 5}
{"reset": false, "sequenceCounter": 18, "iteration": 153, "random": false, "killCell": false, "predictions": [1], "current": 5, "truth": 7}
{"reset": false, "sequenceCounter": 18, "iteration": 154, "random": false, "killCell": false, "predictions": [7], "current": 7, "truth": 6}
{"reset": false, "sequenceCounter": 18, "iteration": 155, "random": false, "killCell": false, "predictions": [9], "current": 6, "truth": 3}
{"reset": false, "sequenceCounter": 18, "iteration": 156, "random": false, "killCell": false, "predictions": [2], "current": 3, "truth": 8}
{"reset": false, "sequenceCounter": 18, "iteration": 157, "random": false, "killCell": false, "predictions": [1], "current": 8, "truth": 1}
{"reset": false, "sequenceCounter": 18, "iteration": 158, "random": true, "killCell": false, "predictions": [8], "current": 1, "truth": null}
{"reset": false, "sequenceCounter": 19, "iteration": 159, "random": false, "killCell": false, "predictions": [4], "current": 46190, "truth": null}
{"reset": false, "sequenceCounter": 19, "iteration": 160, "random": false, "killCell": false, "predictions": [9], "current": 4, "truth": 5}
{"reset": false, "sequenceCounter": 19, "iteration": 161, "random": false, "killCell": false, "predictions": [7], "current": 5, "truth": 2}
{"reset": false, "sequenceCounter": 19, "iteration": 162, "random": false, "killCell": false, "predictions": [4], "current": 2, "truth": 0}
{"reset": false, "sequenceCounter": 19, "iteration": 163, "random": false, "killCell": false, "predictions": [7], "current": 0, "truth": 3}
{"reset": false, "sequenceCounter": 19, "iteration": 164, "random": false, "killCell": false, "predictions": [6], "current": 3, "truth": 6}
{"reset": false, "sequenceCounter": 19, "iteration": 165, "random": false, "killCell": false, "predictions": [2], "current": 6, "truth": 9}
{"reset": false, "sequenceCounter": 19, "iteration": 166, "random": true, "killCell": false, "predictions": [6], "current": 9, "truth": null}
{"reset": false, "sequenceCounter": 20, "iteration": 167, "random": false, "killCell": false, "predictions": [8], "current": 24725, "truth": null}
{"reset": false, "sequenceCounter": 20, "iteration": 168, "random": false, "killCell": false, "predictions": [6], "current": 4, "truth": 6}
{"reset": false, "sequenceCounter": 20, "iteration": 169, "random": false, "killCell": false, "predictions": [3], "current": 6, "truth": 3}
{"reset": false, "sequenceCounter": 20, "iteration": 170, "random": false, "killCell": false, "predictions": [0], "current": 3, "truth": 2}
{"reset": false, "sequenceCounter": 20, "iteration": 171, "random": false, "killCell": false, "predictions": [0], "current": 2, "truth": 0}
{"reset": false, "sequenceCounter": 20, "iteration": 172, "random": false, "killCell": false, "predictions": [5], "current": 0, "truth": 5}
{"reset": false, "sequenceCounter": 20, "iteration": 173, "random": false, "killCell": false, "predictions": [0], "current": 5, "truth": 7}
{"reset": false, "sequenceCounter": 20, "iteration": 174, "random": true, "killCell": false, "predictions": [6], "current": 7, "truth": null}
{"reset": false, "sequenceCounter": 21, "iteration": 175, "random": false, "killCell": false, "predictions": [2], "current": 16441, "truth": null}
{"reset": false, "sequenceCounter": 21, "iteration": 176, "random": false, "killCell": false, "predictions": [3], "current": 4, "truth": 5}
{"reset": false, "sequenceCounter": 21, "iteration": 177, "random": false, "killCell": false, "predictions": [6], "current": 5, "truth": 2}
{"reset": false, "sequenceCounter": 21, "iteration": 178, "random": false, "killCell": false, "predictions": [7], "current": 2, "truth": 0}
{"reset": false, "sequenceCounter": 21, "iteration": 179, "random": false, "killCell": false, "predictions": [9], "current": 0, "truth": 3}
{"reset": false, "sequenceCounter": 21, "iteration": 180, "random": false, "killCell": false, "predictions": [6], "current": 3, "truth": 6}
{"reset": false, "sequenceCounter": 21, "iteration": 181, "random": false, "killCell": false, "predictions": [0], "current": 6, "truth": 9}
{"reset": false, "sequenceCounter": 21, "iteration": 182, "random": true, "killCell": false, "predictions": [5], "current": 9, "truth": null}
{"reset": false, "sequenceCounter": 22, "iteration": 183, "random": false, "killCell": false, "predictions": [4], "current": 27197, "truth": null}
{"reset": false, "sequenceCounter": 22, "iteration": 184, "random": false, "killCell": false, "predictions": [8], "current": 1, "truth": 6}
{"reset": false, "sequenceCounter": 22, "iteration": 185, "random": false, "killCell": false, "predictions": [5], "current": 6, "truth": 3}
{"reset": false, "sequenceCounter": 22, "iteration": 186, "random": false, "killCell": false, "predictions": [0], "current": 3, "truth": 2}
{"reset": false, "sequenceCounter": 22, "iteration": 187, "random": false, "killCell": false, "predictions": [0], "current": 2, "truth": 0}
{"reset": false, "sequenceCounter": 22, "iteration": 188, "random": false, "killCell": false, "predictions": [5], "current": 0, "truth": 5}
{"reset": false, "sequenceCounter": 22, "iteration": 189, "random": false, "killCell": false, "predictions": [9], "current": 5, "truth": 9}
{"reset": false, "sequenceCounter": 22, "iteration": 190, "random": true, "killCell": false, "predictions": [9], "current": 9, "truth": null}
{"reset": false, "sequenceCounter": 23, "iteration": 191, "random": false, "killCell": false, "predictions": [4], "current": 10397, "truth": null}
{"reset": false, "sequenceCounter": 23, "iteration": 192, "random": false, "killCell": false, "predictions": [7], "current": 9, "truth": 2}
{"reset": false, "sequenceCounter": 23, "iteration": 193, "random": false, "killCell": false, "predictions": [8], "current": 2, "truth": 5}
{"reset": false, "sequenceCounter": 23, "iteration": 194, "random": false, "killCell": false, "predictions": [7], "current": 5, "truth": 7}
{"reset": false, "sequenceCounter": 23, "iteration": 195, "random": false, "killCell": false, "predictions": [0], "current": 7, "truth": 6}
{"reset": false, "sequenceCounter": 23, "iteration": 196, "random": false, "killCell": false, "predictions": [7], "current": 6, "truth": 3}
{"reset": false, "sequenceCounter": 23, "iteration": 197, "random": false, "killCell": false, "predictions": [1], "current": 3, "truth": 8}
{"reset": false, "sequenceCounter": 23, "iteration": 198, "random": false, "killCell": false, "predictions": [0], "current": 8, "truth": 1}
{"reset": false, "sequenceCounter": 23, "iteration": 199, "random": true, "killCell": false, "predictions": [0], "current": 1, "truth": null}
{"reset": false, "sequenceCounter": 24, "iteration": 200, "random": false, "killCell": false, "predictions": [3], "current": 42958, "truth": null}
{"reset": false, "sequenceCounter": 24, "iteration": 201, "random": false, "killCell": false, "predictions": [5], "current": 1, "truth": 6}
{"reset": false, "sequenceCounter": 24, "iteration": 202, "random": false, "killCell": false, "predictions": [9], "current": 6, "truth": 3}
{"reset": false, "sequenceCounter": 24, "iteration": 203, "random": false, "killCell": false, "predictions": [8], "current": 3, "truth": 2}
{"reset": false, "sequenceCounter": 24, "iteration": 204, "random": false, "killCell": false, "predictions": [1], "current": 2, "truth": 0}
{"reset": false, "sequenceCounter": 24, "iteration": 205, "random": false, "killCell": false, "predictions": [7], "current": 0, "truth": 5}
{"reset": false, "sequenceCounter": 24, "iteration": 206, "random": false, "killCell": false, "predictions": [9], "current": 5, "truth": 9}
{"reset": false, "sequenceCounter": 24, "iteration": 207, "random": true, "killCell": false, "predictions": [5], "current": 9, "truth": null}
{"reset": false, "sequenceCounter": 25, "iteration": 208, "random": false, "killCell": false, "predictions": [4], "current": 7280, "truth": null}
{"reset": false, "sequenceCounter": 25, "iteration": 209, "random": false, "killCell": false, "predictions": [8], "current": 1, "truth": 5}
{"reset": false, "sequenceCounter": 25, "iteration": 210, "random": false, "killCell": false, "predictions": [2], "current": 5, "truth": 2}
{"reset": false, "sequenceCounter": 25, "iteration": 211, "random": false, "killCell": false, "predictions": [8], "current": 2, "truth": 0}
{"reset": false, "sequenceCounter": 25, "iteration": 212, "random": false, "killCell": false, "predictions": [7], "current": 0, "truth": 3}
{"reset": false, "sequenceCounter": 25, "iteration": 213, "random": false, "killCell": false, "predictions": [6], "current": 3, "truth": 6}
{"reset": false, "sequenceCounter": 25, "iteration": 214, "random": false, "killCell": false, "predictions": [0], "current": 6, "truth": 7}
{"reset": false, "sequenceCounter": 25, "iteration": 215, "random": true, "killCell": false, "predictions": [1], "current": 7, "truth": null}
{"reset": false, "sequenceCounter": 26, "iteration": 216, "random": false, "killCell": false, "predictions": [6], "current": 18953, "truth": null}
{"reset": false, "sequenceCounter": 26, "iteration": 217, "random": false, "killCell": false, "predictions": [5], "current": 9, "truth": 2}
{"reset": false, "sequenceCounter": 26, "iteration": 218, "random": false, "killCell": false, "predictions": [5], "current": 2, "truth": 5}
{"reset": false, "sequenceCounter": 26, "iteration": 219, "random": false, "killCell": false, "predictions": [8], "current": 5, "truth": 7}
{"reset": false, "sequenceCounter": 26, "iteration": 220, "random": false, "killCell": false, "predictions": [6], "current": 7, "truth": 6}
{"reset": false, "sequenceCounter": 26, "iteration": 221, "random": false, "killCell": false, "predictions": [1], "current": 6, "truth": 3}
{"reset": false, "sequenceCounter": 26, "iteration": 222, "random": false, "killCell": false, "predictions": [5], "current": 3, "truth": 8}
{"reset": false, "sequenceCounter": 26, "iteration": 223, "random": false, "killCell": false, "predictions": [4], "current": 8, "truth": 1}
{"reset": false, "sequenceCounter": 26, "iteration": 224, "random": true, "killCell": false, "predictions": [6], "current": 1, "truth": null}
{"reset": false, "sequenceCounter": 27, "iteration": 225, "random": false, "killCell": false, "predictions": [7], "current": 47937, "truth": null}
{"reset": false, "sequenceCounter": 27, "iteration": 226, "random": false, "killCell": false, "predictions": [5], "current": 0, "truth": 8}
{"reset": false, "sequenceCounter": 27, "iteration": 227, "random": false, "killCell": false, "predictions": [7], "current": 8, "truth": 3}
{"reset": false, "sequenceCounter": 27, "iteration": 228, "random": false, "killCell": false, "predictions": [0], "current": 3, "truth": 6}
{"reset": false, "sequenceCounter": 27, "iteration": 229, "random": false, "killCell": false, "predictions": [8], "current": 6, "truth": 7}
{"reset": false, "sequenceCounter": 27, "iteration": 230, "random": false, "killCell": false, "predictions": [0], "current": 7, "truth": 5}
{"reset": false, "sequenceCounter": 27, "iteration": 231, "random": false, "killCell": false, "predictions": [1], "current": 5, "truth": 2}
{"reset": false, "sequenceCounter": 27, "iteration": 232, "random": false, "killCell": false, "predictions": [1], "current": 2, "truth": 1}
{"reset": false, "sequenceCounter": 27, "iteration": 233, "random": true, "killCell": false, "predictions": [5], "current": 1, "truth": null}
{"reset": false, "sequenceCounter": 28, "iteration": 234, "random": false, "killCell": false, "predictions": [3], "current": 40002, "truth": null}
{"reset": false, "sequenceCounter": 28, "iteration": 235, "random": false, "killCell": false, "predictions": [1], "current": 1, "truth": 5}
{"reset": false, "sequenceCounter": 28, "iteration": 236, "random": false, "killCell": false, "predictions": [6], "current": 5, "truth": 2}
{"reset": false, "sequenceCounter": 28, "iteration": 237, "random": false, "killCell": false, "predictions": [2], "current": 2, "truth": 0}
{"reset": false, "sequenceCounter": 28, "iteration": 238, "random": false, "killCell": false, "predictions": [1], "current": 0, "truth": 3}
{"reset": false, "sequenceCounter": 28, "iteration": 239, "random": false, "killCell": false, "predictions": [7], "current": 3, "truth": 6}
{"reset": false, "sequenceCounter": 28, "iteration": 240, "random": false, "killCell": false, "predictions": [5], "current": 6, "truth": 7}
{"reset": false, "sequenceCounter": 28, "iteration": 241, "random": true, "killCell": false, "predictions": [5], "current": 7, "truth": null}
{"reset": false, "sequenceCounter": 29, "iteration": 242, "random": false, "killCell": false, "predictions": [1], "current": 22092, "truth": null}
{"reset": false, "sequenceCounter": 29, "iteration": 243, "random": false, "killCell": false, "predictions": [3], "current": 1, "truth": 5}
{"reset": false, "sequenceCounter": 29, "iteration": 244, "random": false, "killCell": false, "predictions": [2], "current": 5, "truth": 2}
{"reset": false, "sequenceCounter": 29, "iteration": 245, "random": false, "killCell": false, "predictions": [5], "current": 2, "truth": 0}
{"reset": false, "sequenceCounter": 29, "iteration": 246, "random": false, "killCell": false, "predictions": [6], "current": 0, "truth": 3}
{"reset": false, "sequenceCounter": 29, "iteration": 247, "random": false, "killCell": false, "predictions": [6], "current": 3, "truth": 6}
{"reset": false, "sequenceCounter": 29, "iteration": 248, "random": false, "killCell": false, "predictions": [7], "current": 6, "truth": 7}
{"reset": false, "sequenceCounter": 29, "iteration": 249, "random": true, "killCell": false, "predictions": [4], "current": 7, "truth": null}
{"reset": false, "sequenceCounter": 30, "iteration": 250, "random": false, "killCell": false, "predictions": [2], "current": 21767, "truth": null}
{"reset": false, "sequenceCounter": 30, "iteration": 251, "random": false, "killCell": false, "predictions": [1], "current": 4, "truth": 5}
{"reset": false, "sequenceCounter": 30, "iteration": 252, "random": false, "killCell": false, "predictions": [5], "current": 5, "truth": 2}
{"reset": false, "sequenceCounter": 30, "iteration": 253, "random": false, "killCell": false, "predictions": [2], "current": 2, "truth": 0}
{"reset": false, "sequenceCounter": 30, "iteration": 254, "random": false, "killCell": false, "predictions": [3], "current": 0, "truth": 3}
{"reset": false, "sequenceCounter": 30, "iteration": 255, "random": false, "killCell": false, "predictions": [6], "current": 3, "truth": 6}
{"reset": false, "sequenceCounter": 30, "iteration": 256, "random": false, "killCell": false, "predictions": [6], "current": 6, "truth": 9}
{"reset": false, "sequenceCounter": 30, "iteration": 257, "random": true, "killCell": false, "predictions": [7], "current": 9, "truth": null}
{"reset": false, "sequenceCounter": 31, "iteration": 258, "random": false, "killCell": false, "predictions": [5], "current": 24377, "truth": null}
{"reset": false, "sequenceCounter": 31, "iteration": 259, "random": false, "killCell": false, "predictions": [4], "current": 0, "truth": 8}
{"reset": false, "sequenceCounter": 31, "iteration": 260, "random": false, "killCell": false, "predictions": [7], "current": 8, "truth": 3}
{"reset": false, "sequenceCounter": 31, "iteration": 261, "random": false, "killCell": false, "predictions": [2], "current": 3, "truth": 6}
{"reset": false, "sequenceCounter": 31, "iteration": 262, "random": false, "killCell": false, "predictions": [7], "current": 6, "truth": 7}
{"reset": false, "sequenceCounter": 31, "iteration": 263, "random": false, "killCell": false, "predictions": [9], "current": 7, "truth": 5}
{"reset": false, "sequenceCounter": 31, "iteration": 264, "random": false, "killCell": false, "predictions": [2], "current": 5, "truth": 2}
{"reset": false, "sequenceCounter": 31, "iteration": 265, "random": false, "killCell": false, "predictions": [5], "current": 2, "truth": 1}
{"reset": false, "sequenceCounter": 31, "iteration": 266, "random": true, "killCell": false, "predictions": [9], "current": 1, "truth": null}
{"reset": false, "sequenceCounter": 32, "iteration": 267, "random": false, "killCell": false, "predictions": [9], "current": 37682, "truth": null}
{"reset": false, "sequenceCounter": 32, "iteration": 268, "random": false, "killCell": false, "predictions": [6], "current": 4, "truth": 6}
{"reset": false, "sequenceCounter": 32, "iteration": 269, "random": false, "killCell": false, "predictions": [3], "current": 6, "truth": 3}
{"reset": false, "sequenceCounter": 32, "iteration": 270, "random": false, "killCell": false, "predictions": [0], "current": 3, "truth": 2}
{"reset": false, "sequenceCounter": 32, "iteration": 271, "random": false, "killCell": false, "predictions": [5], "current": 2, "truth": 0}
{"reset": false, "sequenceCounter": 32, "iteration": 272, "random": false, "killCell": false, "predictions": [2], "current": 0, "truth": 5}
{"reset": false, "sequenceCounter": 32, "iteration": 273, "random": false, "killCell": false, "predictions": [7], "current": 5, "truth": 7}
{"reset": false, "sequenceCounter": 32, "iteration": 274, "random": true, "killCell": false, "predictions": [0], "current": 7, "truth": null}
{"reset": false, "sequenceCounter": 33, "iteration": 275, "random": false, "killCell": false, "predictions": [4], "current": 14884, "truth": null}
{"reset": false, "sequenceCounter": 33, "iteration": 276, "random": false, "killCell": false, "predictions": [3], "current": 9, "truth": 2}
{"reset": false, "sequenceCounter": 33, "iteration": 277, "random": false, "killCell": false, "predictions": [5], "current": 2, "truth": 5}
{"reset": false, "sequenceCounter": 33, "iteration": 278, "random": false, "killCell": false, "predictions": [7], "current": 5, "truth": 7}
{"reset": false, "sequenceCounter": 33, "iteration": 279, "random": false, "killCell": false, "predictions": [6], "current": 7, "truth": 6}
{"reset": false, "sequenceCounter": 33, "iteration": 280, "random": false, "killCell": false, "predictions": [6], "current": 6, "truth": 3}
{"reset": false, "sequenceCounter": 33, "iteration": 281, "random": false, "killCell": false, "predictions": [6], "current": 3, "truth": 8}
{"reset": false, "sequenceCounter": 33, "iteration": 282, "random": false, "killCell": false, "predictions": [8], "current": 8, "truth": 1}
{"reset": false, "sequenceCounter": 33, "iteration": 283, "random": true, "killCell": false, "predictions": [4], "current": 1, "truth": null}
{"reset": false, "sequenceCounter": 34, "iteration": 284, "random": false, "killCell": false, "predictions": [5], "current": 42982, "truth": null}
{"reset": false, "sequenceCounter": 34, "iteration": 285, "random": false, "killCell": false, "predictions": [8], "current": 1, "truth": 6}
{"reset": false, "sequenceCounter": 34, "iteration": 286, "random": false, "killCell": false, "predictions": [0], "current": 6, "truth": 3}
{"reset": false, "sequenceCounter": 34, "iteration": 287, "random": false, "killCell": false, "predictions": [9], "current": 3, "truth": 2}
{"reset": false, "sequenceCounter": 34, "iteration": 288, "random": false, "killCell": false, "predictions": [0], "current": 2, "truth": 0}
{"reset": false, "sequenceCounter": 34, "iteration": 289, "random": false, "killCell": false, "predictions": [5], "current": 0, "truth": 5}
{"reset": false, "sequenceCounter": 34, "iteration": 290, "random": false, "killCell": false, "predictions": [5], "current": 5, "truth": 9}
{"reset": false, "sequenceCounter": 34, "iteration": 291, "random": true, "killCell": false, "predictions": [7], "current": 9, "truth": null}
{"reset": false, "sequenceCounter": 35, "iteration": 292, "random": false, "killCell": false, "predictions": [6], "current": 6641, "truth": null}
{"reset": false, "sequenceCounter": 35, "iteration": 293, "random": false, "killCell": false, "predictions": [2], "current": 9, "truth": 2}
{"reset": false, "sequenceCounter": 35, "iteration": 294, "random": false, "killCell": false, "predictions": [5], "current": 2, "truth": 5}
{"reset": false, "sequenceCounter": 35, "iteration": 295, "random": false, "killCell": false, "predictions": [1], "current": 5, "truth": 7}
{"reset": false, "sequenceCounter": 35, "iteration": 296, "random": false, "killCell": false, "predictions": [6], "current": 7, "truth": 6}
{"reset": false, "sequenceCounter": 35, "iteration": 297, "random": false, "killCell": false, "predictions": [3], "current": 6, "truth": 3}
{"reset": false, "sequenceCounter": 35, "iteration": 298, "random": false, "killCell": false, "predictions": [8], "current": 3, "truth": 8}
{"reset": false, "sequenceCounter": 35, "iteration": 299, "random": false, "killCell": false, "predictions": [1], "current": 8, "truth": 1}
{"reset": false, "sequenceCounter": 35, "iteration": 300, "random": true, "killCell": false, "predictions": [5], "current": 1, "truth": null}
{"reset": false, "sequenceCounter": 36, "iteration": 301, "random": false, "killCell": false, "predictions": [0], "current": 43400, "truth": null}
{"reset": false, "sequenceCounter": 36, "iteration": 302, "random": false, "killCell": false, "predictions": [6], "current": 4, "truth": 5}
{"reset": false, "sequenceCounter": 36, "iteration": 303, "random": false, "killCell": false, "predictions": [7], "current": 5, "truth": 2}
{"reset": false, "sequenceCounter": 36, "iteration": 304, "random": false, "killCell": false, "predictions": [0], "current": 2, "truth": 0}
{"reset": false, "sequenceCounter": 36, "iteration": 305, "random": false, "killCell": false, "predictions": [7], "current": 0, "truth": 3}
{"reset": false, "sequenceCounter": 36, "iteration": 306, "random": false, "killCell": false, "predictions": [6], "current": 3, "truth": 6}
{"reset": false, "sequenceCounter": 36, "iteration": 307, "random": false, "killCell": false, "predictions": [2], "current": 6, "truth": 9}
{"reset": false, "sequenceCounter": 36, "iteration": 308, "random": true, "killCell": false, "predictions": [0], "current": 9, "truth": null}
{"reset": false, "sequenceCounter": 37, "iteration": 309, "random": false, "killCell": false, "predictions": [1], "current": 24936, "truth": null}
{"reset": false, "sequenceCounter": 37, "iteration": 310, "random": false, "killCell": false, "predictions": [7], "current": 1, "truth": 6}
{"reset": false, "sequenceCounter": 37, "iteration": 311, "random": false, "killCell": false, "predictions": [3], "current": 6, "truth": 3}
{"reset": false, "sequenceCounter": 37, "iteration": 312, "random": false, "killCell": false, "predictions": [7], "current": 3, "truth": 2}
{"reset": false, "sequenceCounter": 37, "iteration": 313, "random": false, "killCell": false, "predictions": [8], "current": 2, "truth": 0}
{"reset": false, "sequenceCounter": 37, "iteration": 314, "random": false, "killCell": false, "predictions": [5], "current": 0, "truth": 5}
{"reset": false, "sequenceCounter": 37, "iteration": 315, "random": false, "killCell": false, "predictions": [8], "current": 5, "truth": 9}
{"reset": false, "sequenceCounter": 37, "iteration": 316, "random": true, "killCell": false, "predictions": [1], "current": 9, "truth": null}
{"reset": false, "sequenceCounter": 38, "iteration": 317, "random": false, "killCell": false, "predictions": [8], "current": 8172, "truth": null}
{"reset": false, "sequenceCounter": 38, "iteration": 318, "random": false, "killCell": false, "predictions": [1], "current": 4, "truth": 5}
{"reset": false, "sequenceCounter": 38, "iteration": 319, "random": false, "killCell": false, "predictions": [2], "current": 5, "truth": 2}
{"reset": false, "sequenceCounter": 38, "iteration": 320, "random": false, "killCell": false, "predictions": [0], "current": 2, "truth": 0}
{"reset": false, "sequenceCounter": 38, "iteration": 321, "random": false, "killCell": false, "predictions": [3], "current": 0, "truth": 3}
{"reset": false, "sequenceCounter": 38, "iteration": 322, "random": false, "killCell": false, "predictions": [8], "current": 3, "truth": 6}
{"reset": false, "sequenceCounter": 38, "iteration": 323, "random": false, "killCell": false, "predictions": [8], "current": 6, "truth": 9}
{"reset": false, "sequenceCounter": 38, "iteration": 324, "random": true, "killCell": false, "predictions": [1], "current": 9, "truth": null}
{"reset": false, "sequenceCounter": 39, "iteration": 325, "random": false, "killCell": false, "predictions": [4], "current": 28109, "truth": null}
{"reset": false, "sequenceCounter": 39, "iteration": 326, "random": false, "killCell": false, "predictions": [5], "current": 9, "truth": 8}
{"reset": false, "sequenceCounter": 39, "iteration": 327, "random": false, "killCell": false, "predictions": [3], "current": 8, "truth": 3}
{"reset": false, "sequenceCounter": 39, "iteration": 328, "random": false, "killCell": false, "predictions": [6], "current": 3, "truth": 6}
{"reset": false, "sequenceCounter": 39, "iteration": 329, "random": false, "killCell": false, "predictions": [7], "current": 6, "truth": 7}
{"reset": false, "sequenceCounter": 39, "iteration": 330, "random": false, "killCell": false, "predictions": [2], "current": 7, "truth": 5}
{"reset": false, "sequenceCounter": 39, "iteration": 331, "random": false, "killCell": false, "predictions": [2], "current": 5, "truth": 2}
{"reset": false, "sequenceCounter": 39, "iteration": 332, "random": false, "killCell": false, "predictions": [4], "current": 2, "truth": 4}
{"reset": false, "sequenceCounter": 39, "iteration": 333, "random": true, "killCell": false, "predictions": [9], "current": 4, "truth": null}
{"reset": false, "sequenceCounter": 40, "iteration": 334, "random": false, "killCell": false, "predictions": [4], "current": 32537, "truth": null}
{"reset": false, "sequenceCounter": 40, "iteration": 335, "random": false, "killCell": false, "predictions": [0], "current": 0, "truth": 2}
{"reset": false, "sequenceCounter": 40, "iteration": 336, "random": false, "killCell": false, "predictions": [5], "current": 2, "truth": 5}
{"reset": false, "sequenceCounter": 40, "iteration": 337, "random": false, "killCell": false, "predictions": [0], "current": 5, "truth": 7}
{"reset": false, "sequenceCounter": 40, "iteration": 338, "random": false, "killCell": false, "predictions": [6], "current": 7, "truth": 6}
{"reset": false, "sequenceCounter": 40, "iteration": 339, "random": false, "killCell": false, "predictions": [3], "current": 6, "truth": 3}
{"reset": false, "sequenceCounter": 40, "iteration": 340, "random": false, "killCell": false, "predictions": [3], "current": 3, "truth": 8}
{"reset": false, "sequenceCounter": 40, "iteration": 341, "random": false, "killCell": false, "predictions": [0], "current": 8, "truth": 4}
{"reset": false, "sequenceCounter": 40, "iteration": 342, "random": true, "killCell": false, "predictions": [0], "current": 4, "truth": null}
{"reset": false, "sequenceCounter": 41, "iteration": 343, "random": false, "killCell": false, "predictions": [4], "current": 51239, "truth": null}
{"reset": false, "sequenceCounter": 41, "iteration": 344, "random": false, "killCell": false, "predictions": [0], "current": 4, "truth": 6}
{"reset": false, "sequenceCounter": 41, "iteration": 345, "random": false, "killCell": false, "predictions": [3], "current": 6, "truth": 3}
{"reset": false, "sequenceCounter": 41, "iteration": 346, "random": false, "killCell": false, "predictions": [2], "current": 3, "truth": 2}
{"reset": false, "sequenceCounter": 41, "iteration": 347, "random": false, "killCell": false, "predictions": [0], "current": 2, "truth": 0}
{"reset": false, "sequenceCounter": 41, "iteration": 348, "random": false, "killCell": false, "predictions": [5], "current": 0, "truth": 5}
{"reset": false, "sequenceCounter": 41, "iteration": 349, "random": false, "killCell": false, "predictions": [2], "current": 5, "truth": 7}
{"reset": false, "sequenceCounter": 41, "iteration": 350, "random": true, "killCell": false, "predictions": [8], "current": 7, "truth": null}
{"reset": false, "sequenceCounter": 42, "iteration": 351, "random": false, "killCell": false, "predictions": [3], "current": 14377, "truth": null}
{"reset": false, "sequenceCounter": 42, "iteration": 352, "random": false, "killCell": false, "predictions": [0], "current": 9, "truth": 2}
{"reset": false, "sequenceCounter": 42, "iteration": 353, "random": false, "killCell": false, "predictions": [2], "current": 2, "truth": 5}
{"reset": false, "sequenceCounter": 42, "iteration": 354, "random": false, "killCell": false, "predictions": [6], "current": 5, "truth": 7}
{"reset": false, "sequenceCounter": 42, "iteration": 355, "random": false, "killCell": false, "predictions": [6], "current": 7, "truth": 6}
{"reset": false, "sequenceCounter": 42, "iteration": 356, "random": false, "killCell": false, "predictions": [3], "current": 6, "truth": 3}
{"reset": false, "sequenceCounter": 42, "iteration": 357, "random": false, "killCell": false, "predictions": [8], "current": 3, "truth": 8}
{"reset": false, "sequenceCounter": 42, "iteration": 358, "random": false, "killCell": false, "predictions": [1], "current": 8, "truth": 1}
{"reset": false, "sequenceCounter": 42, "iteration": 359, "random": true, "killCell": false, "predictions": [6], "current": 1, "truth": null}
{"reset": false, "sequenceCounter": 43, "iteration": 360, "random": false, "killCell": false, "predictions": [6], "current": 47897, "truth": null}
{"reset": false, "sequenceCounter": 43, "iteration": 361, "random": false, "killCell": false, "predictions": [2], "current": 0, "truth": 2}
{"reset": false, "sequenceCounter": 43, "iteration": 362, "random": false, "killCell": false, "predictions": [5], "current": 2, "truth": 5}
{"reset": false, "sequenceCounter": 43, "iteration": 363, "random": false, "killCell": false, "predictions": [1], "current": 5, "truth": 7}
{"reset": false, "sequenceCounter": 43, "iteration": 364, "random": false, "killCell": false, "predictions": [2], "current": 7, "truth": 6}
{"reset": false, "sequenceCounter": 43, "iteration": 365, "random": false, "killCell": false, "predictions": [9], "current": 6, "truth": 3}
{"reset": false, "sequenceCounter": 43, "iteration": 366, "random": false, "killCell": false, "predictions": [5], "current": 3, "truth": 8}
{"reset": false, "sequenceCounter": 43, "iteration": 367, "random": false, "killCell": false, "predictions": [0], "current": 8, "truth": 4}
{"reset": false, "sequenceCounter": 43, "iteration": 368, "random": true, "killCell": false, "predictions": [5], "current": 4, "truth": null}
{"reset": false, "sequenceCounter": 44, "iteration": 369, "random": false, "killCell": false, "predictions": [6], "current": 50991, "truth": null}
